2024-01-18 10:34:05,061 - mmdet - INFO - Environment info:
------------------------------------------------------------
sys.platform: linux
Python: 3.10.12 (main, Nov 20 2023, 15:14:05) [GCC 11.4.0]
CUDA available: True
GPU 0: Tesla T4
CUDA_HOME: /usr/local/cuda
NVCC: Cuda compilation tools, release 12.2, V12.2.140
GCC: x86_64-linux-gnu-gcc (Ubuntu 11.4.0-1ubuntu1~22.04) 11.4.0
PyTorch: 1.11.0+cu113
PyTorch compiling details: PyTorch built with:
  - GCC 7.3
  - C++ Version: 201402
  - Intel(R) Math Kernel Library Version 2020.0.0 Product Build 20191122 for Intel(R) 64 architecture applications
  - Intel(R) MKL-DNN v2.5.2 (Git Hash a9302535553c73243c632ad3c4c80beec3d19a1e)
  - OpenMP 201511 (a.k.a. OpenMP 4.5)
  - LAPACK is enabled (usually provided by MKL)
  - NNPACK is enabled
  - CPU capability usage: AVX2
  - CUDA Runtime 11.3
  - NVCC architecture flags: -gencode;arch=compute_37,code=sm_37;-gencode;arch=compute_50,code=sm_50;-gencode;arch=compute_60,code=sm_60;-gencode;arch=compute_70,code=sm_70;-gencode;arch=compute_75,code=sm_75;-gencode;arch=compute_80,code=sm_80;-gencode;arch=compute_86,code=sm_86
  - CuDNN 8.2
  - Magma 2.5.2
  - Build settings: BLAS_INFO=mkl, BUILD_TYPE=Release, CUDA_VERSION=11.3, CUDNN_VERSION=8.2.0, CXX_COMPILER=/opt/rh/devtoolset-7/root/usr/bin/c++, CXX_FLAGS= -Wno-deprecated -fvisibility-inlines-hidden -DUSE_PTHREADPOOL -fopenmp -DNDEBUG -DUSE_KINETO -DUSE_FBGEMM -DUSE_QNNPACK -DUSE_PYTORCH_QNNPACK -DUSE_XNNPACK -DSYMBOLICATE_MOBILE_DEBUG_HANDLE -DEDGE_PROFILER_USE_KINETO -O2 -fPIC -Wno-narrowing -Wall -Wextra -Werror=return-type -Wno-missing-field-initializers -Wno-type-limits -Wno-array-bounds -Wno-unknown-pragmas -Wno-sign-compare -Wno-unused-parameter -Wno-unused-function -Wno-unused-result -Wno-unused-local-typedefs -Wno-strict-overflow -Wno-strict-aliasing -Wno-error=deprecated-declarations -Wno-stringop-overflow -Wno-psabi -Wno-error=pedantic -Wno-error=redundant-decls -Wno-error=old-style-cast -fdiagnostics-color=always -faligned-new -Wno-unused-but-set-variable -Wno-maybe-uninitialized -fno-math-errno -fno-trapping-math -Werror=format -Wno-stringop-overflow, LAPACK_INFO=mkl, PERF_WITH_AVX=1, PERF_WITH_AVX2=1, PERF_WITH_AVX512=1, TORCH_VERSION=1.11.0, USE_CUDA=ON, USE_CUDNN=ON, USE_EXCEPTION_PTR=1, USE_GFLAGS=OFF, USE_GLOG=OFF, USE_MKL=ON, USE_MKLDNN=OFF, USE_MPI=OFF, USE_NCCL=ON, USE_NNPACK=ON, USE_OPENMP=ON, USE_ROCM=OFF, 

TorchVision: 0.12.0+cu113
OpenCV: 4.8.0
MMCV: 1.5.0
MMCV Compiler: GCC 7.3
MMCV CUDA Compiler: 11.3
MMDetection: 2.20.0+f3aac93
------------------------------------------------------------

2024-01-18 10:34:05,274 - mmdet - INFO - Distributed training: True
2024-01-18 10:34:05,599 - mmdet - INFO - Config:
model = dict(
    type='RetinaNet',
    backbone=dict(
        type='ResNet',
        depth=50,
        num_stages=4,
        out_indices=(0, 1, 2, 3),
        frozen_stages=1,
        norm_cfg=dict(type='BN', requires_grad=False),
        norm_eval=True,
        style='pytorch',
        init_cfg=dict(
            type='Pretrained',
            checkpoint='data/pretrain_models/resnet50-19c8e357.pth')),
    neck=dict(
        type='FPN',
        in_channels=[256, 512, 1024, 2048],
        out_channels=256,
        start_level=1,
        add_extra_convs='on_input',
        num_outs=5),
    bbox_head=dict(
        type='RetinaQualityEMAHead',
        num_classes=10,
        in_channels=256,
        stacked_convs=4,
        feat_channels=256,
        anchor_generator=dict(
            type='AnchorGenerator',
            octave_base_scale=4,
            scales_per_octave=3,
            ratios=[0.5, 1.0, 2.0],
            strides=[8, 16, 32, 64, 128]),
        bbox_coder=dict(
            type='DeltaXYWHBBoxCoder',
            target_means=[0.0, 0.0, 0.0, 0.0],
            target_stds=[1.0, 1.0, 1.0, 1.0]),
        loss_cls=dict(
            type='FocalLoss',
            use_sigmoid=True,
            gamma=2.0,
            alpha=0.25,
            loss_weight=1.0),
        loss_bbox=dict(type='L1Loss', loss_weight=1.0),
        base_momentum=0.99),
    train_cfg=dict(
        assigner=dict(
            type='MaxIoUAssigner',
            pos_iou_thr=0.5,
            neg_iou_thr=0.4,
            min_pos_iou=0,
            ignore_iof_thr=-1),
        allowed_border=-1,
        pos_weight=-1,
        debug=False),
    test_cfg=dict(
        nms_pre=5000,
        min_bbox_size=0,
        score_thr=0.05,
        nms=dict(type='nms', iou_threshold=0.5),
        max_per_img=100))
optimizer = dict(type='SGD', lr=0.01, momentum=0.9, weight_decay=0.0001)
optimizer_config = dict(grad_clip=dict(max_norm=35, norm_type=2))
lr_config = dict(
    policy='step',
    warmup='linear',
    warmup_iters=500,
    warmup_ratio=0.001,
    step=[20])
runner = dict(type='EpochBasedRunner', max_epochs=30)
checkpoint_config = dict(interval=30, max_keep_ckpts=1, by_epoch=True)
log_config = dict(
    interval=50, hooks=[dict(type='TextLoggerHook', by_epoch=False)])
custom_hooks = [dict(type='NumClassCheckHook')]
dist_params = dict(backend='nccl')
log_level = 'INFO'
load_from = None
resume_from = None
workflow = [('train', 1)]
mmdet_base = '../../_base_'
dataset_type = 'CocoDataset'
data_root = 'data/coco/'
img_norm_cfg = dict(
    mean=[123.675, 116.28, 103.53], std=[58.395, 57.12, 57.375], to_rgb=True)
train_pipeline = [
    dict(type='LoadImageFromFile'),
    dict(type='LoadAnnotations', with_bbox=True),
    dict(type='Resize', img_scale=(1333, 800), keep_ratio=True),
    dict(type='RandomFlip', flip_ratio=0.5),
    dict(
        type='Normalize',
        mean=[123.675, 116.28, 103.53],
        std=[58.395, 57.12, 57.375],
        to_rgb=True),
    dict(type='Pad', size_divisor=32),
    dict(type='DefaultFormatBundle'),
    dict(type='Collect', keys=['img', 'gt_bboxes', 'gt_labels'])
]
test_pipeline = [
    dict(type='LoadImageFromFile'),
    dict(
        type='MultiScaleFlipAug',
        img_scale=(1333, 800),
        flip=False,
        transforms=[
            dict(type='Resize', keep_ratio=True),
            dict(type='RandomFlip'),
            dict(
                type='Normalize',
                mean=[123.675, 116.28, 103.53],
                std=[58.395, 57.12, 57.375],
                to_rgb=True),
            dict(type='Pad', size_divisor=32),
            dict(type='ImageToTensor', keys=['img']),
            dict(type='Collect', keys=['img'])
        ])
]
data = dict(
    samples_per_gpu=6,
    workers_per_gpu=2,
    train=dict(
        type='CocoDataset',
        ann_file=
        'work_dirs/retinanet_coco_ppal_5rounds_2percent_to_10percent/round3/annotations/labeled.json',
        img_prefix='data/coco/train2017/',
        pipeline=[
            dict(type='LoadImageFromFile'),
            dict(type='LoadAnnotations', with_bbox=True),
            dict(type='Resize', img_scale=(1333, 800), keep_ratio=True),
            dict(type='RandomFlip', flip_ratio=0.5),
            dict(
                type='Normalize',
                mean=[123.675, 116.28, 103.53],
                std=[58.395, 57.12, 57.375],
                to_rgb=True),
            dict(type='Pad', size_divisor=32),
            dict(type='DefaultFormatBundle'),
            dict(type='Collect', keys=['img', 'gt_bboxes', 'gt_labels'])
        ]),
    val=dict(
        type='CocoDataset',
        ann_file='data/coco/annotations/instances_val2017.json',
        img_prefix='data/coco/val2017/',
        pipeline=[
            dict(type='LoadImageFromFile'),
            dict(
                type='MultiScaleFlipAug',
                img_scale=(1333, 800),
                flip=False,
                transforms=[
                    dict(type='Resize', keep_ratio=True),
                    dict(type='RandomFlip'),
                    dict(
                        type='Normalize',
                        mean=[123.675, 116.28, 103.53],
                        std=[58.395, 57.12, 57.375],
                        to_rgb=True),
                    dict(type='Pad', size_divisor=32),
                    dict(type='ImageToTensor', keys=['img']),
                    dict(type='Collect', keys=['img'])
                ])
        ]),
    test=dict(
        type='CocoDataset',
        ann_file='data/coco/annotations/instances_val2017.json',
        img_prefix='data/coco/val2017/',
        pipeline=[
            dict(type='LoadImageFromFile'),
            dict(
                type='MultiScaleFlipAug',
                img_scale=(1333, 800),
                flip=False,
                transforms=[
                    dict(type='Resize', keep_ratio=True),
                    dict(type='RandomFlip'),
                    dict(
                        type='Normalize',
                        mean=[123.675, 116.28, 103.53],
                        std=[58.395, 57.12, 57.375],
                        to_rgb=True),
                    dict(type='Pad', size_divisor=32),
                    dict(type='ImageToTensor', keys=['img']),
                    dict(type='Collect', keys=['img'])
                ])
        ]))
labeled_data = 'work_dirs/retinanet_coco_ppal_5rounds_2percent_to_10percent/round3/annotations/labeled.json'
unlabeled_data = 'work_dirs/retinanet_coco_ppal_5rounds_2percent_to_10percent/round3/annotations/unlabeled.json'
evaluation = dict(interval=999999, metric='bbox')
work_dir = 'work_dirs/retinanet_coco_ppal_5rounds_2percent_to_10percent/round3'
auto_resume = False
gpu_ids = range(0, 1)

2024-01-18 10:34:05,599 - mmdet - INFO - Set random seed to 1640472813, deterministic: False
2024-01-18 10:34:06,022 - mmdet - INFO - initialize ResNet with init_cfg {'type': 'Pretrained', 'checkpoint': 'data/pretrain_models/resnet50-19c8e357.pth'}
2024-01-18 10:34:06,327 - mmdet - INFO - initialize FPN with init_cfg {'type': 'Xavier', 'layer': 'Conv2d', 'distribution': 'uniform'}
2024-01-18 10:34:06,380 - mmdet - INFO - initialize RetinaQualityEMAHead with init_cfg {'type': 'Normal', 'layer': 'Conv2d', 'std': 0.01, 'override': {'type': 'Normal', 'name': 'retina_cls', 'std': 0.01, 'bias_prob': 0.01}}
Name of parameter - Initialization information

backbone.conv1.weight - torch.Size([64, 3, 7, 7]): 
PretrainedInit: load from data/pretrain_models/resnet50-19c8e357.pth 

backbone.bn1.weight - torch.Size([64]): 
PretrainedInit: load from data/pretrain_models/resnet50-19c8e357.pth 

backbone.bn1.bias - torch.Size([64]): 
PretrainedInit: load from data/pretrain_models/resnet50-19c8e357.pth 

backbone.layer1.0.conv1.weight - torch.Size([64, 64, 1, 1]): 
PretrainedInit: load from data/pretrain_models/resnet50-19c8e357.pth 

backbone.layer1.0.bn1.weight - torch.Size([64]): 
PretrainedInit: load from data/pretrain_models/resnet50-19c8e357.pth 

backbone.layer1.0.bn1.bias - torch.Size([64]): 
PretrainedInit: load from data/pretrain_models/resnet50-19c8e357.pth 

backbone.layer1.0.conv2.weight - torch.Size([64, 64, 3, 3]): 
PretrainedInit: load from data/pretrain_models/resnet50-19c8e357.pth 

backbone.layer1.0.bn2.weight - torch.Size([64]): 
PretrainedInit: load from data/pretrain_models/resnet50-19c8e357.pth 

backbone.layer1.0.bn2.bias - torch.Size([64]): 
PretrainedInit: load from data/pretrain_models/resnet50-19c8e357.pth 

backbone.layer1.0.conv3.weight - torch.Size([256, 64, 1, 1]): 
PretrainedInit: load from data/pretrain_models/resnet50-19c8e357.pth 

backbone.layer1.0.bn3.weight - torch.Size([256]): 
PretrainedInit: load from data/pretrain_models/resnet50-19c8e357.pth 

backbone.layer1.0.bn3.bias - torch.Size([256]): 
PretrainedInit: load from data/pretrain_models/resnet50-19c8e357.pth 

backbone.layer1.0.downsample.0.weight - torch.Size([256, 64, 1, 1]): 
PretrainedInit: load from data/pretrain_models/resnet50-19c8e357.pth 

backbone.layer1.0.downsample.1.weight - torch.Size([256]): 
PretrainedInit: load from data/pretrain_models/resnet50-19c8e357.pth 

backbone.layer1.0.downsample.1.bias - torch.Size([256]): 
PretrainedInit: load from data/pretrain_models/resnet50-19c8e357.pth 

backbone.layer1.1.conv1.weight - torch.Size([64, 256, 1, 1]): 
PretrainedInit: load from data/pretrain_models/resnet50-19c8e357.pth 

backbone.layer1.1.bn1.weight - torch.Size([64]): 
PretrainedInit: load from data/pretrain_models/resnet50-19c8e357.pth 

backbone.layer1.1.bn1.bias - torch.Size([64]): 
PretrainedInit: load from data/pretrain_models/resnet50-19c8e357.pth 

backbone.layer1.1.conv2.weight - torch.Size([64, 64, 3, 3]): 
PretrainedInit: load from data/pretrain_models/resnet50-19c8e357.pth 

backbone.layer1.1.bn2.weight - torch.Size([64]): 
PretrainedInit: load from data/pretrain_models/resnet50-19c8e357.pth 

backbone.layer1.1.bn2.bias - torch.Size([64]): 
PretrainedInit: load from data/pretrain_models/resnet50-19c8e357.pth 

backbone.layer1.1.conv3.weight - torch.Size([256, 64, 1, 1]): 
PretrainedInit: load from data/pretrain_models/resnet50-19c8e357.pth 

backbone.layer1.1.bn3.weight - torch.Size([256]): 
PretrainedInit: load from data/pretrain_models/resnet50-19c8e357.pth 

backbone.layer1.1.bn3.bias - torch.Size([256]): 
PretrainedInit: load from data/pretrain_models/resnet50-19c8e357.pth 

backbone.layer1.2.conv1.weight - torch.Size([64, 256, 1, 1]): 
PretrainedInit: load from data/pretrain_models/resnet50-19c8e357.pth 

backbone.layer1.2.bn1.weight - torch.Size([64]): 
PretrainedInit: load from data/pretrain_models/resnet50-19c8e357.pth 

backbone.layer1.2.bn1.bias - torch.Size([64]): 
PretrainedInit: load from data/pretrain_models/resnet50-19c8e357.pth 

backbone.layer1.2.conv2.weight - torch.Size([64, 64, 3, 3]): 
PretrainedInit: load from data/pretrain_models/resnet50-19c8e357.pth 

backbone.layer1.2.bn2.weight - torch.Size([64]): 
PretrainedInit: load from data/pretrain_models/resnet50-19c8e357.pth 

backbone.layer1.2.bn2.bias - torch.Size([64]): 
PretrainedInit: load from data/pretrain_models/resnet50-19c8e357.pth 

backbone.layer1.2.conv3.weight - torch.Size([256, 64, 1, 1]): 
PretrainedInit: load from data/pretrain_models/resnet50-19c8e357.pth 

backbone.layer1.2.bn3.weight - torch.Size([256]): 
PretrainedInit: load from data/pretrain_models/resnet50-19c8e357.pth 

backbone.layer1.2.bn3.bias - torch.Size([256]): 
PretrainedInit: load from data/pretrain_models/resnet50-19c8e357.pth 

backbone.layer2.0.conv1.weight - torch.Size([128, 256, 1, 1]): 
PretrainedInit: load from data/pretrain_models/resnet50-19c8e357.pth 

backbone.layer2.0.bn1.weight - torch.Size([128]): 
PretrainedInit: load from data/pretrain_models/resnet50-19c8e357.pth 

backbone.layer2.0.bn1.bias - torch.Size([128]): 
PretrainedInit: load from data/pretrain_models/resnet50-19c8e357.pth 

backbone.layer2.0.conv2.weight - torch.Size([128, 128, 3, 3]): 
PretrainedInit: load from data/pretrain_models/resnet50-19c8e357.pth 

backbone.layer2.0.bn2.weight - torch.Size([128]): 
PretrainedInit: load from data/pretrain_models/resnet50-19c8e357.pth 

backbone.layer2.0.bn2.bias - torch.Size([128]): 
PretrainedInit: load from data/pretrain_models/resnet50-19c8e357.pth 

backbone.layer2.0.conv3.weight - torch.Size([512, 128, 1, 1]): 
PretrainedInit: load from data/pretrain_models/resnet50-19c8e357.pth 

backbone.layer2.0.bn3.weight - torch.Size([512]): 
PretrainedInit: load from data/pretrain_models/resnet50-19c8e357.pth 

backbone.layer2.0.bn3.bias - torch.Size([512]): 
PretrainedInit: load from data/pretrain_models/resnet50-19c8e357.pth 

backbone.layer2.0.downsample.0.weight - torch.Size([512, 256, 1, 1]): 
PretrainedInit: load from data/pretrain_models/resnet50-19c8e357.pth 

backbone.layer2.0.downsample.1.weight - torch.Size([512]): 
PretrainedInit: load from data/pretrain_models/resnet50-19c8e357.pth 

backbone.layer2.0.downsample.1.bias - torch.Size([512]): 
PretrainedInit: load from data/pretrain_models/resnet50-19c8e357.pth 

backbone.layer2.1.conv1.weight - torch.Size([128, 512, 1, 1]): 
PretrainedInit: load from data/pretrain_models/resnet50-19c8e357.pth 

backbone.layer2.1.bn1.weight - torch.Size([128]): 
PretrainedInit: load from data/pretrain_models/resnet50-19c8e357.pth 

backbone.layer2.1.bn1.bias - torch.Size([128]): 
PretrainedInit: load from data/pretrain_models/resnet50-19c8e357.pth 

backbone.layer2.1.conv2.weight - torch.Size([128, 128, 3, 3]): 
PretrainedInit: load from data/pretrain_models/resnet50-19c8e357.pth 

backbone.layer2.1.bn2.weight - torch.Size([128]): 
PretrainedInit: load from data/pretrain_models/resnet50-19c8e357.pth 

backbone.layer2.1.bn2.bias - torch.Size([128]): 
PretrainedInit: load from data/pretrain_models/resnet50-19c8e357.pth 

backbone.layer2.1.conv3.weight - torch.Size([512, 128, 1, 1]): 
PretrainedInit: load from data/pretrain_models/resnet50-19c8e357.pth 

backbone.layer2.1.bn3.weight - torch.Size([512]): 
PretrainedInit: load from data/pretrain_models/resnet50-19c8e357.pth 

backbone.layer2.1.bn3.bias - torch.Size([512]): 
PretrainedInit: load from data/pretrain_models/resnet50-19c8e357.pth 

backbone.layer2.2.conv1.weight - torch.Size([128, 512, 1, 1]): 
PretrainedInit: load from data/pretrain_models/resnet50-19c8e357.pth 

backbone.layer2.2.bn1.weight - torch.Size([128]): 
PretrainedInit: load from data/pretrain_models/resnet50-19c8e357.pth 

backbone.layer2.2.bn1.bias - torch.Size([128]): 
PretrainedInit: load from data/pretrain_models/resnet50-19c8e357.pth 

backbone.layer2.2.conv2.weight - torch.Size([128, 128, 3, 3]): 
PretrainedInit: load from data/pretrain_models/resnet50-19c8e357.pth 

backbone.layer2.2.bn2.weight - torch.Size([128]): 
PretrainedInit: load from data/pretrain_models/resnet50-19c8e357.pth 

backbone.layer2.2.bn2.bias - torch.Size([128]): 
PretrainedInit: load from data/pretrain_models/resnet50-19c8e357.pth 

backbone.layer2.2.conv3.weight - torch.Size([512, 128, 1, 1]): 
PretrainedInit: load from data/pretrain_models/resnet50-19c8e357.pth 

backbone.layer2.2.bn3.weight - torch.Size([512]): 
PretrainedInit: load from data/pretrain_models/resnet50-19c8e357.pth 

backbone.layer2.2.bn3.bias - torch.Size([512]): 
PretrainedInit: load from data/pretrain_models/resnet50-19c8e357.pth 

backbone.layer2.3.conv1.weight - torch.Size([128, 512, 1, 1]): 
PretrainedInit: load from data/pretrain_models/resnet50-19c8e357.pth 

backbone.layer2.3.bn1.weight - torch.Size([128]): 
PretrainedInit: load from data/pretrain_models/resnet50-19c8e357.pth 

backbone.layer2.3.bn1.bias - torch.Size([128]): 
PretrainedInit: load from data/pretrain_models/resnet50-19c8e357.pth 

backbone.layer2.3.conv2.weight - torch.Size([128, 128, 3, 3]): 
PretrainedInit: load from data/pretrain_models/resnet50-19c8e357.pth 

backbone.layer2.3.bn2.weight - torch.Size([128]): 
PretrainedInit: load from data/pretrain_models/resnet50-19c8e357.pth 

backbone.layer2.3.bn2.bias - torch.Size([128]): 
PretrainedInit: load from data/pretrain_models/resnet50-19c8e357.pth 

backbone.layer2.3.conv3.weight - torch.Size([512, 128, 1, 1]): 
PretrainedInit: load from data/pretrain_models/resnet50-19c8e357.pth 

backbone.layer2.3.bn3.weight - torch.Size([512]): 
PretrainedInit: load from data/pretrain_models/resnet50-19c8e357.pth 

backbone.layer2.3.bn3.bias - torch.Size([512]): 
PretrainedInit: load from data/pretrain_models/resnet50-19c8e357.pth 

backbone.layer3.0.conv1.weight - torch.Size([256, 512, 1, 1]): 
PretrainedInit: load from data/pretrain_models/resnet50-19c8e357.pth 

backbone.layer3.0.bn1.weight - torch.Size([256]): 
PretrainedInit: load from data/pretrain_models/resnet50-19c8e357.pth 

backbone.layer3.0.bn1.bias - torch.Size([256]): 
PretrainedInit: load from data/pretrain_models/resnet50-19c8e357.pth 

backbone.layer3.0.conv2.weight - torch.Size([256, 256, 3, 3]): 
PretrainedInit: load from data/pretrain_models/resnet50-19c8e357.pth 

backbone.layer3.0.bn2.weight - torch.Size([256]): 
PretrainedInit: load from data/pretrain_models/resnet50-19c8e357.pth 

backbone.layer3.0.bn2.bias - torch.Size([256]): 
PretrainedInit: load from data/pretrain_models/resnet50-19c8e357.pth 

backbone.layer3.0.conv3.weight - torch.Size([1024, 256, 1, 1]): 
PretrainedInit: load from data/pretrain_models/resnet50-19c8e357.pth 

backbone.layer3.0.bn3.weight - torch.Size([1024]): 
PretrainedInit: load from data/pretrain_models/resnet50-19c8e357.pth 

backbone.layer3.0.bn3.bias - torch.Size([1024]): 
PretrainedInit: load from data/pretrain_models/resnet50-19c8e357.pth 

backbone.layer3.0.downsample.0.weight - torch.Size([1024, 512, 1, 1]): 
PretrainedInit: load from data/pretrain_models/resnet50-19c8e357.pth 

backbone.layer3.0.downsample.1.weight - torch.Size([1024]): 
PretrainedInit: load from data/pretrain_models/resnet50-19c8e357.pth 

backbone.layer3.0.downsample.1.bias - torch.Size([1024]): 
PretrainedInit: load from data/pretrain_models/resnet50-19c8e357.pth 

backbone.layer3.1.conv1.weight - torch.Size([256, 1024, 1, 1]): 
PretrainedInit: load from data/pretrain_models/resnet50-19c8e357.pth 

backbone.layer3.1.bn1.weight - torch.Size([256]): 
PretrainedInit: load from data/pretrain_models/resnet50-19c8e357.pth 

backbone.layer3.1.bn1.bias - torch.Size([256]): 
PretrainedInit: load from data/pretrain_models/resnet50-19c8e357.pth 

backbone.layer3.1.conv2.weight - torch.Size([256, 256, 3, 3]): 
PretrainedInit: load from data/pretrain_models/resnet50-19c8e357.pth 

backbone.layer3.1.bn2.weight - torch.Size([256]): 
PretrainedInit: load from data/pretrain_models/resnet50-19c8e357.pth 

backbone.layer3.1.bn2.bias - torch.Size([256]): 
PretrainedInit: load from data/pretrain_models/resnet50-19c8e357.pth 

backbone.layer3.1.conv3.weight - torch.Size([1024, 256, 1, 1]): 
PretrainedInit: load from data/pretrain_models/resnet50-19c8e357.pth 

backbone.layer3.1.bn3.weight - torch.Size([1024]): 
PretrainedInit: load from data/pretrain_models/resnet50-19c8e357.pth 

backbone.layer3.1.bn3.bias - torch.Size([1024]): 
PretrainedInit: load from data/pretrain_models/resnet50-19c8e357.pth 

backbone.layer3.2.conv1.weight - torch.Size([256, 1024, 1, 1]): 
PretrainedInit: load from data/pretrain_models/resnet50-19c8e357.pth 

backbone.layer3.2.bn1.weight - torch.Size([256]): 
PretrainedInit: load from data/pretrain_models/resnet50-19c8e357.pth 

backbone.layer3.2.bn1.bias - torch.Size([256]): 
PretrainedInit: load from data/pretrain_models/resnet50-19c8e357.pth 

backbone.layer3.2.conv2.weight - torch.Size([256, 256, 3, 3]): 
PretrainedInit: load from data/pretrain_models/resnet50-19c8e357.pth 

backbone.layer3.2.bn2.weight - torch.Size([256]): 
PretrainedInit: load from data/pretrain_models/resnet50-19c8e357.pth 

backbone.layer3.2.bn2.bias - torch.Size([256]): 
PretrainedInit: load from data/pretrain_models/resnet50-19c8e357.pth 

backbone.layer3.2.conv3.weight - torch.Size([1024, 256, 1, 1]): 
PretrainedInit: load from data/pretrain_models/resnet50-19c8e357.pth 

backbone.layer3.2.bn3.weight - torch.Size([1024]): 
PretrainedInit: load from data/pretrain_models/resnet50-19c8e357.pth 

backbone.layer3.2.bn3.bias - torch.Size([1024]): 
PretrainedInit: load from data/pretrain_models/resnet50-19c8e357.pth 

backbone.layer3.3.conv1.weight - torch.Size([256, 1024, 1, 1]): 
PretrainedInit: load from data/pretrain_models/resnet50-19c8e357.pth 

backbone.layer3.3.bn1.weight - torch.Size([256]): 
PretrainedInit: load from data/pretrain_models/resnet50-19c8e357.pth 

backbone.layer3.3.bn1.bias - torch.Size([256]): 
PretrainedInit: load from data/pretrain_models/resnet50-19c8e357.pth 

backbone.layer3.3.conv2.weight - torch.Size([256, 256, 3, 3]): 
PretrainedInit: load from data/pretrain_models/resnet50-19c8e357.pth 

backbone.layer3.3.bn2.weight - torch.Size([256]): 
PretrainedInit: load from data/pretrain_models/resnet50-19c8e357.pth 

backbone.layer3.3.bn2.bias - torch.Size([256]): 
PretrainedInit: load from data/pretrain_models/resnet50-19c8e357.pth 

backbone.layer3.3.conv3.weight - torch.Size([1024, 256, 1, 1]): 
PretrainedInit: load from data/pretrain_models/resnet50-19c8e357.pth 

backbone.layer3.3.bn3.weight - torch.Size([1024]): 
PretrainedInit: load from data/pretrain_models/resnet50-19c8e357.pth 

backbone.layer3.3.bn3.bias - torch.Size([1024]): 
PretrainedInit: load from data/pretrain_models/resnet50-19c8e357.pth 

backbone.layer3.4.conv1.weight - torch.Size([256, 1024, 1, 1]): 
PretrainedInit: load from data/pretrain_models/resnet50-19c8e357.pth 

backbone.layer3.4.bn1.weight - torch.Size([256]): 
PretrainedInit: load from data/pretrain_models/resnet50-19c8e357.pth 

backbone.layer3.4.bn1.bias - torch.Size([256]): 
PretrainedInit: load from data/pretrain_models/resnet50-19c8e357.pth 

backbone.layer3.4.conv2.weight - torch.Size([256, 256, 3, 3]): 
PretrainedInit: load from data/pretrain_models/resnet50-19c8e357.pth 

backbone.layer3.4.bn2.weight - torch.Size([256]): 
PretrainedInit: load from data/pretrain_models/resnet50-19c8e357.pth 

backbone.layer3.4.bn2.bias - torch.Size([256]): 
PretrainedInit: load from data/pretrain_models/resnet50-19c8e357.pth 

backbone.layer3.4.conv3.weight - torch.Size([1024, 256, 1, 1]): 
PretrainedInit: load from data/pretrain_models/resnet50-19c8e357.pth 

backbone.layer3.4.bn3.weight - torch.Size([1024]): 
PretrainedInit: load from data/pretrain_models/resnet50-19c8e357.pth 

backbone.layer3.4.bn3.bias - torch.Size([1024]): 
PretrainedInit: load from data/pretrain_models/resnet50-19c8e357.pth 

backbone.layer3.5.conv1.weight - torch.Size([256, 1024, 1, 1]): 
PretrainedInit: load from data/pretrain_models/resnet50-19c8e357.pth 

backbone.layer3.5.bn1.weight - torch.Size([256]): 
PretrainedInit: load from data/pretrain_models/resnet50-19c8e357.pth 

backbone.layer3.5.bn1.bias - torch.Size([256]): 
PretrainedInit: load from data/pretrain_models/resnet50-19c8e357.pth 

backbone.layer3.5.conv2.weight - torch.Size([256, 256, 3, 3]): 
PretrainedInit: load from data/pretrain_models/resnet50-19c8e357.pth 

backbone.layer3.5.bn2.weight - torch.Size([256]): 
PretrainedInit: load from data/pretrain_models/resnet50-19c8e357.pth 

backbone.layer3.5.bn2.bias - torch.Size([256]): 
PretrainedInit: load from data/pretrain_models/resnet50-19c8e357.pth 

backbone.layer3.5.conv3.weight - torch.Size([1024, 256, 1, 1]): 
PretrainedInit: load from data/pretrain_models/resnet50-19c8e357.pth 

backbone.layer3.5.bn3.weight - torch.Size([1024]): 
PretrainedInit: load from data/pretrain_models/resnet50-19c8e357.pth 

backbone.layer3.5.bn3.bias - torch.Size([1024]): 
PretrainedInit: load from data/pretrain_models/resnet50-19c8e357.pth 

backbone.layer4.0.conv1.weight - torch.Size([512, 1024, 1, 1]): 
PretrainedInit: load from data/pretrain_models/resnet50-19c8e357.pth 

backbone.layer4.0.bn1.weight - torch.Size([512]): 
PretrainedInit: load from data/pretrain_models/resnet50-19c8e357.pth 

backbone.layer4.0.bn1.bias - torch.Size([512]): 
PretrainedInit: load from data/pretrain_models/resnet50-19c8e357.pth 

backbone.layer4.0.conv2.weight - torch.Size([512, 512, 3, 3]): 
PretrainedInit: load from data/pretrain_models/resnet50-19c8e357.pth 

backbone.layer4.0.bn2.weight - torch.Size([512]): 
PretrainedInit: load from data/pretrain_models/resnet50-19c8e357.pth 

backbone.layer4.0.bn2.bias - torch.Size([512]): 
PretrainedInit: load from data/pretrain_models/resnet50-19c8e357.pth 

backbone.layer4.0.conv3.weight - torch.Size([2048, 512, 1, 1]): 
PretrainedInit: load from data/pretrain_models/resnet50-19c8e357.pth 

backbone.layer4.0.bn3.weight - torch.Size([2048]): 
PretrainedInit: load from data/pretrain_models/resnet50-19c8e357.pth 

backbone.layer4.0.bn3.bias - torch.Size([2048]): 
PretrainedInit: load from data/pretrain_models/resnet50-19c8e357.pth 

backbone.layer4.0.downsample.0.weight - torch.Size([2048, 1024, 1, 1]): 
PretrainedInit: load from data/pretrain_models/resnet50-19c8e357.pth 

backbone.layer4.0.downsample.1.weight - torch.Size([2048]): 
PretrainedInit: load from data/pretrain_models/resnet50-19c8e357.pth 

backbone.layer4.0.downsample.1.bias - torch.Size([2048]): 
PretrainedInit: load from data/pretrain_models/resnet50-19c8e357.pth 

backbone.layer4.1.conv1.weight - torch.Size([512, 2048, 1, 1]): 
PretrainedInit: load from data/pretrain_models/resnet50-19c8e357.pth 

backbone.layer4.1.bn1.weight - torch.Size([512]): 
PretrainedInit: load from data/pretrain_models/resnet50-19c8e357.pth 

backbone.layer4.1.bn1.bias - torch.Size([512]): 
PretrainedInit: load from data/pretrain_models/resnet50-19c8e357.pth 

backbone.layer4.1.conv2.weight - torch.Size([512, 512, 3, 3]): 
PretrainedInit: load from data/pretrain_models/resnet50-19c8e357.pth 

backbone.layer4.1.bn2.weight - torch.Size([512]): 
PretrainedInit: load from data/pretrain_models/resnet50-19c8e357.pth 

backbone.layer4.1.bn2.bias - torch.Size([512]): 
PretrainedInit: load from data/pretrain_models/resnet50-19c8e357.pth 

backbone.layer4.1.conv3.weight - torch.Size([2048, 512, 1, 1]): 
PretrainedInit: load from data/pretrain_models/resnet50-19c8e357.pth 

backbone.layer4.1.bn3.weight - torch.Size([2048]): 
PretrainedInit: load from data/pretrain_models/resnet50-19c8e357.pth 

backbone.layer4.1.bn3.bias - torch.Size([2048]): 
PretrainedInit: load from data/pretrain_models/resnet50-19c8e357.pth 

backbone.layer4.2.conv1.weight - torch.Size([512, 2048, 1, 1]): 
PretrainedInit: load from data/pretrain_models/resnet50-19c8e357.pth 

backbone.layer4.2.bn1.weight - torch.Size([512]): 
PretrainedInit: load from data/pretrain_models/resnet50-19c8e357.pth 

backbone.layer4.2.bn1.bias - torch.Size([512]): 
PretrainedInit: load from data/pretrain_models/resnet50-19c8e357.pth 

backbone.layer4.2.conv2.weight - torch.Size([512, 512, 3, 3]): 
PretrainedInit: load from data/pretrain_models/resnet50-19c8e357.pth 

backbone.layer4.2.bn2.weight - torch.Size([512]): 
PretrainedInit: load from data/pretrain_models/resnet50-19c8e357.pth 

backbone.layer4.2.bn2.bias - torch.Size([512]): 
PretrainedInit: load from data/pretrain_models/resnet50-19c8e357.pth 

backbone.layer4.2.conv3.weight - torch.Size([2048, 512, 1, 1]): 
PretrainedInit: load from data/pretrain_models/resnet50-19c8e357.pth 

backbone.layer4.2.bn3.weight - torch.Size([2048]): 
PretrainedInit: load from data/pretrain_models/resnet50-19c8e357.pth 

backbone.layer4.2.bn3.bias - torch.Size([2048]): 
PretrainedInit: load from data/pretrain_models/resnet50-19c8e357.pth 

neck.lateral_convs.0.conv.weight - torch.Size([256, 512, 1, 1]): 
XavierInit: gain=1, distribution=uniform, bias=0 

neck.lateral_convs.0.conv.bias - torch.Size([256]): 
The value is the same before and after calling `init_weights` of RetinaNet  

neck.lateral_convs.1.conv.weight - torch.Size([256, 1024, 1, 1]): 
XavierInit: gain=1, distribution=uniform, bias=0 

neck.lateral_convs.1.conv.bias - torch.Size([256]): 
The value is the same before and after calling `init_weights` of RetinaNet  

neck.lateral_convs.2.conv.weight - torch.Size([256, 2048, 1, 1]): 
XavierInit: gain=1, distribution=uniform, bias=0 

neck.lateral_convs.2.conv.bias - torch.Size([256]): 
The value is the same before and after calling `init_weights` of RetinaNet  

neck.fpn_convs.0.conv.weight - torch.Size([256, 256, 3, 3]): 
XavierInit: gain=1, distribution=uniform, bias=0 

neck.fpn_convs.0.conv.bias - torch.Size([256]): 
The value is the same before and after calling `init_weights` of RetinaNet  

neck.fpn_convs.1.conv.weight - torch.Size([256, 256, 3, 3]): 
XavierInit: gain=1, distribution=uniform, bias=0 

neck.fpn_convs.1.conv.bias - torch.Size([256]): 
The value is the same before and after calling `init_weights` of RetinaNet  

neck.fpn_convs.2.conv.weight - torch.Size([256, 256, 3, 3]): 
XavierInit: gain=1, distribution=uniform, bias=0 

neck.fpn_convs.2.conv.bias - torch.Size([256]): 
The value is the same before and after calling `init_weights` of RetinaNet  

neck.fpn_convs.3.conv.weight - torch.Size([256, 2048, 3, 3]): 
XavierInit: gain=1, distribution=uniform, bias=0 

neck.fpn_convs.3.conv.bias - torch.Size([256]): 
The value is the same before and after calling `init_weights` of RetinaNet  

neck.fpn_convs.4.conv.weight - torch.Size([256, 256, 3, 3]): 
XavierInit: gain=1, distribution=uniform, bias=0 

neck.fpn_convs.4.conv.bias - torch.Size([256]): 
The value is the same before and after calling `init_weights` of RetinaNet  

bbox_head.cls_convs.0.conv.weight - torch.Size([256, 256, 3, 3]): 
NormalInit: mean=0, std=0.01, bias=0 

bbox_head.cls_convs.0.conv.bias - torch.Size([256]): 
The value is the same before and after calling `init_weights` of RetinaNet  

bbox_head.cls_convs.1.conv.weight - torch.Size([256, 256, 3, 3]): 
NormalInit: mean=0, std=0.01, bias=0 

bbox_head.cls_convs.1.conv.bias - torch.Size([256]): 
The value is the same before and after calling `init_weights` of RetinaNet  

bbox_head.cls_convs.2.conv.weight - torch.Size([256, 256, 3, 3]): 
NormalInit: mean=0, std=0.01, bias=0 

bbox_head.cls_convs.2.conv.bias - torch.Size([256]): 
The value is the same before and after calling `init_weights` of RetinaNet  

bbox_head.cls_convs.3.conv.weight - torch.Size([256, 256, 3, 3]): 
NormalInit: mean=0, std=0.01, bias=0 

bbox_head.cls_convs.3.conv.bias - torch.Size([256]): 
The value is the same before and after calling `init_weights` of RetinaNet  

bbox_head.reg_convs.0.conv.weight - torch.Size([256, 256, 3, 3]): 
NormalInit: mean=0, std=0.01, bias=0 

bbox_head.reg_convs.0.conv.bias - torch.Size([256]): 
The value is the same before and after calling `init_weights` of RetinaNet  

bbox_head.reg_convs.1.conv.weight - torch.Size([256, 256, 3, 3]): 
NormalInit: mean=0, std=0.01, bias=0 

bbox_head.reg_convs.1.conv.bias - torch.Size([256]): 
The value is the same before and after calling `init_weights` of RetinaNet  

bbox_head.reg_convs.2.conv.weight - torch.Size([256, 256, 3, 3]): 
NormalInit: mean=0, std=0.01, bias=0 

bbox_head.reg_convs.2.conv.bias - torch.Size([256]): 
The value is the same before and after calling `init_weights` of RetinaNet  

bbox_head.reg_convs.3.conv.weight - torch.Size([256, 256, 3, 3]): 
NormalInit: mean=0, std=0.01, bias=0 

bbox_head.reg_convs.3.conv.bias - torch.Size([256]): 
The value is the same before and after calling `init_weights` of RetinaNet  

bbox_head.retina_cls.weight - torch.Size([90, 256, 3, 3]): 
NormalInit: mean=0, std=0.01, bias=-4.59511985013459 

bbox_head.retina_cls.bias - torch.Size([90]): 
NormalInit: mean=0, std=0.01, bias=-4.59511985013459 

bbox_head.retina_reg.weight - torch.Size([36, 256, 3, 3]): 
NormalInit: mean=0, std=0.01, bias=0 

bbox_head.retina_reg.bias - torch.Size([36]): 
NormalInit: mean=0, std=0.01, bias=0 
2024-01-18 10:34:11,850 - mmdet - INFO - Start running, host: root@a91b3ceedbf8, work_dir: /content/drive/MyDrive/PPALVuongTan/PPAL/work_dirs/retinanet_coco_ppal_5rounds_2percent_to_10percent/round3
2024-01-18 10:34:11,851 - mmdet - INFO - Hooks will be executed in the following order:
before_run:
(VERY_HIGH   ) StepLrUpdaterHook                  
(NORMAL      ) CheckpointHook                     
(LOW         ) DistEvalHook                       
(VERY_LOW    ) TextLoggerHook                     
 -------------------- 
before_train_epoch:
(VERY_HIGH   ) StepLrUpdaterHook                  
(NORMAL      ) NumClassCheckHook                  
(NORMAL      ) DistSamplerSeedHook                
(LOW         ) IterTimerHook                      
(LOW         ) DistEvalHook                       
(VERY_LOW    ) TextLoggerHook                     
 -------------------- 
before_train_iter:
(VERY_HIGH   ) StepLrUpdaterHook                  
(LOW         ) IterTimerHook                      
(LOW         ) DistEvalHook                       
 -------------------- 
after_train_iter:
(ABOVE_NORMAL) OptimizerHook                      
(NORMAL      ) CheckpointHook                     
(LOW         ) IterTimerHook                      
(LOW         ) DistEvalHook                       
(VERY_LOW    ) TextLoggerHook                     
 -------------------- 
after_train_epoch:
(NORMAL      ) CheckpointHook                     
(LOW         ) DistEvalHook                       
(VERY_LOW    ) TextLoggerHook                     
 -------------------- 
before_val_epoch:
(NORMAL      ) NumClassCheckHook                  
(NORMAL      ) DistSamplerSeedHook                
(LOW         ) IterTimerHook                      
(VERY_LOW    ) TextLoggerHook                     
 -------------------- 
before_val_iter:
(LOW         ) IterTimerHook                      
 -------------------- 
after_val_iter:
(LOW         ) IterTimerHook                      
 -------------------- 
after_val_epoch:
(VERY_LOW    ) TextLoggerHook                     
 -------------------- 
after_run:
(VERY_LOW    ) TextLoggerHook                     
 -------------------- 
2024-01-18 10:34:11,852 - mmdet - INFO - workflow: [('train', 1)], max: 30 epochs
2024-01-18 10:34:11,852 - mmdet - INFO - Checkpoints will be saved to /content/drive/MyDrive/PPALVuongTan/PPAL/work_dirs/retinanet_coco_ppal_5rounds_2percent_to_10percent/round3 by HardDiskBackend.
2024-01-18 10:36:08,805 - mmdet - INFO - Iter [50/8370]	lr: 9.890e-04, eta: 5:24:19, time: 2.339, data_time: 0.239, memory: 9116, loss_cls: 1.1446, loss_bbox: 2.0158, loss: 3.1604, grad_norm: 6.7536
2024-01-18 10:37:55,038 - mmdet - INFO - Iter [100/8370]	lr: 1.988e-03, eta: 5:07:36, time: 2.125, data_time: 0.021, memory: 9116, loss_cls: 1.1059, loss_bbox: 1.3079, loss: 2.4137, grad_norm: 10.7372
2024-01-18 10:39:40,805 - mmdet - INFO - Iter [150/8370]	lr: 2.987e-03, eta: 5:00:25, time: 2.115, data_time: 0.022, memory: 9320, loss_cls: 1.0053, loss_bbox: 1.4135, loss: 2.4188, grad_norm: 9.2496
2024-01-18 10:41:26,736 - mmdet - INFO - Iter [200/8370]	lr: 3.986e-03, eta: 4:56:04, time: 2.119, data_time: 0.023, memory: 9320, loss_cls: 0.8988, loss_bbox: 1.1797, loss: 2.0784, grad_norm: 4.3320
2024-01-18 10:43:12,494 - mmdet - INFO - Iter [250/8370]	lr: 4.985e-03, eta: 4:52:39, time: 2.115, data_time: 0.023, memory: 9320, loss_cls: 1.0537, loss_bbox: 1.1363, loss: 2.1899, grad_norm: 3.0081
2024-01-18 10:45:10,011 - mmdet - INFO - Iter [300/8370]	lr: 5.984e-03, eta: 5:01:34, time: 2.641, data_time: 0.540, memory: 9320, loss_cls: 0.9927, loss_bbox: 1.1095, loss: 2.1022, grad_norm: 2.0408
2024-01-18 10:46:54,673 - mmdet - INFO - Iter [350/8370]	lr: 6.983e-03, eta: 4:56:51, time: 2.093, data_time: 0.022, memory: 9360, loss_cls: 0.9349, loss_bbox: 1.1373, loss: 2.0722, grad_norm: 2.0353
2024-01-18 10:48:39,937 - mmdet - INFO - Iter [400/8370]	lr: 7.982e-03, eta: 4:53:05, time: 2.105, data_time: 0.023, memory: 9360, loss_cls: 0.8576, loss_bbox: 1.1190, loss: 1.9766, grad_norm: 2.6486
2024-01-18 10:50:24,902 - mmdet - INFO - Iter [450/8370]	lr: 8.981e-03, eta: 4:49:40, time: 2.099, data_time: 0.023, memory: 9360, loss_cls: 0.7340, loss_bbox: 1.1065, loss: 1.8404, grad_norm: 3.4838
2024-01-18 10:52:10,071 - mmdet - INFO - Iter [500/8370]	lr: 9.980e-03, eta: 4:46:39, time: 2.103, data_time: 0.023, memory: 9360, loss_cls: 0.8133, loss_bbox: 1.0292, loss: 1.8426, grad_norm: 2.7054
2024-01-18 10:53:55,388 - mmdet - INFO - Iter [550/8370]	lr: 1.000e-02, eta: 4:43:53, time: 2.106, data_time: 0.024, memory: 9360, loss_cls: 0.8332, loss_bbox: 0.9709, loss: 1.8041, grad_norm: 2.0615
2024-01-18 10:55:51,880 - mmdet - INFO - Iter [600/8370]	lr: 1.000e-02, eta: 4:44:01, time: 2.358, data_time: 0.289, memory: 9360, loss_cls: 4.1613, loss_bbox: 0.9938, loss: 5.1551, grad_norm: 360.8809
2024-01-18 10:57:36,397 - mmdet - INFO - Iter [650/8370]	lr: 1.000e-02, eta: 4:41:10, time: 2.090, data_time: 0.023, memory: 9360, loss_cls: 0.8561, loss_bbox: 1.0132, loss: 1.8693, grad_norm: 2.1054
2024-01-18 10:59:20,356 - mmdet - INFO - Iter [700/8370]	lr: 1.000e-02, eta: 4:38:23, time: 2.079, data_time: 0.022, memory: 9360, loss_cls: 0.8138, loss_bbox: 0.9440, loss: 1.7579, grad_norm: 2.6534
2024-01-18 11:01:04,964 - mmdet - INFO - Iter [750/8370]	lr: 1.000e-02, eta: 4:35:50, time: 2.092, data_time: 0.023, memory: 9360, loss_cls: 0.7218, loss_bbox: 0.9952, loss: 1.7169, grad_norm: 2.0849
2024-01-18 11:02:49,754 - mmdet - INFO - Iter [800/8370]	lr: 1.000e-02, eta: 4:33:26, time: 2.096, data_time: 0.023, memory: 9360, loss_cls: 0.6839, loss_bbox: 0.9421, loss: 1.6260, grad_norm: 2.1705
2024-01-18 11:04:46,629 - mmdet - INFO - Iter [850/8370]	lr: 1.000e-02, eta: 4:37:29, time: 2.962, data_time: 0.884, memory: 9360, loss_cls: 0.6680, loss_bbox: 0.8386, loss: 1.5066, grad_norm: 2.3617
2024-01-18 11:06:30,639 - mmdet - INFO - Iter [900/8370]	lr: 1.000e-02, eta: 4:34:43, time: 2.080, data_time: 0.022, memory: 9360, loss_cls: 0.6271, loss_bbox: 0.8950, loss: 1.5222, grad_norm: 2.5063
2024-01-18 11:08:14,769 - mmdet - INFO - Iter [950/8370]	lr: 1.000e-02, eta: 4:32:04, time: 2.083, data_time: 0.023, memory: 9360, loss_cls: 0.7240, loss_bbox: 0.8953, loss: 1.6194, grad_norm: 2.7572
2024-01-18 11:09:59,395 - mmdet - INFO - Exp name: retinanet_26e.py
2024-01-18 11:09:59,396 - mmdet - INFO - Iter [1000/8370]	lr: 1.000e-02, eta: 4:29:34, time: 2.093, data_time: 0.023, memory: 9360, loss_cls: 0.7261, loss_bbox: 0.9229, loss: 1.6490, grad_norm: 2.1995
2024-01-18 11:11:44,514 - mmdet - INFO - Iter [1050/8370]	lr: 1.000e-02, eta: 4:27:12, time: 2.102, data_time: 0.023, memory: 9360, loss_cls: 0.6425, loss_bbox: 0.9027, loss: 1.5451, grad_norm: 2.4866
2024-01-18 11:13:29,662 - mmdet - INFO - Iter [1100/8370]	lr: 1.000e-02, eta: 4:24:54, time: 2.103, data_time: 0.023, memory: 9360, loss_cls: 0.5975, loss_bbox: 0.8862, loss: 1.4837, grad_norm: 2.0494
2024-01-18 11:15:26,446 - mmdet - INFO - Iter [1150/8370]	lr: 1.000e-02, eta: 4:24:18, time: 2.419, data_time: 0.348, memory: 9360, loss_cls: 0.6062, loss_bbox: 0.8774, loss: 1.4836, grad_norm: 2.1828
2024-01-18 11:17:11,175 - mmdet - INFO - Iter [1200/8370]	lr: 1.000e-02, eta: 4:21:57, time: 2.095, data_time: 0.023, memory: 9360, loss_cls: 0.6201, loss_bbox: 0.8789, loss: 1.4990, grad_norm: 2.7591
2024-01-18 11:18:55,644 - mmdet - INFO - Iter [1250/8370]	lr: 1.000e-02, eta: 4:19:39, time: 2.089, data_time: 0.023, memory: 9360, loss_cls: 0.5948, loss_bbox: 0.8635, loss: 1.4583, grad_norm: 2.2311
2024-01-18 11:20:40,685 - mmdet - INFO - Iter [1300/8370]	lr: 1.000e-02, eta: 4:17:25, time: 2.101, data_time: 0.023, memory: 9360, loss_cls: 0.5691, loss_bbox: 0.8465, loss: 1.4155, grad_norm: 2.2068
2024-01-18 11:22:25,489 - mmdet - INFO - Iter [1350/8370]	lr: 1.000e-02, eta: 4:15:13, time: 2.096, data_time: 0.022, memory: 9360, loss_cls: 0.6394, loss_bbox: 0.8349, loss: 1.4743, grad_norm: 2.7828
2024-01-18 11:24:20,432 - mmdet - INFO - Iter [1400/8370]	lr: 1.000e-02, eta: 4:22:11, time: 4.297, data_time: 2.246, memory: 9360, loss_cls: 0.5503, loss_bbox: 0.8090, loss: 1.3592, grad_norm: 1.7365
2024-01-18 11:26:05,620 - mmdet - INFO - Iter [1450/8370]	lr: 1.000e-02, eta: 4:19:41, time: 2.104, data_time: 0.022, memory: 9360, loss_cls: 0.5718, loss_bbox: 0.8072, loss: 1.3790, grad_norm: 2.7743
2024-01-18 11:27:49,684 - mmdet - INFO - Iter [1500/8370]	lr: 1.000e-02, eta: 4:17:10, time: 2.081, data_time: 0.023, memory: 9360, loss_cls: 0.5868, loss_bbox: 0.8415, loss: 1.4283, grad_norm: 2.6450
2024-01-18 11:29:34,593 - mmdet - INFO - Iter [1550/8370]	lr: 1.000e-02, eta: 4:14:45, time: 2.098, data_time: 0.022, memory: 9360, loss_cls: 0.5625, loss_bbox: 0.8215, loss: 1.3840, grad_norm: 2.5822
2024-01-18 11:31:19,352 - mmdet - INFO - Iter [1600/8370]	lr: 1.000e-02, eta: 4:12:22, time: 2.095, data_time: 0.022, memory: 9360, loss_cls: 0.5820, loss_bbox: 0.8180, loss: 1.4000, grad_norm: 2.6185
2024-01-18 11:33:04,168 - mmdet - INFO - Iter [1650/8370]	lr: 1.000e-02, eta: 4:10:01, time: 2.096, data_time: 0.023, memory: 9360, loss_cls: 0.5532, loss_bbox: 0.8376, loss: 1.3908, grad_norm: 2.3405
2024-01-18 11:35:00,975 - mmdet - INFO - Iter [1700/8370]	lr: 1.000e-02, eta: 4:09:15, time: 2.566, data_time: 0.457, memory: 9360, loss_cls: 0.5039, loss_bbox: 0.7871, loss: 1.2911, grad_norm: 2.5326
2024-01-18 11:36:45,769 - mmdet - INFO - Iter [1750/8370]	lr: 1.000e-02, eta: 4:06:55, time: 2.096, data_time: 0.022, memory: 9360, loss_cls: 0.5588, loss_bbox: 0.7961, loss: 1.3549, grad_norm: 2.7016
2024-01-18 11:38:30,797 - mmdet - INFO - Iter [1800/8370]	lr: 1.000e-02, eta: 4:04:38, time: 2.101, data_time: 0.022, memory: 9360, loss_cls: 0.5238, loss_bbox: 0.8065, loss: 1.3303, grad_norm: 2.6165
2024-01-18 11:40:15,336 - mmdet - INFO - Iter [1850/8370]	lr: 1.000e-02, eta: 4:02:21, time: 2.091, data_time: 0.023, memory: 9360, loss_cls: 0.5331, loss_bbox: 0.7538, loss: 1.2869, grad_norm: 2.5744
2024-01-18 11:41:59,716 - mmdet - INFO - Iter [1900/8370]	lr: 1.000e-02, eta: 4:00:06, time: 2.088, data_time: 0.023, memory: 9360, loss_cls: 0.5316, loss_bbox: 0.7498, loss: 1.2814, grad_norm: 2.6017
2024-01-18 11:43:44,628 - mmdet - INFO - Iter [1950/8370]	lr: 1.000e-02, eta: 3:57:53, time: 2.098, data_time: 0.023, memory: 9360, loss_cls: 0.5266, loss_bbox: 0.7594, loss: 1.2860, grad_norm: 2.6588
2024-01-18 11:45:41,852 - mmdet - INFO - Exp name: retinanet_26e.py
2024-01-18 11:45:41,853 - mmdet - INFO - Iter [2000/8370]	lr: 1.000e-02, eta: 3:56:21, time: 2.343, data_time: 0.261, memory: 9360, loss_cls: 0.5470, loss_bbox: 0.7720, loss: 1.3190, grad_norm: 2.7923
2024-01-18 11:47:26,699 - mmdet - INFO - Iter [2050/8370]	lr: 1.000e-02, eta: 3:54:10, time: 2.097, data_time: 0.023, memory: 9360, loss_cls: 0.5313, loss_bbox: 0.7338, loss: 1.2650, grad_norm: 2.8863
2024-01-18 11:49:11,095 - mmdet - INFO - Iter [2100/8370]	lr: 1.000e-02, eta: 3:51:58, time: 2.088, data_time: 0.023, memory: 9360, loss_cls: 0.5495, loss_bbox: 0.7745, loss: 1.3240, grad_norm: 2.9691
2024-01-18 11:50:56,228 - mmdet - INFO - Iter [2150/8370]	lr: 1.000e-02, eta: 3:49:51, time: 2.103, data_time: 0.024, memory: 9360, loss_cls: 0.5097, loss_bbox: 0.7888, loss: 1.2985, grad_norm: 2.5339
2024-01-18 11:52:40,882 - mmdet - INFO - Iter [2200/8370]	lr: 1.000e-02, eta: 3:47:42, time: 2.093, data_time: 0.024, memory: 9360, loss_cls: 0.5105, loss_bbox: 0.7531, loss: 1.2636, grad_norm: 2.5131
2024-01-18 11:54:37,757 - mmdet - INFO - Iter [2250/8370]	lr: 1.000e-02, eta: 3:47:03, time: 2.742, data_time: 0.652, memory: 9360, loss_cls: 0.4969, loss_bbox: 0.7108, loss: 1.2076, grad_norm: 2.5474
2024-01-18 11:56:21,155 - mmdet - INFO - Iter [2300/8370]	lr: 1.000e-02, eta: 3:44:51, time: 2.068, data_time: 0.022, memory: 9360, loss_cls: 0.5065, loss_bbox: 0.7422, loss: 1.2487, grad_norm: 2.6775
2024-01-18 11:58:06,009 - mmdet - INFO - Iter [2350/8370]	lr: 1.000e-02, eta: 3:42:44, time: 2.097, data_time: 0.023, memory: 9360, loss_cls: 0.5014, loss_bbox: 0.7237, loss: 1.2251, grad_norm: 2.4945
2024-01-18 11:59:51,123 - mmdet - INFO - Iter [2400/8370]	lr: 1.000e-02, eta: 3:40:38, time: 2.102, data_time: 0.023, memory: 9360, loss_cls: 0.4878, loss_bbox: 0.7099, loss: 1.1977, grad_norm: 2.4136
2024-01-18 12:01:36,392 - mmdet - INFO - Iter [2450/8370]	lr: 1.000e-02, eta: 3:38:34, time: 2.105, data_time: 0.023, memory: 9360, loss_cls: 0.4848, loss_bbox: 0.7525, loss: 1.2373, grad_norm: 2.6383
2024-01-18 12:03:21,403 - mmdet - INFO - Iter [2500/8370]	lr: 1.000e-02, eta: 3:36:30, time: 2.100, data_time: 0.023, memory: 9360, loss_cls: 0.5031, loss_bbox: 0.7325, loss: 1.2356, grad_norm: 2.6980
2024-01-18 12:05:18,020 - mmdet - INFO - Iter [2550/8370]	lr: 1.000e-02, eta: 3:34:58, time: 2.378, data_time: 0.307, memory: 9360, loss_cls: 0.4720, loss_bbox: 0.7052, loss: 1.1772, grad_norm: 2.4183
2024-01-18 12:07:01,666 - mmdet - INFO - Iter [2600/8370]	lr: 1.000e-02, eta: 3:32:51, time: 2.073, data_time: 0.023, memory: 9360, loss_cls: 0.5511, loss_bbox: 0.7169, loss: 1.2681, grad_norm: 3.0524
2024-01-18 12:08:45,834 - mmdet - INFO - Iter [2650/8370]	lr: 1.000e-02, eta: 3:30:46, time: 2.083, data_time: 0.023, memory: 9360, loss_cls: 0.5003, loss_bbox: 0.6805, loss: 1.1808, grad_norm: 2.7060
2024-01-18 12:10:30,781 - mmdet - INFO - Iter [2700/8370]	lr: 1.000e-02, eta: 3:28:44, time: 2.099, data_time: 0.023, memory: 9360, loss_cls: 0.4684, loss_bbox: 0.7000, loss: 1.1684, grad_norm: 2.8149
2024-01-18 12:12:14,944 - mmdet - INFO - Iter [2750/8370]	lr: 1.000e-02, eta: 3:26:41, time: 2.083, data_time: 0.024, memory: 9360, loss_cls: 0.4717, loss_bbox: 0.6874, loss: 1.1591, grad_norm: 2.5240
2024-01-18 12:14:11,175 - mmdet - INFO - Iter [2800/8370]	lr: 1.000e-02, eta: 3:26:28, time: 3.189, data_time: 1.111, memory: 9360, loss_cls: 0.4408, loss_bbox: 0.6847, loss: 1.1255, grad_norm: 2.1857
2024-01-18 12:15:55,793 - mmdet - INFO - Iter [2850/8370]	lr: 1.000e-02, eta: 3:24:24, time: 2.092, data_time: 0.022, memory: 9360, loss_cls: 0.4596, loss_bbox: 0.6728, loss: 1.1325, grad_norm: 2.4402
2024-01-18 12:17:39,961 - mmdet - INFO - Iter [2900/8370]	lr: 1.000e-02, eta: 3:22:20, time: 2.083, data_time: 0.024, memory: 9360, loss_cls: 0.4968, loss_bbox: 0.6692, loss: 1.1660, grad_norm: 2.8589
2024-01-18 12:19:24,621 - mmdet - INFO - Iter [2950/8370]	lr: 1.000e-02, eta: 3:20:17, time: 2.093, data_time: 0.024, memory: 9360, loss_cls: 0.4866, loss_bbox: 0.6804, loss: 1.1670, grad_norm: 2.7095
2024-01-18 12:21:09,135 - mmdet - INFO - Exp name: retinanet_26e.py
2024-01-18 12:21:09,135 - mmdet - INFO - Iter [3000/8370]	lr: 1.000e-02, eta: 3:18:15, time: 2.090, data_time: 0.024, memory: 9360, loss_cls: 0.4858, loss_bbox: 0.6812, loss: 1.1670, grad_norm: 2.6998
2024-01-18 12:22:54,046 - mmdet - INFO - Iter [3050/8370]	lr: 1.000e-02, eta: 3:16:14, time: 2.098, data_time: 0.024, memory: 9360, loss_cls: 0.4710, loss_bbox: 0.6738, loss: 1.1449, grad_norm: 2.6824
2024-01-18 12:24:51,783 - mmdet - INFO - Iter [3100/8370]	lr: 1.000e-02, eta: 3:14:47, time: 2.485, data_time: 0.389, memory: 9360, loss_cls: 0.4660, loss_bbox: 0.6881, loss: 1.1541, grad_norm: 2.8466
2024-01-18 12:26:35,853 - mmdet - INFO - Iter [3150/8370]	lr: 1.000e-02, eta: 3:12:45, time: 2.081, data_time: 0.023, memory: 9360, loss_cls: 0.4627, loss_bbox: 0.6869, loss: 1.1497, grad_norm: 2.6751
2024-01-18 12:28:20,275 - mmdet - INFO - Iter [3200/8370]	lr: 1.000e-02, eta: 3:10:43, time: 2.088, data_time: 0.023, memory: 9360, loss_cls: 0.4733, loss_bbox: 0.6727, loss: 1.1460, grad_norm: 2.7962
2024-01-18 12:30:05,333 - mmdet - INFO - Iter [3250/8370]	lr: 1.000e-02, eta: 3:08:44, time: 2.101, data_time: 0.023, memory: 9360, loss_cls: 0.4760, loss_bbox: 0.6703, loss: 1.1463, grad_norm: 2.8177
2024-01-18 12:31:50,266 - mmdet - INFO - Iter [3300/8370]	lr: 1.000e-02, eta: 3:06:45, time: 2.099, data_time: 0.024, memory: 9360, loss_cls: 0.4764, loss_bbox: 0.6621, loss: 1.1385, grad_norm: 2.6724
2024-01-18 12:33:46,485 - mmdet - INFO - Iter [3350/8370]	lr: 1.000e-02, eta: 3:11:47, time: 7.727, data_time: 5.695, memory: 9360, loss_cls: 0.5020, loss_bbox: 0.6520, loss: 1.1541, grad_norm: 2.5227
2024-01-18 12:35:31,064 - mmdet - INFO - Iter [3400/8370]	lr: 1.000e-02, eta: 3:09:38, time: 2.092, data_time: 0.022, memory: 9360, loss_cls: 0.4553, loss_bbox: 0.6397, loss: 1.0950, grad_norm: 2.7722
2024-01-18 12:37:15,818 - mmdet - INFO - Iter [3450/8370]	lr: 1.000e-02, eta: 3:07:30, time: 2.095, data_time: 0.023, memory: 9360, loss_cls: 0.4682, loss_bbox: 0.6638, loss: 1.1320, grad_norm: 2.7350
2024-01-18 12:39:01,138 - mmdet - INFO - Iter [3500/8370]	lr: 1.000e-02, eta: 3:05:23, time: 2.106, data_time: 0.023, memory: 9360, loss_cls: 0.4693, loss_bbox: 0.6437, loss: 1.1131, grad_norm: 2.5877
2024-01-18 12:40:45,836 - mmdet - INFO - Iter [3550/8370]	lr: 1.000e-02, eta: 3:03:16, time: 2.094, data_time: 0.023, memory: 9360, loss_cls: 0.4533, loss_bbox: 0.6342, loss: 1.0875, grad_norm: 2.5625
2024-01-18 12:42:30,755 - mmdet - INFO - Iter [3600/8370]	lr: 1.000e-02, eta: 3:01:10, time: 2.098, data_time: 0.024, memory: 9360, loss_cls: 0.4742, loss_bbox: 0.6312, loss: 1.1054, grad_norm: 2.9634
2024-01-18 12:44:27,745 - mmdet - INFO - Iter [3650/8370]	lr: 1.000e-02, eta: 2:59:37, time: 2.609, data_time: 0.513, memory: 9360, loss_cls: 0.4114, loss_bbox: 0.6024, loss: 1.0138, grad_norm: 2.2801
2024-01-18 12:46:12,482 - mmdet - INFO - Iter [3700/8370]	lr: 1.000e-02, eta: 2:57:31, time: 2.095, data_time: 0.023, memory: 9360, loss_cls: 0.4441, loss_bbox: 0.6379, loss: 1.0819, grad_norm: 2.8293
2024-01-18 12:47:57,373 - mmdet - INFO - Iter [3750/8370]	lr: 1.000e-02, eta: 2:55:26, time: 2.098, data_time: 0.024, memory: 9360, loss_cls: 0.4369, loss_bbox: 0.6172, loss: 1.0540, grad_norm: 2.4716
2024-01-18 12:49:42,068 - mmdet - INFO - Iter [3800/8370]	lr: 1.000e-02, eta: 2:53:21, time: 2.094, data_time: 0.024, memory: 9360, loss_cls: 0.4443, loss_bbox: 0.6179, loss: 1.0622, grad_norm: 2.8726
2024-01-18 12:51:26,959 - mmdet - INFO - Iter [3850/8370]	lr: 1.000e-02, eta: 2:51:16, time: 2.098, data_time: 0.025, memory: 9360, loss_cls: 0.4702, loss_bbox: 0.6232, loss: 1.0934, grad_norm: 2.8312
2024-01-18 12:53:12,364 - mmdet - INFO - Iter [3900/8370]	lr: 1.000e-02, eta: 2:49:13, time: 2.108, data_time: 0.025, memory: 9360, loss_cls: 0.4332, loss_bbox: 0.6389, loss: 1.0721, grad_norm: 2.7612
2024-01-18 12:55:10,150 - mmdet - INFO - Iter [3950/8370]	lr: 1.000e-02, eta: 2:47:25, time: 2.371, data_time: 0.289, memory: 9360, loss_cls: 0.4584, loss_bbox: 0.6257, loss: 1.0841, grad_norm: 3.1723
2024-01-18 12:56:54,917 - mmdet - INFO - Exp name: retinanet_26e.py
2024-01-18 12:56:54,917 - mmdet - INFO - Iter [4000/8370]	lr: 1.000e-02, eta: 2:45:22, time: 2.095, data_time: 0.024, memory: 9360, loss_cls: 0.4279, loss_bbox: 0.6136, loss: 1.0415, grad_norm: 2.7014
2024-01-18 12:58:40,179 - mmdet - INFO - Iter [4050/8370]	lr: 1.000e-02, eta: 2:43:20, time: 2.105, data_time: 0.024, memory: 9360, loss_cls: 0.4324, loss_bbox: 0.5903, loss: 1.0227, grad_norm: 2.4398
2024-01-18 13:00:24,839 - mmdet - INFO - Iter [4100/8370]	lr: 1.000e-02, eta: 2:41:17, time: 2.093, data_time: 0.024, memory: 9360, loss_cls: 0.4452, loss_bbox: 0.6073, loss: 1.0525, grad_norm: 3.1145
2024-01-18 13:02:09,653 - mmdet - INFO - Iter [4150/8370]	lr: 1.000e-02, eta: 2:39:15, time: 2.096, data_time: 0.024, memory: 9360, loss_cls: 0.4598, loss_bbox: 0.6302, loss: 1.0899, grad_norm: 2.9740
2024-01-18 13:04:07,108 - mmdet - INFO - Iter [4200/8370]	lr: 1.000e-02, eta: 2:37:54, time: 2.905, data_time: 0.798, memory: 9360, loss_cls: 0.4106, loss_bbox: 0.5608, loss: 0.9713, grad_norm: 2.4902
2024-01-18 13:05:52,355 - mmdet - INFO - Iter [4250/8370]	lr: 1.000e-02, eta: 2:35:52, time: 2.105, data_time: 0.025, memory: 9360, loss_cls: 0.4242, loss_bbox: 0.6007, loss: 1.0249, grad_norm: 2.8973
2024-01-18 13:07:36,641 - mmdet - INFO - Iter [4300/8370]	lr: 1.000e-02, eta: 2:33:50, time: 2.086, data_time: 0.024, memory: 9360, loss_cls: 0.4202, loss_bbox: 0.6013, loss: 1.0215, grad_norm: 2.6951
2024-01-18 13:09:22,133 - mmdet - INFO - Iter [4350/8370]	lr: 1.000e-02, eta: 2:31:49, time: 2.110, data_time: 0.024, memory: 9360, loss_cls: 0.4329, loss_bbox: 0.5943, loss: 1.0272, grad_norm: 2.7923
2024-01-18 13:11:06,600 - mmdet - INFO - Iter [4400/8370]	lr: 1.000e-02, eta: 2:29:48, time: 2.089, data_time: 0.024, memory: 9360, loss_cls: 0.4206, loss_bbox: 0.6094, loss: 1.0300, grad_norm: 2.6207
2024-01-18 13:12:51,368 - mmdet - INFO - Iter [4450/8370]	lr: 1.000e-02, eta: 2:27:47, time: 2.095, data_time: 0.024, memory: 9360, loss_cls: 0.4226, loss_bbox: 0.5780, loss: 1.0006, grad_norm: 2.6963
2024-01-18 13:14:49,398 - mmdet - INFO - Iter [4500/8370]	lr: 1.000e-02, eta: 2:26:01, time: 2.434, data_time: 0.346, memory: 9360, loss_cls: 0.4044, loss_bbox: 0.5605, loss: 0.9649, grad_norm: 2.6016
2024-01-18 13:16:33,867 - mmdet - INFO - Iter [4550/8370]	lr: 1.000e-02, eta: 2:24:01, time: 2.089, data_time: 0.024, memory: 9360, loss_cls: 0.4172, loss_bbox: 0.5690, loss: 0.9862, grad_norm: 2.7049
2024-01-18 13:18:18,974 - mmdet - INFO - Iter [4600/8370]	lr: 1.000e-02, eta: 2:22:01, time: 2.102, data_time: 0.025, memory: 9360, loss_cls: 0.4121, loss_bbox: 0.5806, loss: 0.9927, grad_norm: 2.8338
2024-01-18 13:20:04,159 - mmdet - INFO - Iter [4650/8370]	lr: 1.000e-02, eta: 2:20:02, time: 2.104, data_time: 0.024, memory: 9360, loss_cls: 0.4210, loss_bbox: 0.5734, loss: 0.9944, grad_norm: 2.8053
2024-01-18 13:21:48,991 - mmdet - INFO - Iter [4700/8370]	lr: 1.000e-02, eta: 2:18:03, time: 2.097, data_time: 0.024, memory: 9360, loss_cls: 0.4156, loss_bbox: 0.5964, loss: 1.0120, grad_norm: 2.8303
2024-01-18 13:23:45,775 - mmdet - INFO - Iter [4750/8370]	lr: 1.000e-02, eta: 2:17:06, time: 3.732, data_time: 1.670, memory: 9360, loss_cls: 0.5182, loss_bbox: 0.7421, loss: 1.2602, grad_norm: 4.5786
2024-01-18 13:25:31,005 - mmdet - INFO - Iter [4800/8370]	lr: 1.000e-02, eta: 2:15:06, time: 2.105, data_time: 0.024, memory: 9360, loss_cls: 0.5307, loss_bbox: 0.6668, loss: 1.1975, grad_norm: 3.0969
2024-01-18 13:27:16,171 - mmdet - INFO - Iter [4850/8370]	lr: 1.000e-02, eta: 2:13:06, time: 2.103, data_time: 0.024, memory: 9360, loss_cls: 0.4336, loss_bbox: 0.5764, loss: 1.0100, grad_norm: 2.6385
2024-01-18 13:29:01,247 - mmdet - INFO - Iter [4900/8370]	lr: 1.000e-02, eta: 2:11:07, time: 2.102, data_time: 0.025, memory: 9360, loss_cls: 0.4305, loss_bbox: 0.5814, loss: 1.0119, grad_norm: 2.8427
2024-01-18 13:30:46,636 - mmdet - INFO - Iter [4950/8370]	lr: 1.000e-02, eta: 2:09:08, time: 2.108, data_time: 0.024, memory: 9360, loss_cls: 0.4290, loss_bbox: 0.5914, loss: 1.0204, grad_norm: 2.9395
2024-01-18 13:32:30,857 - mmdet - INFO - Exp name: retinanet_26e.py
2024-01-18 13:32:30,858 - mmdet - INFO - Iter [5000/8370]	lr: 1.000e-02, eta: 2:07:09, time: 2.084, data_time: 0.024, memory: 9360, loss_cls: 0.4278, loss_bbox: 0.5877, loss: 1.0155, grad_norm: 2.8137
2024-01-18 13:34:29,418 - mmdet - INFO - Iter [5050/8370]	lr: 1.000e-02, eta: 2:05:25, time: 2.552, data_time: 0.443, memory: 9360, loss_cls: 0.4131, loss_bbox: 0.5586, loss: 0.9717, grad_norm: 2.9830
2024-01-18 13:36:14,241 - mmdet - INFO - Iter [5100/8370]	lr: 1.000e-02, eta: 2:03:26, time: 2.096, data_time: 0.024, memory: 9360, loss_cls: 0.4118, loss_bbox: 0.5743, loss: 0.9861, grad_norm: 2.7776
2024-01-18 13:37:59,451 - mmdet - INFO - Iter [5150/8370]	lr: 1.000e-02, eta: 2:01:28, time: 2.104, data_time: 0.025, memory: 9360, loss_cls: 0.4245, loss_bbox: 0.5572, loss: 0.9817, grad_norm: 2.6809
2024-01-18 13:39:44,737 - mmdet - INFO - Iter [5200/8370]	lr: 1.000e-02, eta: 1:59:30, time: 2.106, data_time: 0.025, memory: 9360, loss_cls: 0.4215, loss_bbox: 0.5508, loss: 0.9723, grad_norm: 2.8303
2024-01-18 13:41:30,251 - mmdet - INFO - Iter [5250/8370]	lr: 1.000e-02, eta: 1:57:32, time: 2.110, data_time: 0.024, memory: 9360, loss_cls: 0.4346, loss_bbox: 0.5924, loss: 1.0270, grad_norm: 3.0202
2024-01-18 13:43:15,288 - mmdet - INFO - Iter [5300/8370]	lr: 1.000e-02, eta: 1:55:35, time: 2.101, data_time: 0.024, memory: 9360, loss_cls: 0.4175, loss_bbox: 0.5593, loss: 0.9768, grad_norm: 2.9640
2024-01-18 13:45:13,194 - mmdet - INFO - Iter [5350/8370]	lr: 1.000e-02, eta: 1:53:44, time: 2.346, data_time: 0.256, memory: 9360, loss_cls: 0.4100, loss_bbox: 0.5796, loss: 0.9896, grad_norm: 2.8630
2024-01-18 13:46:58,509 - mmdet - INFO - Iter [5400/8370]	lr: 1.000e-02, eta: 1:51:47, time: 2.106, data_time: 0.024, memory: 9360, loss_cls: 0.3896, loss_bbox: 0.5491, loss: 0.9387, grad_norm: 2.5463
2024-01-18 13:48:43,067 - mmdet - INFO - Iter [5450/8370]	lr: 1.000e-02, eta: 1:49:50, time: 2.091, data_time: 0.024, memory: 9360, loss_cls: 0.4161, loss_bbox: 0.5489, loss: 0.9650, grad_norm: 2.9247
2024-01-18 13:50:27,699 - mmdet - INFO - Iter [5500/8370]	lr: 1.000e-02, eta: 1:47:52, time: 2.093, data_time: 0.024, memory: 9360, loss_cls: 0.4119, loss_bbox: 0.5423, loss: 0.9542, grad_norm: 2.8553
2024-01-18 13:52:12,797 - mmdet - INFO - Iter [5550/8370]	lr: 1.000e-02, eta: 1:45:56, time: 2.102, data_time: 0.024, memory: 9360, loss_cls: 0.3994, loss_bbox: 0.5364, loss: 0.9358, grad_norm: 2.6403
2024-01-18 13:54:11,504 - mmdet - INFO - Iter [5600/8370]	lr: 1.000e-03, eta: 1:44:15, time: 2.738, data_time: 0.621, memory: 9360, loss_cls: 0.3830, loss_bbox: 0.5220, loss: 0.9050, grad_norm: 2.5816
2024-01-18 13:55:55,996 - mmdet - INFO - Iter [5650/8370]	lr: 1.000e-03, eta: 1:42:18, time: 2.090, data_time: 0.024, memory: 9360, loss_cls: 0.3722, loss_bbox: 0.4980, loss: 0.8702, grad_norm: 2.1719
2024-01-18 13:57:40,886 - mmdet - INFO - Iter [5700/8370]	lr: 1.000e-03, eta: 1:40:22, time: 2.098, data_time: 0.024, memory: 9360, loss_cls: 0.3654, loss_bbox: 0.4736, loss: 0.8390, grad_norm: 2.3111
2024-01-18 13:59:26,006 - mmdet - INFO - Iter [5750/8370]	lr: 1.000e-03, eta: 1:38:25, time: 2.102, data_time: 0.025, memory: 9360, loss_cls: 0.3660, loss_bbox: 0.4803, loss: 0.8463, grad_norm: 2.3511
2024-01-18 14:01:10,912 - mmdet - INFO - Iter [5800/8370]	lr: 1.000e-03, eta: 1:36:29, time: 2.098, data_time: 0.024, memory: 9360, loss_cls: 0.3575, loss_bbox: 0.4862, loss: 0.8437, grad_norm: 2.1437
2024-01-18 14:02:55,539 - mmdet - INFO - Iter [5850/8370]	lr: 1.000e-03, eta: 1:34:33, time: 2.093, data_time: 0.024, memory: 9360, loss_cls: 0.3500, loss_bbox: 0.4734, loss: 0.8234, grad_norm: 2.1929
2024-01-18 14:04:52,472 - mmdet - INFO - Iter [5900/8370]	lr: 1.000e-03, eta: 1:32:43, time: 2.370, data_time: 0.314, memory: 9360, loss_cls: 0.3656, loss_bbox: 0.4725, loss: 0.8381, grad_norm: 2.1777
2024-01-18 14:06:37,263 - mmdet - INFO - Iter [5950/8370]	lr: 1.000e-03, eta: 1:30:47, time: 2.096, data_time: 0.024, memory: 9360, loss_cls: 0.3544, loss_bbox: 0.4747, loss: 0.8291, grad_norm: 2.1452
2024-01-18 14:08:22,645 - mmdet - INFO - Exp name: retinanet_26e.py
2024-01-18 14:08:22,645 - mmdet - INFO - Iter [6000/8370]	lr: 1.000e-03, eta: 1:28:52, time: 2.108, data_time: 0.024, memory: 9360, loss_cls: 0.3478, loss_bbox: 0.4652, loss: 0.8131, grad_norm: 2.0243
2024-01-18 14:10:07,607 - mmdet - INFO - Iter [6050/8370]	lr: 1.000e-03, eta: 1:26:56, time: 2.099, data_time: 0.025, memory: 9360, loss_cls: 0.3459, loss_bbox: 0.4587, loss: 0.8046, grad_norm: 2.2292
2024-01-18 14:11:52,351 - mmdet - INFO - Iter [6100/8370]	lr: 1.000e-03, eta: 1:25:01, time: 2.095, data_time: 0.024, memory: 9360, loss_cls: 0.3596, loss_bbox: 0.4679, loss: 0.8275, grad_norm: 2.1864
2024-01-18 14:13:50,195 - mmdet - INFO - Iter [6150/8370]	lr: 1.000e-03, eta: 1:23:24, time: 3.096, data_time: 1.004, memory: 9360, loss_cls: 0.3456, loss_bbox: 0.4825, loss: 0.8282, grad_norm: 2.0158
2024-01-18 14:15:35,124 - mmdet - INFO - Iter [6200/8370]	lr: 1.000e-03, eta: 1:21:29, time: 2.099, data_time: 0.024, memory: 9360, loss_cls: 0.3497, loss_bbox: 0.4520, loss: 0.8018, grad_norm: 2.3248
2024-01-18 14:17:20,145 - mmdet - INFO - Iter [6250/8370]	lr: 1.000e-03, eta: 1:19:33, time: 2.100, data_time: 0.023, memory: 9360, loss_cls: 0.3511, loss_bbox: 0.4716, loss: 0.8227, grad_norm: 2.1751
2024-01-18 14:19:05,711 - mmdet - INFO - Iter [6300/8370]	lr: 1.000e-03, eta: 1:17:38, time: 2.111, data_time: 0.025, memory: 9360, loss_cls: 0.3486, loss_bbox: 0.4652, loss: 0.8138, grad_norm: 2.2262
2024-01-18 14:20:50,980 - mmdet - INFO - Iter [6350/8370]	lr: 1.000e-03, eta: 1:15:44, time: 2.105, data_time: 0.024, memory: 9360, loss_cls: 0.3410, loss_bbox: 0.4657, loss: 0.8067, grad_norm: 2.0994
2024-01-18 14:22:35,341 - mmdet - INFO - Iter [6400/8370]	lr: 1.000e-03, eta: 1:13:49, time: 2.087, data_time: 0.023, memory: 9360, loss_cls: 0.3513, loss_bbox: 0.4491, loss: 0.8004, grad_norm: 2.2397
2024-01-18 14:24:32,514 - mmdet - INFO - Iter [6450/8370]	lr: 1.000e-03, eta: 1:11:59, time: 2.448, data_time: 0.355, memory: 9360, loss_cls: 0.3420, loss_bbox: 0.4527, loss: 0.7947, grad_norm: 2.3485
2024-01-18 14:26:17,496 - mmdet - INFO - Iter [6500/8370]	lr: 1.000e-03, eta: 1:10:05, time: 2.100, data_time: 0.022, memory: 9360, loss_cls: 0.3429, loss_bbox: 0.4460, loss: 0.7889, grad_norm: 2.1912
2024-01-18 14:28:02,224 - mmdet - INFO - Iter [6550/8370]	lr: 1.000e-03, eta: 1:08:10, time: 2.095, data_time: 0.023, memory: 9360, loss_cls: 0.3420, loss_bbox: 0.4581, loss: 0.8002, grad_norm: 2.0891
2024-01-18 14:29:47,667 - mmdet - INFO - Iter [6600/8370]	lr: 1.000e-03, eta: 1:06:16, time: 2.109, data_time: 0.023, memory: 9360, loss_cls: 0.3405, loss_bbox: 0.4566, loss: 0.7971, grad_norm: 2.1567
2024-01-18 14:31:32,898 - mmdet - INFO - Iter [6650/8370]	lr: 1.000e-03, eta: 1:04:22, time: 2.105, data_time: 0.023, memory: 9360, loss_cls: 0.3421, loss_bbox: 0.4491, loss: 0.7912, grad_norm: 2.1638
2024-01-18 14:33:29,042 - mmdet - INFO - Iter [6700/8370]	lr: 1.000e-03, eta: 1:03:02, time: 4.884, data_time: 2.833, memory: 9360, loss_cls: 0.3423, loss_bbox: 0.4153, loss: 0.7575, grad_norm: 1.6931
2024-01-18 14:35:14,100 - mmdet - INFO - Iter [6750/8370]	lr: 1.000e-03, eta: 1:01:07, time: 2.101, data_time: 0.022, memory: 9360, loss_cls: 0.3426, loss_bbox: 0.4552, loss: 0.7978, grad_norm: 2.1013
2024-01-18 14:36:59,137 - mmdet - INFO - Iter [6800/8370]	lr: 1.000e-03, eta: 0:59:12, time: 2.101, data_time: 0.023, memory: 9360, loss_cls: 0.3433, loss_bbox: 0.4375, loss: 0.7808, grad_norm: 2.2293
2024-01-18 14:38:44,348 - mmdet - INFO - Iter [6850/8370]	lr: 1.000e-03, eta: 0:57:17, time: 2.104, data_time: 0.023, memory: 9360, loss_cls: 0.3494, loss_bbox: 0.4412, loss: 0.7906, grad_norm: 2.3579
2024-01-18 14:40:29,136 - mmdet - INFO - Iter [6900/8370]	lr: 1.000e-03, eta: 0:55:22, time: 2.096, data_time: 0.023, memory: 9360, loss_cls: 0.3423, loss_bbox: 0.4483, loss: 0.7906, grad_norm: 2.3131
2024-01-18 14:42:14,469 - mmdet - INFO - Iter [6950/8370]	lr: 1.000e-03, eta: 0:53:28, time: 2.107, data_time: 0.023, memory: 9360, loss_cls: 0.3441, loss_bbox: 0.4427, loss: 0.7869, grad_norm: 2.1983
2024-01-18 14:44:12,081 - mmdet - INFO - Exp name: retinanet_26e.py
2024-01-18 14:44:12,081 - mmdet - INFO - Iter [7000/8370]	lr: 1.000e-03, eta: 0:51:38, time: 2.591, data_time: 0.473, memory: 9360, loss_cls: 0.3321, loss_bbox: 0.4401, loss: 0.7722, grad_norm: 2.0091
2024-01-18 14:45:56,547 - mmdet - INFO - Iter [7050/8370]	lr: 1.000e-03, eta: 0:49:43, time: 2.089, data_time: 0.023, memory: 9360, loss_cls: 0.3391, loss_bbox: 0.4357, loss: 0.7748, grad_norm: 2.3107
2024-01-18 14:47:41,597 - mmdet - INFO - Iter [7100/8370]	lr: 1.000e-03, eta: 0:47:49, time: 2.101, data_time: 0.023, memory: 9360, loss_cls: 0.3342, loss_bbox: 0.4435, loss: 0.7777, grad_norm: 2.2620
2024-01-18 14:49:26,438 - mmdet - INFO - Iter [7150/8370]	lr: 1.000e-03, eta: 0:45:54, time: 2.097, data_time: 0.024, memory: 9360, loss_cls: 0.3432, loss_bbox: 0.4293, loss: 0.7725, grad_norm: 2.1611
2024-01-18 14:51:11,520 - mmdet - INFO - Iter [7200/8370]	lr: 1.000e-03, eta: 0:44:00, time: 2.102, data_time: 0.023, memory: 9360, loss_cls: 0.3387, loss_bbox: 0.4352, loss: 0.7739, grad_norm: 2.0609
2024-01-18 14:52:56,798 - mmdet - INFO - Iter [7250/8370]	lr: 1.000e-03, eta: 0:42:06, time: 2.106, data_time: 0.024, memory: 9360, loss_cls: 0.3392, loss_bbox: 0.4384, loss: 0.7776, grad_norm: 2.0677
2024-01-18 14:54:53,640 - mmdet - INFO - Iter [7300/8370]	lr: 1.000e-03, eta: 0:40:14, time: 2.340, data_time: 0.264, memory: 9360, loss_cls: 0.3437, loss_bbox: 0.4377, loss: 0.7814, grad_norm: 2.1375
2024-01-18 14:56:37,914 - mmdet - INFO - Iter [7350/8370]	lr: 1.000e-03, eta: 0:38:20, time: 2.085, data_time: 0.023, memory: 9360, loss_cls: 0.3231, loss_bbox: 0.4339, loss: 0.7570, grad_norm: 2.2336
2024-01-18 14:58:22,499 - mmdet - INFO - Iter [7400/8370]	lr: 1.000e-03, eta: 0:36:26, time: 2.092, data_time: 0.023, memory: 9360, loss_cls: 0.3338, loss_bbox: 0.4370, loss: 0.7708, grad_norm: 2.0692
2024-01-18 15:00:07,551 - mmdet - INFO - Iter [7450/8370]	lr: 1.000e-03, eta: 0:34:32, time: 2.101, data_time: 0.023, memory: 9360, loss_cls: 0.3371, loss_bbox: 0.4262, loss: 0.7633, grad_norm: 2.2359
2024-01-18 15:01:52,579 - mmdet - INFO - Iter [7500/8370]	lr: 1.000e-03, eta: 0:32:39, time: 2.101, data_time: 0.023, memory: 9360, loss_cls: 0.3222, loss_bbox: 0.4141, loss: 0.7363, grad_norm: 2.2469
2024-01-18 15:03:49,876 - mmdet - INFO - Iter [7550/8370]	lr: 1.000e-03, eta: 0:30:49, time: 2.771, data_time: 0.671, memory: 9360, loss_cls: 0.3199, loss_bbox: 0.4435, loss: 0.7635, grad_norm: 2.5331
2024-01-18 15:05:34,219 - mmdet - INFO - Iter [7600/8370]	lr: 1.000e-03, eta: 0:28:55, time: 2.087, data_time: 0.022, memory: 9360, loss_cls: 0.3410, loss_bbox: 0.4243, loss: 0.7653, grad_norm: 2.2472
2024-01-18 15:07:18,264 - mmdet - INFO - Iter [7650/8370]	lr: 1.000e-03, eta: 0:27:02, time: 2.081, data_time: 0.023, memory: 9360, loss_cls: 0.3440, loss_bbox: 0.4094, loss: 0.7534, grad_norm: 2.4010
2024-01-18 15:09:03,246 - mmdet - INFO - Iter [7700/8370]	lr: 1.000e-03, eta: 0:25:09, time: 2.100, data_time: 0.024, memory: 9360, loss_cls: 0.3205, loss_bbox: 0.4154, loss: 0.7359, grad_norm: 2.1595
2024-01-18 15:10:48,586 - mmdet - INFO - Iter [7750/8370]	lr: 1.000e-03, eta: 0:23:15, time: 2.107, data_time: 0.024, memory: 9360, loss_cls: 0.3280, loss_bbox: 0.4358, loss: 0.7637, grad_norm: 2.1347
2024-01-18 15:12:33,578 - mmdet - INFO - Iter [7800/8370]	lr: 1.000e-03, eta: 0:21:22, time: 2.100, data_time: 0.024, memory: 9360, loss_cls: 0.3308, loss_bbox: 0.4276, loss: 0.7584, grad_norm: 2.3403
2024-01-18 15:14:30,621 - mmdet - INFO - Iter [7850/8370]	lr: 1.000e-03, eta: 0:19:30, time: 2.402, data_time: 0.310, memory: 9360, loss_cls: 0.3225, loss_bbox: 0.4125, loss: 0.7350, grad_norm: 2.3548
2024-01-18 15:16:14,911 - mmdet - INFO - Iter [7900/8370]	lr: 1.000e-03, eta: 0:17:37, time: 2.086, data_time: 0.023, memory: 9360, loss_cls: 0.3228, loss_bbox: 0.4167, loss: 0.7395, grad_norm: 2.2148
2024-01-18 15:17:59,497 - mmdet - INFO - Iter [7950/8370]	lr: 1.000e-03, eta: 0:15:44, time: 2.092, data_time: 0.023, memory: 9360, loss_cls: 0.3207, loss_bbox: 0.4051, loss: 0.7257, grad_norm: 2.3038
2024-01-18 15:19:44,656 - mmdet - INFO - Exp name: retinanet_26e.py
2024-01-18 15:19:44,656 - mmdet - INFO - Iter [8000/8370]	lr: 1.000e-03, eta: 0:13:51, time: 2.103, data_time: 0.024, memory: 9360, loss_cls: 0.3209, loss_bbox: 0.4235, loss: 0.7444, grad_norm: 2.2430
2024-01-18 15:21:30,089 - mmdet - INFO - Iter [8050/8370]	lr: 1.000e-03, eta: 0:11:59, time: 2.109, data_time: 0.025, memory: 9360, loss_cls: 0.3238, loss_bbox: 0.4236, loss: 0.7474, grad_norm: 2.3568
2024-01-18 15:23:26,968 - mmdet - INFO - Iter [8100/8370]	lr: 1.000e-03, eta: 0:10:08, time: 3.353, data_time: 1.326, memory: 9360, loss_cls: 0.3258, loss_bbox: 0.4298, loss: 0.7556, grad_norm: 2.5310
2024-01-18 15:25:12,602 - mmdet - INFO - Iter [8150/8370]	lr: 1.000e-03, eta: 0:08:15, time: 2.113, data_time: 0.024, memory: 9360, loss_cls: 0.3195, loss_bbox: 0.3990, loss: 0.7185, grad_norm: 2.6287
2024-01-18 15:26:57,119 - mmdet - INFO - Iter [8200/8370]	lr: 1.000e-03, eta: 0:06:22, time: 2.090, data_time: 0.025, memory: 9360, loss_cls: 0.3353, loss_bbox: 0.4170, loss: 0.7523, grad_norm: 2.2170
2024-01-18 15:28:42,492 - mmdet - INFO - Iter [8250/8370]	lr: 1.000e-03, eta: 0:04:30, time: 2.107, data_time: 0.026, memory: 9360, loss_cls: 0.3299, loss_bbox: 0.4284, loss: 0.7583, grad_norm: 2.1296
2024-01-18 15:30:28,241 - mmdet - INFO - Iter [8300/8370]	lr: 1.000e-03, eta: 0:02:37, time: 2.115, data_time: 0.025, memory: 9360, loss_cls: 0.3376, loss_bbox: 0.4278, loss: 0.7654, grad_norm: 2.2146
2024-01-18 15:32:13,276 - mmdet - INFO - Iter [8350/8370]	lr: 1.000e-03, eta: 0:00:44, time: 2.101, data_time: 0.025, memory: 9360, loss_cls: 0.3218, loss_bbox: 0.4149, loss: 0.7367, grad_norm: 2.4173
2024-01-18 15:32:56,441 - mmdet - INFO - Saving checkpoint at 30 epochs
