2024-01-18 06:54:56,700 - mmdet - INFO - Environment info:
------------------------------------------------------------
sys.platform: linux
Python: 3.10.12 (main, Nov 20 2023, 15:14:05) [GCC 11.4.0]
CUDA available: True
GPU 0: Tesla T4
CUDA_HOME: /usr/local/cuda
NVCC: Cuda compilation tools, release 12.2, V12.2.140
GCC: x86_64-linux-gnu-gcc (Ubuntu 11.4.0-1ubuntu1~22.04) 11.4.0
PyTorch: 1.11.0+cu113
PyTorch compiling details: PyTorch built with:
  - GCC 7.3
  - C++ Version: 201402
  - Intel(R) Math Kernel Library Version 2020.0.0 Product Build 20191122 for Intel(R) 64 architecture applications
  - Intel(R) MKL-DNN v2.5.2 (Git Hash a9302535553c73243c632ad3c4c80beec3d19a1e)
  - OpenMP 201511 (a.k.a. OpenMP 4.5)
  - LAPACK is enabled (usually provided by MKL)
  - NNPACK is enabled
  - CPU capability usage: AVX2
  - CUDA Runtime 11.3
  - NVCC architecture flags: -gencode;arch=compute_37,code=sm_37;-gencode;arch=compute_50,code=sm_50;-gencode;arch=compute_60,code=sm_60;-gencode;arch=compute_70,code=sm_70;-gencode;arch=compute_75,code=sm_75;-gencode;arch=compute_80,code=sm_80;-gencode;arch=compute_86,code=sm_86
  - CuDNN 8.2
  - Magma 2.5.2
  - Build settings: BLAS_INFO=mkl, BUILD_TYPE=Release, CUDA_VERSION=11.3, CUDNN_VERSION=8.2.0, CXX_COMPILER=/opt/rh/devtoolset-7/root/usr/bin/c++, CXX_FLAGS= -Wno-deprecated -fvisibility-inlines-hidden -DUSE_PTHREADPOOL -fopenmp -DNDEBUG -DUSE_KINETO -DUSE_FBGEMM -DUSE_QNNPACK -DUSE_PYTORCH_QNNPACK -DUSE_XNNPACK -DSYMBOLICATE_MOBILE_DEBUG_HANDLE -DEDGE_PROFILER_USE_KINETO -O2 -fPIC -Wno-narrowing -Wall -Wextra -Werror=return-type -Wno-missing-field-initializers -Wno-type-limits -Wno-array-bounds -Wno-unknown-pragmas -Wno-sign-compare -Wno-unused-parameter -Wno-unused-function -Wno-unused-result -Wno-unused-local-typedefs -Wno-strict-overflow -Wno-strict-aliasing -Wno-error=deprecated-declarations -Wno-stringop-overflow -Wno-psabi -Wno-error=pedantic -Wno-error=redundant-decls -Wno-error=old-style-cast -fdiagnostics-color=always -faligned-new -Wno-unused-but-set-variable -Wno-maybe-uninitialized -fno-math-errno -fno-trapping-math -Werror=format -Wno-stringop-overflow, LAPACK_INFO=mkl, PERF_WITH_AVX=1, PERF_WITH_AVX2=1, PERF_WITH_AVX512=1, TORCH_VERSION=1.11.0, USE_CUDA=ON, USE_CUDNN=ON, USE_EXCEPTION_PTR=1, USE_GFLAGS=OFF, USE_GLOG=OFF, USE_MKL=ON, USE_MKLDNN=OFF, USE_MPI=OFF, USE_NCCL=ON, USE_NNPACK=ON, USE_OPENMP=ON, USE_ROCM=OFF, 

TorchVision: 0.12.0+cu113
OpenCV: 4.8.0
MMCV: 1.5.0
MMCV Compiler: GCC 7.3
MMCV CUDA Compiler: 11.3
MMDetection: 2.20.0+f3aac93
------------------------------------------------------------

2024-01-18 06:54:56,900 - mmdet - INFO - Distributed training: True
2024-01-18 06:54:57,220 - mmdet - INFO - Config:
model = dict(
    type='RetinaNet',
    backbone=dict(
        type='ResNet',
        depth=50,
        num_stages=4,
        out_indices=(0, 1, 2, 3),
        frozen_stages=1,
        norm_cfg=dict(type='BN', requires_grad=False),
        norm_eval=True,
        style='pytorch',
        init_cfg=dict(
            type='Pretrained',
            checkpoint='data/pretrain_models/resnet50-19c8e357.pth')),
    neck=dict(
        type='FPN',
        in_channels=[256, 512, 1024, 2048],
        out_channels=256,
        start_level=1,
        add_extra_convs='on_input',
        num_outs=5),
    bbox_head=dict(
        type='RetinaQualityEMAHead',
        num_classes=10,
        in_channels=256,
        stacked_convs=4,
        feat_channels=256,
        anchor_generator=dict(
            type='AnchorGenerator',
            octave_base_scale=4,
            scales_per_octave=3,
            ratios=[0.5, 1.0, 2.0],
            strides=[8, 16, 32, 64, 128]),
        bbox_coder=dict(
            type='DeltaXYWHBBoxCoder',
            target_means=[0.0, 0.0, 0.0, 0.0],
            target_stds=[1.0, 1.0, 1.0, 1.0]),
        loss_cls=dict(
            type='FocalLoss',
            use_sigmoid=True,
            gamma=2.0,
            alpha=0.25,
            loss_weight=1.0),
        loss_bbox=dict(type='L1Loss', loss_weight=1.0),
        base_momentum=0.99),
    train_cfg=dict(
        assigner=dict(
            type='MaxIoUAssigner',
            pos_iou_thr=0.5,
            neg_iou_thr=0.4,
            min_pos_iou=0,
            ignore_iof_thr=-1),
        allowed_border=-1,
        pos_weight=-1,
        debug=False),
    test_cfg=dict(
        nms_pre=5000,
        min_bbox_size=0,
        score_thr=0.05,
        nms=dict(type='nms', iou_threshold=0.5),
        max_per_img=100))
optimizer = dict(type='SGD', lr=0.01, momentum=0.9, weight_decay=0.0001)
optimizer_config = dict(grad_clip=dict(max_norm=35, norm_type=2))
lr_config = dict(
    policy='step',
    warmup='linear',
    warmup_iters=500,
    warmup_ratio=0.001,
    step=[20])
runner = dict(type='EpochBasedRunner', max_epochs=30)
checkpoint_config = dict(interval=30, max_keep_ckpts=1, by_epoch=True)
log_config = dict(
    interval=50, hooks=[dict(type='TextLoggerHook', by_epoch=False)])
custom_hooks = [dict(type='NumClassCheckHook')]
dist_params = dict(backend='nccl')
log_level = 'INFO'
load_from = None
resume_from = None
workflow = [('train', 1)]
mmdet_base = '../../_base_'
dataset_type = 'CocoDataset'
data_root = 'data/coco/'
img_norm_cfg = dict(
    mean=[123.675, 116.28, 103.53], std=[58.395, 57.12, 57.375], to_rgb=True)
train_pipeline = [
    dict(type='LoadImageFromFile'),
    dict(type='LoadAnnotations', with_bbox=True),
    dict(type='Resize', img_scale=(1333, 800), keep_ratio=True),
    dict(type='RandomFlip', flip_ratio=0.5),
    dict(
        type='Normalize',
        mean=[123.675, 116.28, 103.53],
        std=[58.395, 57.12, 57.375],
        to_rgb=True),
    dict(type='Pad', size_divisor=32),
    dict(type='DefaultFormatBundle'),
    dict(type='Collect', keys=['img', 'gt_bboxes', 'gt_labels'])
]
test_pipeline = [
    dict(type='LoadImageFromFile'),
    dict(
        type='MultiScaleFlipAug',
        img_scale=(1333, 800),
        flip=False,
        transforms=[
            dict(type='Resize', keep_ratio=True),
            dict(type='RandomFlip'),
            dict(
                type='Normalize',
                mean=[123.675, 116.28, 103.53],
                std=[58.395, 57.12, 57.375],
                to_rgb=True),
            dict(type='Pad', size_divisor=32),
            dict(type='ImageToTensor', keys=['img']),
            dict(type='Collect', keys=['img'])
        ])
]
data = dict(
    samples_per_gpu=6,
    workers_per_gpu=2,
    train=dict(
        type='CocoDataset',
        ann_file=
        'work_dirs/retinanet_coco_ppal_5rounds_2percent_to_10percent/round2/annotations/labeled.json',
        img_prefix='data/coco/train2017/',
        pipeline=[
            dict(type='LoadImageFromFile'),
            dict(type='LoadAnnotations', with_bbox=True),
            dict(type='Resize', img_scale=(1333, 800), keep_ratio=True),
            dict(type='RandomFlip', flip_ratio=0.5),
            dict(
                type='Normalize',
                mean=[123.675, 116.28, 103.53],
                std=[58.395, 57.12, 57.375],
                to_rgb=True),
            dict(type='Pad', size_divisor=32),
            dict(type='DefaultFormatBundle'),
            dict(type='Collect', keys=['img', 'gt_bboxes', 'gt_labels'])
        ]),
    val=dict(
        type='CocoDataset',
        ann_file='data/coco/annotations/instances_val2017.json',
        img_prefix='data/coco/val2017/',
        pipeline=[
            dict(type='LoadImageFromFile'),
            dict(
                type='MultiScaleFlipAug',
                img_scale=(1333, 800),
                flip=False,
                transforms=[
                    dict(type='Resize', keep_ratio=True),
                    dict(type='RandomFlip'),
                    dict(
                        type='Normalize',
                        mean=[123.675, 116.28, 103.53],
                        std=[58.395, 57.12, 57.375],
                        to_rgb=True),
                    dict(type='Pad', size_divisor=32),
                    dict(type='ImageToTensor', keys=['img']),
                    dict(type='Collect', keys=['img'])
                ])
        ]),
    test=dict(
        type='CocoDataset',
        ann_file='data/coco/annotations/instances_val2017.json',
        img_prefix='data/coco/val2017/',
        pipeline=[
            dict(type='LoadImageFromFile'),
            dict(
                type='MultiScaleFlipAug',
                img_scale=(1333, 800),
                flip=False,
                transforms=[
                    dict(type='Resize', keep_ratio=True),
                    dict(type='RandomFlip'),
                    dict(
                        type='Normalize',
                        mean=[123.675, 116.28, 103.53],
                        std=[58.395, 57.12, 57.375],
                        to_rgb=True),
                    dict(type='Pad', size_divisor=32),
                    dict(type='ImageToTensor', keys=['img']),
                    dict(type='Collect', keys=['img'])
                ])
        ]))
labeled_data = 'work_dirs/retinanet_coco_ppal_5rounds_2percent_to_10percent/round2/annotations/labeled.json'
unlabeled_data = 'work_dirs/retinanet_coco_ppal_5rounds_2percent_to_10percent/round2/annotations/unlabeled.json'
evaluation = dict(interval=999999, metric='bbox')
work_dir = 'work_dirs/retinanet_coco_ppal_5rounds_2percent_to_10percent/round2'
auto_resume = False
gpu_ids = range(0, 1)

2024-01-18 06:54:57,221 - mmdet - INFO - Set random seed to 1395584698, deterministic: False
2024-01-18 06:54:57,639 - mmdet - INFO - initialize ResNet with init_cfg {'type': 'Pretrained', 'checkpoint': 'data/pretrain_models/resnet50-19c8e357.pth'}
2024-01-18 06:54:57,947 - mmdet - INFO - initialize FPN with init_cfg {'type': 'Xavier', 'layer': 'Conv2d', 'distribution': 'uniform'}
2024-01-18 06:54:58,008 - mmdet - INFO - initialize RetinaQualityEMAHead with init_cfg {'type': 'Normal', 'layer': 'Conv2d', 'std': 0.01, 'override': {'type': 'Normal', 'name': 'retina_cls', 'std': 0.01, 'bias_prob': 0.01}}
Name of parameter - Initialization information

backbone.conv1.weight - torch.Size([64, 3, 7, 7]): 
PretrainedInit: load from data/pretrain_models/resnet50-19c8e357.pth 

backbone.bn1.weight - torch.Size([64]): 
PretrainedInit: load from data/pretrain_models/resnet50-19c8e357.pth 

backbone.bn1.bias - torch.Size([64]): 
PretrainedInit: load from data/pretrain_models/resnet50-19c8e357.pth 

backbone.layer1.0.conv1.weight - torch.Size([64, 64, 1, 1]): 
PretrainedInit: load from data/pretrain_models/resnet50-19c8e357.pth 

backbone.layer1.0.bn1.weight - torch.Size([64]): 
PretrainedInit: load from data/pretrain_models/resnet50-19c8e357.pth 

backbone.layer1.0.bn1.bias - torch.Size([64]): 
PretrainedInit: load from data/pretrain_models/resnet50-19c8e357.pth 

backbone.layer1.0.conv2.weight - torch.Size([64, 64, 3, 3]): 
PretrainedInit: load from data/pretrain_models/resnet50-19c8e357.pth 

backbone.layer1.0.bn2.weight - torch.Size([64]): 
PretrainedInit: load from data/pretrain_models/resnet50-19c8e357.pth 

backbone.layer1.0.bn2.bias - torch.Size([64]): 
PretrainedInit: load from data/pretrain_models/resnet50-19c8e357.pth 

backbone.layer1.0.conv3.weight - torch.Size([256, 64, 1, 1]): 
PretrainedInit: load from data/pretrain_models/resnet50-19c8e357.pth 

backbone.layer1.0.bn3.weight - torch.Size([256]): 
PretrainedInit: load from data/pretrain_models/resnet50-19c8e357.pth 

backbone.layer1.0.bn3.bias - torch.Size([256]): 
PretrainedInit: load from data/pretrain_models/resnet50-19c8e357.pth 

backbone.layer1.0.downsample.0.weight - torch.Size([256, 64, 1, 1]): 
PretrainedInit: load from data/pretrain_models/resnet50-19c8e357.pth 

backbone.layer1.0.downsample.1.weight - torch.Size([256]): 
PretrainedInit: load from data/pretrain_models/resnet50-19c8e357.pth 

backbone.layer1.0.downsample.1.bias - torch.Size([256]): 
PretrainedInit: load from data/pretrain_models/resnet50-19c8e357.pth 

backbone.layer1.1.conv1.weight - torch.Size([64, 256, 1, 1]): 
PretrainedInit: load from data/pretrain_models/resnet50-19c8e357.pth 

backbone.layer1.1.bn1.weight - torch.Size([64]): 
PretrainedInit: load from data/pretrain_models/resnet50-19c8e357.pth 

backbone.layer1.1.bn1.bias - torch.Size([64]): 
PretrainedInit: load from data/pretrain_models/resnet50-19c8e357.pth 

backbone.layer1.1.conv2.weight - torch.Size([64, 64, 3, 3]): 
PretrainedInit: load from data/pretrain_models/resnet50-19c8e357.pth 

backbone.layer1.1.bn2.weight - torch.Size([64]): 
PretrainedInit: load from data/pretrain_models/resnet50-19c8e357.pth 

backbone.layer1.1.bn2.bias - torch.Size([64]): 
PretrainedInit: load from data/pretrain_models/resnet50-19c8e357.pth 

backbone.layer1.1.conv3.weight - torch.Size([256, 64, 1, 1]): 
PretrainedInit: load from data/pretrain_models/resnet50-19c8e357.pth 

backbone.layer1.1.bn3.weight - torch.Size([256]): 
PretrainedInit: load from data/pretrain_models/resnet50-19c8e357.pth 

backbone.layer1.1.bn3.bias - torch.Size([256]): 
PretrainedInit: load from data/pretrain_models/resnet50-19c8e357.pth 

backbone.layer1.2.conv1.weight - torch.Size([64, 256, 1, 1]): 
PretrainedInit: load from data/pretrain_models/resnet50-19c8e357.pth 

backbone.layer1.2.bn1.weight - torch.Size([64]): 
PretrainedInit: load from data/pretrain_models/resnet50-19c8e357.pth 

backbone.layer1.2.bn1.bias - torch.Size([64]): 
PretrainedInit: load from data/pretrain_models/resnet50-19c8e357.pth 

backbone.layer1.2.conv2.weight - torch.Size([64, 64, 3, 3]): 
PretrainedInit: load from data/pretrain_models/resnet50-19c8e357.pth 

backbone.layer1.2.bn2.weight - torch.Size([64]): 
PretrainedInit: load from data/pretrain_models/resnet50-19c8e357.pth 

backbone.layer1.2.bn2.bias - torch.Size([64]): 
PretrainedInit: load from data/pretrain_models/resnet50-19c8e357.pth 

backbone.layer1.2.conv3.weight - torch.Size([256, 64, 1, 1]): 
PretrainedInit: load from data/pretrain_models/resnet50-19c8e357.pth 

backbone.layer1.2.bn3.weight - torch.Size([256]): 
PretrainedInit: load from data/pretrain_models/resnet50-19c8e357.pth 

backbone.layer1.2.bn3.bias - torch.Size([256]): 
PretrainedInit: load from data/pretrain_models/resnet50-19c8e357.pth 

backbone.layer2.0.conv1.weight - torch.Size([128, 256, 1, 1]): 
PretrainedInit: load from data/pretrain_models/resnet50-19c8e357.pth 

backbone.layer2.0.bn1.weight - torch.Size([128]): 
PretrainedInit: load from data/pretrain_models/resnet50-19c8e357.pth 

backbone.layer2.0.bn1.bias - torch.Size([128]): 
PretrainedInit: load from data/pretrain_models/resnet50-19c8e357.pth 

backbone.layer2.0.conv2.weight - torch.Size([128, 128, 3, 3]): 
PretrainedInit: load from data/pretrain_models/resnet50-19c8e357.pth 

backbone.layer2.0.bn2.weight - torch.Size([128]): 
PretrainedInit: load from data/pretrain_models/resnet50-19c8e357.pth 

backbone.layer2.0.bn2.bias - torch.Size([128]): 
PretrainedInit: load from data/pretrain_models/resnet50-19c8e357.pth 

backbone.layer2.0.conv3.weight - torch.Size([512, 128, 1, 1]): 
PretrainedInit: load from data/pretrain_models/resnet50-19c8e357.pth 

backbone.layer2.0.bn3.weight - torch.Size([512]): 
PretrainedInit: load from data/pretrain_models/resnet50-19c8e357.pth 

backbone.layer2.0.bn3.bias - torch.Size([512]): 
PretrainedInit: load from data/pretrain_models/resnet50-19c8e357.pth 

backbone.layer2.0.downsample.0.weight - torch.Size([512, 256, 1, 1]): 
PretrainedInit: load from data/pretrain_models/resnet50-19c8e357.pth 

backbone.layer2.0.downsample.1.weight - torch.Size([512]): 
PretrainedInit: load from data/pretrain_models/resnet50-19c8e357.pth 

backbone.layer2.0.downsample.1.bias - torch.Size([512]): 
PretrainedInit: load from data/pretrain_models/resnet50-19c8e357.pth 

backbone.layer2.1.conv1.weight - torch.Size([128, 512, 1, 1]): 
PretrainedInit: load from data/pretrain_models/resnet50-19c8e357.pth 

backbone.layer2.1.bn1.weight - torch.Size([128]): 
PretrainedInit: load from data/pretrain_models/resnet50-19c8e357.pth 

backbone.layer2.1.bn1.bias - torch.Size([128]): 
PretrainedInit: load from data/pretrain_models/resnet50-19c8e357.pth 

backbone.layer2.1.conv2.weight - torch.Size([128, 128, 3, 3]): 
PretrainedInit: load from data/pretrain_models/resnet50-19c8e357.pth 

backbone.layer2.1.bn2.weight - torch.Size([128]): 
PretrainedInit: load from data/pretrain_models/resnet50-19c8e357.pth 

backbone.layer2.1.bn2.bias - torch.Size([128]): 
PretrainedInit: load from data/pretrain_models/resnet50-19c8e357.pth 

backbone.layer2.1.conv3.weight - torch.Size([512, 128, 1, 1]): 
PretrainedInit: load from data/pretrain_models/resnet50-19c8e357.pth 

backbone.layer2.1.bn3.weight - torch.Size([512]): 
PretrainedInit: load from data/pretrain_models/resnet50-19c8e357.pth 

backbone.layer2.1.bn3.bias - torch.Size([512]): 
PretrainedInit: load from data/pretrain_models/resnet50-19c8e357.pth 

backbone.layer2.2.conv1.weight - torch.Size([128, 512, 1, 1]): 
PretrainedInit: load from data/pretrain_models/resnet50-19c8e357.pth 

backbone.layer2.2.bn1.weight - torch.Size([128]): 
PretrainedInit: load from data/pretrain_models/resnet50-19c8e357.pth 

backbone.layer2.2.bn1.bias - torch.Size([128]): 
PretrainedInit: load from data/pretrain_models/resnet50-19c8e357.pth 

backbone.layer2.2.conv2.weight - torch.Size([128, 128, 3, 3]): 
PretrainedInit: load from data/pretrain_models/resnet50-19c8e357.pth 

backbone.layer2.2.bn2.weight - torch.Size([128]): 
PretrainedInit: load from data/pretrain_models/resnet50-19c8e357.pth 

backbone.layer2.2.bn2.bias - torch.Size([128]): 
PretrainedInit: load from data/pretrain_models/resnet50-19c8e357.pth 

backbone.layer2.2.conv3.weight - torch.Size([512, 128, 1, 1]): 
PretrainedInit: load from data/pretrain_models/resnet50-19c8e357.pth 

backbone.layer2.2.bn3.weight - torch.Size([512]): 
PretrainedInit: load from data/pretrain_models/resnet50-19c8e357.pth 

backbone.layer2.2.bn3.bias - torch.Size([512]): 
PretrainedInit: load from data/pretrain_models/resnet50-19c8e357.pth 

backbone.layer2.3.conv1.weight - torch.Size([128, 512, 1, 1]): 
PretrainedInit: load from data/pretrain_models/resnet50-19c8e357.pth 

backbone.layer2.3.bn1.weight - torch.Size([128]): 
PretrainedInit: load from data/pretrain_models/resnet50-19c8e357.pth 

backbone.layer2.3.bn1.bias - torch.Size([128]): 
PretrainedInit: load from data/pretrain_models/resnet50-19c8e357.pth 

backbone.layer2.3.conv2.weight - torch.Size([128, 128, 3, 3]): 
PretrainedInit: load from data/pretrain_models/resnet50-19c8e357.pth 

backbone.layer2.3.bn2.weight - torch.Size([128]): 
PretrainedInit: load from data/pretrain_models/resnet50-19c8e357.pth 

backbone.layer2.3.bn2.bias - torch.Size([128]): 
PretrainedInit: load from data/pretrain_models/resnet50-19c8e357.pth 

backbone.layer2.3.conv3.weight - torch.Size([512, 128, 1, 1]): 
PretrainedInit: load from data/pretrain_models/resnet50-19c8e357.pth 

backbone.layer2.3.bn3.weight - torch.Size([512]): 
PretrainedInit: load from data/pretrain_models/resnet50-19c8e357.pth 

backbone.layer2.3.bn3.bias - torch.Size([512]): 
PretrainedInit: load from data/pretrain_models/resnet50-19c8e357.pth 

backbone.layer3.0.conv1.weight - torch.Size([256, 512, 1, 1]): 
PretrainedInit: load from data/pretrain_models/resnet50-19c8e357.pth 

backbone.layer3.0.bn1.weight - torch.Size([256]): 
PretrainedInit: load from data/pretrain_models/resnet50-19c8e357.pth 

backbone.layer3.0.bn1.bias - torch.Size([256]): 
PretrainedInit: load from data/pretrain_models/resnet50-19c8e357.pth 

backbone.layer3.0.conv2.weight - torch.Size([256, 256, 3, 3]): 
PretrainedInit: load from data/pretrain_models/resnet50-19c8e357.pth 

backbone.layer3.0.bn2.weight - torch.Size([256]): 
PretrainedInit: load from data/pretrain_models/resnet50-19c8e357.pth 

backbone.layer3.0.bn2.bias - torch.Size([256]): 
PretrainedInit: load from data/pretrain_models/resnet50-19c8e357.pth 

backbone.layer3.0.conv3.weight - torch.Size([1024, 256, 1, 1]): 
PretrainedInit: load from data/pretrain_models/resnet50-19c8e357.pth 

backbone.layer3.0.bn3.weight - torch.Size([1024]): 
PretrainedInit: load from data/pretrain_models/resnet50-19c8e357.pth 

backbone.layer3.0.bn3.bias - torch.Size([1024]): 
PretrainedInit: load from data/pretrain_models/resnet50-19c8e357.pth 

backbone.layer3.0.downsample.0.weight - torch.Size([1024, 512, 1, 1]): 
PretrainedInit: load from data/pretrain_models/resnet50-19c8e357.pth 

backbone.layer3.0.downsample.1.weight - torch.Size([1024]): 
PretrainedInit: load from data/pretrain_models/resnet50-19c8e357.pth 

backbone.layer3.0.downsample.1.bias - torch.Size([1024]): 
PretrainedInit: load from data/pretrain_models/resnet50-19c8e357.pth 

backbone.layer3.1.conv1.weight - torch.Size([256, 1024, 1, 1]): 
PretrainedInit: load from data/pretrain_models/resnet50-19c8e357.pth 

backbone.layer3.1.bn1.weight - torch.Size([256]): 
PretrainedInit: load from data/pretrain_models/resnet50-19c8e357.pth 

backbone.layer3.1.bn1.bias - torch.Size([256]): 
PretrainedInit: load from data/pretrain_models/resnet50-19c8e357.pth 

backbone.layer3.1.conv2.weight - torch.Size([256, 256, 3, 3]): 
PretrainedInit: load from data/pretrain_models/resnet50-19c8e357.pth 

backbone.layer3.1.bn2.weight - torch.Size([256]): 
PretrainedInit: load from data/pretrain_models/resnet50-19c8e357.pth 

backbone.layer3.1.bn2.bias - torch.Size([256]): 
PretrainedInit: load from data/pretrain_models/resnet50-19c8e357.pth 

backbone.layer3.1.conv3.weight - torch.Size([1024, 256, 1, 1]): 
PretrainedInit: load from data/pretrain_models/resnet50-19c8e357.pth 

backbone.layer3.1.bn3.weight - torch.Size([1024]): 
PretrainedInit: load from data/pretrain_models/resnet50-19c8e357.pth 

backbone.layer3.1.bn3.bias - torch.Size([1024]): 
PretrainedInit: load from data/pretrain_models/resnet50-19c8e357.pth 

backbone.layer3.2.conv1.weight - torch.Size([256, 1024, 1, 1]): 
PretrainedInit: load from data/pretrain_models/resnet50-19c8e357.pth 

backbone.layer3.2.bn1.weight - torch.Size([256]): 
PretrainedInit: load from data/pretrain_models/resnet50-19c8e357.pth 

backbone.layer3.2.bn1.bias - torch.Size([256]): 
PretrainedInit: load from data/pretrain_models/resnet50-19c8e357.pth 

backbone.layer3.2.conv2.weight - torch.Size([256, 256, 3, 3]): 
PretrainedInit: load from data/pretrain_models/resnet50-19c8e357.pth 

backbone.layer3.2.bn2.weight - torch.Size([256]): 
PretrainedInit: load from data/pretrain_models/resnet50-19c8e357.pth 

backbone.layer3.2.bn2.bias - torch.Size([256]): 
PretrainedInit: load from data/pretrain_models/resnet50-19c8e357.pth 

backbone.layer3.2.conv3.weight - torch.Size([1024, 256, 1, 1]): 
PretrainedInit: load from data/pretrain_models/resnet50-19c8e357.pth 

backbone.layer3.2.bn3.weight - torch.Size([1024]): 
PretrainedInit: load from data/pretrain_models/resnet50-19c8e357.pth 

backbone.layer3.2.bn3.bias - torch.Size([1024]): 
PretrainedInit: load from data/pretrain_models/resnet50-19c8e357.pth 

backbone.layer3.3.conv1.weight - torch.Size([256, 1024, 1, 1]): 
PretrainedInit: load from data/pretrain_models/resnet50-19c8e357.pth 

backbone.layer3.3.bn1.weight - torch.Size([256]): 
PretrainedInit: load from data/pretrain_models/resnet50-19c8e357.pth 

backbone.layer3.3.bn1.bias - torch.Size([256]): 
PretrainedInit: load from data/pretrain_models/resnet50-19c8e357.pth 

backbone.layer3.3.conv2.weight - torch.Size([256, 256, 3, 3]): 
PretrainedInit: load from data/pretrain_models/resnet50-19c8e357.pth 

backbone.layer3.3.bn2.weight - torch.Size([256]): 
PretrainedInit: load from data/pretrain_models/resnet50-19c8e357.pth 

backbone.layer3.3.bn2.bias - torch.Size([256]): 
PretrainedInit: load from data/pretrain_models/resnet50-19c8e357.pth 

backbone.layer3.3.conv3.weight - torch.Size([1024, 256, 1, 1]): 
PretrainedInit: load from data/pretrain_models/resnet50-19c8e357.pth 

backbone.layer3.3.bn3.weight - torch.Size([1024]): 
PretrainedInit: load from data/pretrain_models/resnet50-19c8e357.pth 

backbone.layer3.3.bn3.bias - torch.Size([1024]): 
PretrainedInit: load from data/pretrain_models/resnet50-19c8e357.pth 

backbone.layer3.4.conv1.weight - torch.Size([256, 1024, 1, 1]): 
PretrainedInit: load from data/pretrain_models/resnet50-19c8e357.pth 

backbone.layer3.4.bn1.weight - torch.Size([256]): 
PretrainedInit: load from data/pretrain_models/resnet50-19c8e357.pth 

backbone.layer3.4.bn1.bias - torch.Size([256]): 
PretrainedInit: load from data/pretrain_models/resnet50-19c8e357.pth 

backbone.layer3.4.conv2.weight - torch.Size([256, 256, 3, 3]): 
PretrainedInit: load from data/pretrain_models/resnet50-19c8e357.pth 

backbone.layer3.4.bn2.weight - torch.Size([256]): 
PretrainedInit: load from data/pretrain_models/resnet50-19c8e357.pth 

backbone.layer3.4.bn2.bias - torch.Size([256]): 
PretrainedInit: load from data/pretrain_models/resnet50-19c8e357.pth 

backbone.layer3.4.conv3.weight - torch.Size([1024, 256, 1, 1]): 
PretrainedInit: load from data/pretrain_models/resnet50-19c8e357.pth 

backbone.layer3.4.bn3.weight - torch.Size([1024]): 
PretrainedInit: load from data/pretrain_models/resnet50-19c8e357.pth 

backbone.layer3.4.bn3.bias - torch.Size([1024]): 
PretrainedInit: load from data/pretrain_models/resnet50-19c8e357.pth 

backbone.layer3.5.conv1.weight - torch.Size([256, 1024, 1, 1]): 
PretrainedInit: load from data/pretrain_models/resnet50-19c8e357.pth 

backbone.layer3.5.bn1.weight - torch.Size([256]): 
PretrainedInit: load from data/pretrain_models/resnet50-19c8e357.pth 

backbone.layer3.5.bn1.bias - torch.Size([256]): 
PretrainedInit: load from data/pretrain_models/resnet50-19c8e357.pth 

backbone.layer3.5.conv2.weight - torch.Size([256, 256, 3, 3]): 
PretrainedInit: load from data/pretrain_models/resnet50-19c8e357.pth 

backbone.layer3.5.bn2.weight - torch.Size([256]): 
PretrainedInit: load from data/pretrain_models/resnet50-19c8e357.pth 

backbone.layer3.5.bn2.bias - torch.Size([256]): 
PretrainedInit: load from data/pretrain_models/resnet50-19c8e357.pth 

backbone.layer3.5.conv3.weight - torch.Size([1024, 256, 1, 1]): 
PretrainedInit: load from data/pretrain_models/resnet50-19c8e357.pth 

backbone.layer3.5.bn3.weight - torch.Size([1024]): 
PretrainedInit: load from data/pretrain_models/resnet50-19c8e357.pth 

backbone.layer3.5.bn3.bias - torch.Size([1024]): 
PretrainedInit: load from data/pretrain_models/resnet50-19c8e357.pth 

backbone.layer4.0.conv1.weight - torch.Size([512, 1024, 1, 1]): 
PretrainedInit: load from data/pretrain_models/resnet50-19c8e357.pth 

backbone.layer4.0.bn1.weight - torch.Size([512]): 
PretrainedInit: load from data/pretrain_models/resnet50-19c8e357.pth 

backbone.layer4.0.bn1.bias - torch.Size([512]): 
PretrainedInit: load from data/pretrain_models/resnet50-19c8e357.pth 

backbone.layer4.0.conv2.weight - torch.Size([512, 512, 3, 3]): 
PretrainedInit: load from data/pretrain_models/resnet50-19c8e357.pth 

backbone.layer4.0.bn2.weight - torch.Size([512]): 
PretrainedInit: load from data/pretrain_models/resnet50-19c8e357.pth 

backbone.layer4.0.bn2.bias - torch.Size([512]): 
PretrainedInit: load from data/pretrain_models/resnet50-19c8e357.pth 

backbone.layer4.0.conv3.weight - torch.Size([2048, 512, 1, 1]): 
PretrainedInit: load from data/pretrain_models/resnet50-19c8e357.pth 

backbone.layer4.0.bn3.weight - torch.Size([2048]): 
PretrainedInit: load from data/pretrain_models/resnet50-19c8e357.pth 

backbone.layer4.0.bn3.bias - torch.Size([2048]): 
PretrainedInit: load from data/pretrain_models/resnet50-19c8e357.pth 

backbone.layer4.0.downsample.0.weight - torch.Size([2048, 1024, 1, 1]): 
PretrainedInit: load from data/pretrain_models/resnet50-19c8e357.pth 

backbone.layer4.0.downsample.1.weight - torch.Size([2048]): 
PretrainedInit: load from data/pretrain_models/resnet50-19c8e357.pth 

backbone.layer4.0.downsample.1.bias - torch.Size([2048]): 
PretrainedInit: load from data/pretrain_models/resnet50-19c8e357.pth 

backbone.layer4.1.conv1.weight - torch.Size([512, 2048, 1, 1]): 
PretrainedInit: load from data/pretrain_models/resnet50-19c8e357.pth 

backbone.layer4.1.bn1.weight - torch.Size([512]): 
PretrainedInit: load from data/pretrain_models/resnet50-19c8e357.pth 

backbone.layer4.1.bn1.bias - torch.Size([512]): 
PretrainedInit: load from data/pretrain_models/resnet50-19c8e357.pth 

backbone.layer4.1.conv2.weight - torch.Size([512, 512, 3, 3]): 
PretrainedInit: load from data/pretrain_models/resnet50-19c8e357.pth 

backbone.layer4.1.bn2.weight - torch.Size([512]): 
PretrainedInit: load from data/pretrain_models/resnet50-19c8e357.pth 

backbone.layer4.1.bn2.bias - torch.Size([512]): 
PretrainedInit: load from data/pretrain_models/resnet50-19c8e357.pth 

backbone.layer4.1.conv3.weight - torch.Size([2048, 512, 1, 1]): 
PretrainedInit: load from data/pretrain_models/resnet50-19c8e357.pth 

backbone.layer4.1.bn3.weight - torch.Size([2048]): 
PretrainedInit: load from data/pretrain_models/resnet50-19c8e357.pth 

backbone.layer4.1.bn3.bias - torch.Size([2048]): 
PretrainedInit: load from data/pretrain_models/resnet50-19c8e357.pth 

backbone.layer4.2.conv1.weight - torch.Size([512, 2048, 1, 1]): 
PretrainedInit: load from data/pretrain_models/resnet50-19c8e357.pth 

backbone.layer4.2.bn1.weight - torch.Size([512]): 
PretrainedInit: load from data/pretrain_models/resnet50-19c8e357.pth 

backbone.layer4.2.bn1.bias - torch.Size([512]): 
PretrainedInit: load from data/pretrain_models/resnet50-19c8e357.pth 

backbone.layer4.2.conv2.weight - torch.Size([512, 512, 3, 3]): 
PretrainedInit: load from data/pretrain_models/resnet50-19c8e357.pth 

backbone.layer4.2.bn2.weight - torch.Size([512]): 
PretrainedInit: load from data/pretrain_models/resnet50-19c8e357.pth 

backbone.layer4.2.bn2.bias - torch.Size([512]): 
PretrainedInit: load from data/pretrain_models/resnet50-19c8e357.pth 

backbone.layer4.2.conv3.weight - torch.Size([2048, 512, 1, 1]): 
PretrainedInit: load from data/pretrain_models/resnet50-19c8e357.pth 

backbone.layer4.2.bn3.weight - torch.Size([2048]): 
PretrainedInit: load from data/pretrain_models/resnet50-19c8e357.pth 

backbone.layer4.2.bn3.bias - torch.Size([2048]): 
PretrainedInit: load from data/pretrain_models/resnet50-19c8e357.pth 

neck.lateral_convs.0.conv.weight - torch.Size([256, 512, 1, 1]): 
XavierInit: gain=1, distribution=uniform, bias=0 

neck.lateral_convs.0.conv.bias - torch.Size([256]): 
The value is the same before and after calling `init_weights` of RetinaNet  

neck.lateral_convs.1.conv.weight - torch.Size([256, 1024, 1, 1]): 
XavierInit: gain=1, distribution=uniform, bias=0 

neck.lateral_convs.1.conv.bias - torch.Size([256]): 
The value is the same before and after calling `init_weights` of RetinaNet  

neck.lateral_convs.2.conv.weight - torch.Size([256, 2048, 1, 1]): 
XavierInit: gain=1, distribution=uniform, bias=0 

neck.lateral_convs.2.conv.bias - torch.Size([256]): 
The value is the same before and after calling `init_weights` of RetinaNet  

neck.fpn_convs.0.conv.weight - torch.Size([256, 256, 3, 3]): 
XavierInit: gain=1, distribution=uniform, bias=0 

neck.fpn_convs.0.conv.bias - torch.Size([256]): 
The value is the same before and after calling `init_weights` of RetinaNet  

neck.fpn_convs.1.conv.weight - torch.Size([256, 256, 3, 3]): 
XavierInit: gain=1, distribution=uniform, bias=0 

neck.fpn_convs.1.conv.bias - torch.Size([256]): 
The value is the same before and after calling `init_weights` of RetinaNet  

neck.fpn_convs.2.conv.weight - torch.Size([256, 256, 3, 3]): 
XavierInit: gain=1, distribution=uniform, bias=0 

neck.fpn_convs.2.conv.bias - torch.Size([256]): 
The value is the same before and after calling `init_weights` of RetinaNet  

neck.fpn_convs.3.conv.weight - torch.Size([256, 2048, 3, 3]): 
XavierInit: gain=1, distribution=uniform, bias=0 

neck.fpn_convs.3.conv.bias - torch.Size([256]): 
The value is the same before and after calling `init_weights` of RetinaNet  

neck.fpn_convs.4.conv.weight - torch.Size([256, 256, 3, 3]): 
XavierInit: gain=1, distribution=uniform, bias=0 

neck.fpn_convs.4.conv.bias - torch.Size([256]): 
The value is the same before and after calling `init_weights` of RetinaNet  

bbox_head.cls_convs.0.conv.weight - torch.Size([256, 256, 3, 3]): 
NormalInit: mean=0, std=0.01, bias=0 

bbox_head.cls_convs.0.conv.bias - torch.Size([256]): 
The value is the same before and after calling `init_weights` of RetinaNet  

bbox_head.cls_convs.1.conv.weight - torch.Size([256, 256, 3, 3]): 
NormalInit: mean=0, std=0.01, bias=0 

bbox_head.cls_convs.1.conv.bias - torch.Size([256]): 
The value is the same before and after calling `init_weights` of RetinaNet  

bbox_head.cls_convs.2.conv.weight - torch.Size([256, 256, 3, 3]): 
NormalInit: mean=0, std=0.01, bias=0 

bbox_head.cls_convs.2.conv.bias - torch.Size([256]): 
The value is the same before and after calling `init_weights` of RetinaNet  

bbox_head.cls_convs.3.conv.weight - torch.Size([256, 256, 3, 3]): 
NormalInit: mean=0, std=0.01, bias=0 

bbox_head.cls_convs.3.conv.bias - torch.Size([256]): 
The value is the same before and after calling `init_weights` of RetinaNet  

bbox_head.reg_convs.0.conv.weight - torch.Size([256, 256, 3, 3]): 
NormalInit: mean=0, std=0.01, bias=0 

bbox_head.reg_convs.0.conv.bias - torch.Size([256]): 
The value is the same before and after calling `init_weights` of RetinaNet  

bbox_head.reg_convs.1.conv.weight - torch.Size([256, 256, 3, 3]): 
NormalInit: mean=0, std=0.01, bias=0 

bbox_head.reg_convs.1.conv.bias - torch.Size([256]): 
The value is the same before and after calling `init_weights` of RetinaNet  

bbox_head.reg_convs.2.conv.weight - torch.Size([256, 256, 3, 3]): 
NormalInit: mean=0, std=0.01, bias=0 

bbox_head.reg_convs.2.conv.bias - torch.Size([256]): 
The value is the same before and after calling `init_weights` of RetinaNet  

bbox_head.reg_convs.3.conv.weight - torch.Size([256, 256, 3, 3]): 
NormalInit: mean=0, std=0.01, bias=0 

bbox_head.reg_convs.3.conv.bias - torch.Size([256]): 
The value is the same before and after calling `init_weights` of RetinaNet  

bbox_head.retina_cls.weight - torch.Size([90, 256, 3, 3]): 
NormalInit: mean=0, std=0.01, bias=-4.59511985013459 

bbox_head.retina_cls.bias - torch.Size([90]): 
NormalInit: mean=0, std=0.01, bias=-4.59511985013459 

bbox_head.retina_reg.weight - torch.Size([36, 256, 3, 3]): 
NormalInit: mean=0, std=0.01, bias=0 

bbox_head.retina_reg.bias - torch.Size([36]): 
NormalInit: mean=0, std=0.01, bias=0 
2024-01-18 06:55:03,553 - mmdet - INFO - Start running, host: root@a91b3ceedbf8, work_dir: /content/drive/MyDrive/PPALVuongTan/PPAL/work_dirs/retinanet_coco_ppal_5rounds_2percent_to_10percent/round2
2024-01-18 06:55:03,553 - mmdet - INFO - Hooks will be executed in the following order:
before_run:
(VERY_HIGH   ) StepLrUpdaterHook                  
(NORMAL      ) CheckpointHook                     
(LOW         ) DistEvalHook                       
(VERY_LOW    ) TextLoggerHook                     
 -------------------- 
before_train_epoch:
(VERY_HIGH   ) StepLrUpdaterHook                  
(NORMAL      ) NumClassCheckHook                  
(NORMAL      ) DistSamplerSeedHook                
(LOW         ) IterTimerHook                      
(LOW         ) DistEvalHook                       
(VERY_LOW    ) TextLoggerHook                     
 -------------------- 
before_train_iter:
(VERY_HIGH   ) StepLrUpdaterHook                  
(LOW         ) IterTimerHook                      
(LOW         ) DistEvalHook                       
 -------------------- 
after_train_iter:
(ABOVE_NORMAL) OptimizerHook                      
(NORMAL      ) CheckpointHook                     
(LOW         ) IterTimerHook                      
(LOW         ) DistEvalHook                       
(VERY_LOW    ) TextLoggerHook                     
 -------------------- 
after_train_epoch:
(NORMAL      ) CheckpointHook                     
(LOW         ) DistEvalHook                       
(VERY_LOW    ) TextLoggerHook                     
 -------------------- 
before_val_epoch:
(NORMAL      ) NumClassCheckHook                  
(NORMAL      ) DistSamplerSeedHook                
(LOW         ) IterTimerHook                      
(VERY_LOW    ) TextLoggerHook                     
 -------------------- 
before_val_iter:
(LOW         ) IterTimerHook                      
 -------------------- 
after_val_iter:
(LOW         ) IterTimerHook                      
 -------------------- 
after_val_epoch:
(VERY_LOW    ) TextLoggerHook                     
 -------------------- 
after_run:
(VERY_LOW    ) TextLoggerHook                     
 -------------------- 
2024-01-18 06:55:03,554 - mmdet - INFO - workflow: [('train', 1)], max: 30 epochs
2024-01-18 06:55:03,554 - mmdet - INFO - Checkpoints will be saved to /content/drive/MyDrive/PPALVuongTan/PPAL/work_dirs/retinanet_coco_ppal_5rounds_2percent_to_10percent/round2 by HardDiskBackend.
2024-01-18 06:57:01,005 - mmdet - INFO - Iter [50/5580]	lr: 9.890e-04, eta: 3:36:28, time: 2.349, data_time: 0.250, memory: 8850, loss_cls: 1.1453, loss_bbox: 2.1689, loss: 3.3142, grad_norm: 8.0759
2024-01-18 06:58:46,757 - mmdet - INFO - Iter [100/5580]	lr: 1.988e-03, eta: 3:23:50, time: 2.115, data_time: 0.022, memory: 8976, loss_cls: 1.1018, loss_bbox: 1.2750, loss: 2.3768, grad_norm: 11.9465
2024-01-18 07:00:32,551 - mmdet - INFO - Iter [150/5580]	lr: 2.987e-03, eta: 3:18:29, time: 2.116, data_time: 0.022, memory: 8998, loss_cls: 0.9697, loss_bbox: 1.2211, loss: 2.1909, grad_norm: 9.5336
2024-01-18 07:02:29,840 - mmdet - INFO - Iter [200/5580]	lr: 3.986e-03, eta: 3:33:01, time: 2.923, data_time: 0.814, memory: 8998, loss_cls: 1.0519, loss_bbox: 1.2420, loss: 2.2939, grad_norm: 8.2138
2024-01-18 07:04:15,078 - mmdet - INFO - Iter [250/5580]	lr: 4.985e-03, eta: 3:26:13, time: 2.105, data_time: 0.021, memory: 9048, loss_cls: 0.9432, loss_bbox: 1.1745, loss: 2.1177, grad_norm: 4.8399
2024-01-18 07:06:00,253 - mmdet - INFO - Iter [300/5580]	lr: 5.984e-03, eta: 3:21:05, time: 2.104, data_time: 0.022, memory: 9048, loss_cls: 1.0583, loss_bbox: 1.1358, loss: 2.1941, grad_norm: 2.2473
2024-01-18 07:07:45,653 - mmdet - INFO - Iter [350/5580]	lr: 6.983e-03, eta: 3:16:59, time: 2.108, data_time: 0.022, memory: 9048, loss_cls: 0.9553, loss_bbox: 1.0921, loss: 2.0474, grad_norm: 2.7868
2024-01-18 07:09:43,404 - mmdet - INFO - Iter [400/5580]	lr: 7.982e-03, eta: 3:18:04, time: 2.536, data_time: 0.421, memory: 9048, loss_cls: 0.9146, loss_bbox: 1.0731, loss: 1.9877, grad_norm: 2.5654
2024-01-18 07:11:28,473 - mmdet - INFO - Iter [450/5580]	lr: 8.981e-03, eta: 3:14:20, time: 2.101, data_time: 0.022, memory: 9048, loss_cls: 0.8798, loss_bbox: 1.0592, loss: 1.9391, grad_norm: 2.9913
2024-01-18 07:13:12,790 - mmdet - INFO - Iter [500/5580]	lr: 9.980e-03, eta: 3:10:51, time: 2.086, data_time: 0.023, memory: 9048, loss_cls: 0.8718, loss_bbox: 1.0211, loss: 1.8929, grad_norm: 2.0455
2024-01-18 07:14:57,959 - mmdet - INFO - Iter [550/5580]	lr: 1.000e-02, eta: 3:07:49, time: 2.103, data_time: 0.023, memory: 9048, loss_cls: 0.8258, loss_bbox: 1.0159, loss: 1.8417, grad_norm: 1.9861
2024-01-18 07:16:54,833 - mmdet - INFO - Iter [600/5580]	lr: 1.000e-02, eta: 3:06:49, time: 2.364, data_time: 0.284, memory: 9048, loss_cls: 0.7651, loss_bbox: 0.9689, loss: 1.7340, grad_norm: 2.8274
2024-01-18 07:18:39,624 - mmdet - INFO - Iter [650/5580]	lr: 1.000e-02, eta: 3:03:57, time: 2.096, data_time: 0.023, memory: 9048, loss_cls: 0.6907, loss_bbox: 0.9243, loss: 1.6150, grad_norm: 2.6502
2024-01-18 07:20:24,456 - mmdet - INFO - Iter [700/5580]	lr: 1.000e-02, eta: 3:01:16, time: 2.097, data_time: 0.023, memory: 9048, loss_cls: 0.6640, loss_bbox: 0.9345, loss: 1.5985, grad_norm: 2.8057
2024-01-18 07:22:21,246 - mmdet - INFO - Iter [750/5580]	lr: 1.000e-02, eta: 3:08:13, time: 3.869, data_time: 1.898, memory: 9048, loss_cls: 0.6472, loss_bbox: 0.8549, loss: 1.5021, grad_norm: 2.6172
2024-01-18 07:24:06,414 - mmdet - INFO - Iter [800/5580]	lr: 1.000e-02, eta: 3:05:05, time: 2.103, data_time: 0.022, memory: 9048, loss_cls: 0.6138, loss_bbox: 0.9213, loss: 1.5351, grad_norm: 2.7600
2024-01-18 07:25:51,028 - mmdet - INFO - Iter [850/5580]	lr: 1.000e-02, eta: 3:02:05, time: 2.092, data_time: 0.024, memory: 9048, loss_cls: 0.6298, loss_bbox: 0.8893, loss: 1.5191, grad_norm: 2.7160
2024-01-18 07:27:36,042 - mmdet - INFO - Iter [900/5580]	lr: 1.000e-02, eta: 2:59:15, time: 2.100, data_time: 0.023, memory: 9048, loss_cls: 0.6252, loss_bbox: 0.8744, loss: 1.4996, grad_norm: 2.7138
2024-01-18 07:29:33,422 - mmdet - INFO - Iter [950/5580]	lr: 1.000e-02, eta: 2:58:56, time: 2.691, data_time: 0.578, memory: 9048, loss_cls: 0.6042, loss_bbox: 0.8541, loss: 1.4583, grad_norm: 2.7612
2024-01-18 07:31:18,512 - mmdet - INFO - Exp name: retinanet_26e.py
2024-01-18 07:31:18,512 - mmdet - INFO - Iter [1000/5580]	lr: 1.000e-02, eta: 2:56:10, time: 2.102, data_time: 0.022, memory: 9048, loss_cls: 0.5884, loss_bbox: 0.8805, loss: 1.4689, grad_norm: 2.5816
2024-01-18 07:33:02,988 - mmdet - INFO - Iter [1050/5580]	lr: 1.000e-02, eta: 2:53:28, time: 2.090, data_time: 0.023, memory: 9048, loss_cls: 0.5887, loss_bbox: 0.8314, loss: 1.4201, grad_norm: 2.7609
2024-01-18 07:34:48,369 - mmdet - INFO - Iter [1100/5580]	lr: 1.000e-02, eta: 2:50:54, time: 2.108, data_time: 0.023, memory: 9048, loss_cls: 0.5798, loss_bbox: 0.8303, loss: 1.4101, grad_norm: 2.5567
2024-01-18 07:36:44,535 - mmdet - INFO - Iter [1150/5580]	lr: 1.000e-02, eta: 2:49:21, time: 2.402, data_time: 0.350, memory: 9048, loss_cls: 0.5416, loss_bbox: 0.8258, loss: 1.3674, grad_norm: 2.7354
2024-01-18 07:38:29,585 - mmdet - INFO - Iter [1200/5580]	lr: 1.000e-02, eta: 2:46:52, time: 2.101, data_time: 0.023, memory: 9048, loss_cls: 0.5637, loss_bbox: 0.8082, loss: 1.3719, grad_norm: 2.8037
2024-01-18 07:40:13,591 - mmdet - INFO - Iter [1250/5580]	lr: 1.000e-02, eta: 2:44:22, time: 2.080, data_time: 0.022, memory: 9048, loss_cls: 0.5492, loss_bbox: 0.8240, loss: 1.3732, grad_norm: 2.8766
2024-01-18 07:41:58,404 - mmdet - INFO - Iter [1300/5580]	lr: 1.000e-02, eta: 2:41:58, time: 2.096, data_time: 0.023, memory: 9050, loss_cls: 0.6087, loss_bbox: 0.8286, loss: 1.4374, grad_norm: 3.2480
2024-01-18 07:43:55,073 - mmdet - INFO - Iter [1350/5580]	lr: 1.000e-02, eta: 2:40:13, time: 2.327, data_time: 0.251, memory: 9050, loss_cls: 0.5685, loss_bbox: 0.8325, loss: 1.4011, grad_norm: 2.9530
2024-01-18 07:45:40,178 - mmdet - INFO - Iter [1400/5580]	lr: 1.000e-02, eta: 2:37:54, time: 2.102, data_time: 0.023, memory: 9050, loss_cls: 0.5421, loss_bbox: 0.7730, loss: 1.3151, grad_norm: 2.5221
2024-01-18 07:47:25,236 - mmdet - INFO - Iter [1450/5580]	lr: 1.000e-02, eta: 2:35:37, time: 2.101, data_time: 0.022, memory: 9050, loss_cls: 0.5805, loss_bbox: 0.7693, loss: 1.3498, grad_norm: 3.2876
2024-01-18 07:49:21,508 - mmdet - INFO - Iter [1500/5580]	lr: 1.000e-02, eta: 2:35:25, time: 3.004, data_time: 0.950, memory: 9050, loss_cls: 0.4913, loss_bbox: 0.7778, loss: 1.2691, grad_norm: 3.2580
2024-01-18 07:51:06,207 - mmdet - INFO - Iter [1550/5580]	lr: 1.000e-02, eta: 2:33:06, time: 2.094, data_time: 0.022, memory: 9050, loss_cls: 0.5094, loss_bbox: 0.7803, loss: 1.2897, grad_norm: 2.7950
2024-01-18 07:52:50,973 - mmdet - INFO - Iter [1600/5580]	lr: 1.000e-02, eta: 2:30:49, time: 2.095, data_time: 0.023, memory: 9050, loss_cls: 0.5302, loss_bbox: 0.7611, loss: 1.2913, grad_norm: 3.0089
2024-01-18 07:54:35,741 - mmdet - INFO - Iter [1650/5580]	lr: 1.000e-02, eta: 2:28:34, time: 2.095, data_time: 0.024, memory: 9050, loss_cls: 0.5398, loss_bbox: 0.7303, loss: 1.2700, grad_norm: 2.9418
2024-01-18 07:56:33,635 - mmdet - INFO - Iter [1700/5580]	lr: 1.000e-02, eta: 2:27:15, time: 2.571, data_time: 0.460, memory: 9050, loss_cls: 0.5186, loss_bbox: 0.7546, loss: 1.2732, grad_norm: 2.6982
2024-01-18 07:58:18,280 - mmdet - INFO - Iter [1750/5580]	lr: 1.000e-02, eta: 2:25:01, time: 2.093, data_time: 0.023, memory: 9050, loss_cls: 0.5196, loss_bbox: 0.7098, loss: 1.2293, grad_norm: 2.8734
2024-01-18 08:00:02,781 - mmdet - INFO - Iter [1800/5580]	lr: 1.000e-02, eta: 2:22:49, time: 2.090, data_time: 0.023, memory: 9050, loss_cls: 0.5089, loss_bbox: 0.7613, loss: 1.2702, grad_norm: 2.7443
2024-01-18 08:01:47,615 - mmdet - INFO - Iter [1850/5580]	lr: 1.000e-02, eta: 2:20:38, time: 2.097, data_time: 0.023, memory: 9050, loss_cls: 0.5042, loss_bbox: 0.7537, loss: 1.2579, grad_norm: 2.7974
2024-01-18 08:03:45,060 - mmdet - INFO - Iter [1900/5580]	lr: 1.000e-02, eta: 2:18:58, time: 2.391, data_time: 0.302, memory: 9050, loss_cls: 0.4832, loss_bbox: 0.6751, loss: 1.1584, grad_norm: 2.7664
2024-01-18 08:05:30,154 - mmdet - INFO - Iter [1950/5580]	lr: 1.000e-02, eta: 2:16:49, time: 2.102, data_time: 0.023, memory: 9050, loss_cls: 0.4876, loss_bbox: 0.7029, loss: 1.1905, grad_norm: 3.0905
2024-01-18 08:07:15,225 - mmdet - INFO - Exp name: retinanet_26e.py
2024-01-18 08:07:15,225 - mmdet - INFO - Iter [2000/5580]	lr: 1.000e-02, eta: 2:14:42, time: 2.101, data_time: 0.023, memory: 9050, loss_cls: 0.5306, loss_bbox: 0.7038, loss: 1.2344, grad_norm: 3.0497
2024-01-18 08:09:11,348 - mmdet - INFO - Iter [2050/5580]	lr: 1.000e-02, eta: 2:16:23, time: 4.751, data_time: 2.739, memory: 9050, loss_cls: 0.5030, loss_bbox: 0.8235, loss: 1.3264, grad_norm: 3.5089
2024-01-18 08:10:56,740 - mmdet - INFO - Iter [2100/5580]	lr: 1.000e-02, eta: 2:14:10, time: 2.108, data_time: 0.022, memory: 9050, loss_cls: 0.5018, loss_bbox: 0.6695, loss: 1.1713, grad_norm: 3.1143
2024-01-18 08:12:40,761 - mmdet - INFO - Iter [2150/5580]	lr: 1.000e-02, eta: 2:11:56, time: 2.080, data_time: 0.023, memory: 9050, loss_cls: 0.5527, loss_bbox: 0.6954, loss: 1.2481, grad_norm: 3.2096
2024-01-18 08:14:25,582 - mmdet - INFO - Iter [2200/5580]	lr: 1.000e-02, eta: 2:09:44, time: 2.096, data_time: 0.022, memory: 9050, loss_cls: 0.4802, loss_bbox: 0.7452, loss: 1.2254, grad_norm: 2.7639
2024-01-18 08:16:23,274 - mmdet - INFO - Iter [2250/5580]	lr: 1.000e-02, eta: 2:08:22, time: 2.747, data_time: 0.639, memory: 9050, loss_cls: 0.4710, loss_bbox: 0.6803, loss: 1.1513, grad_norm: 2.6674
2024-01-18 08:18:08,417 - mmdet - INFO - Iter [2300/5580]	lr: 1.000e-02, eta: 2:06:11, time: 2.103, data_time: 0.022, memory: 9050, loss_cls: 0.4712, loss_bbox: 0.6479, loss: 1.1191, grad_norm: 2.8502
2024-01-18 08:19:53,230 - mmdet - INFO - Iter [2350/5580]	lr: 1.000e-02, eta: 2:04:01, time: 2.096, data_time: 0.023, memory: 9050, loss_cls: 0.4620, loss_bbox: 0.6650, loss: 1.1270, grad_norm: 2.8441
2024-01-18 08:21:38,228 - mmdet - INFO - Iter [2400/5580]	lr: 1.000e-02, eta: 2:01:53, time: 2.100, data_time: 0.023, memory: 9050, loss_cls: 0.4776, loss_bbox: 0.6584, loss: 1.1360, grad_norm: 3.0325
2024-01-18 08:23:35,778 - mmdet - INFO - Iter [2450/5580]	lr: 1.000e-02, eta: 2:00:08, time: 2.470, data_time: 0.374, memory: 9050, loss_cls: 0.4631, loss_bbox: 0.6409, loss: 1.1040, grad_norm: 2.5297
2024-01-18 08:25:20,044 - mmdet - INFO - Iter [2500/5580]	lr: 1.000e-02, eta: 1:58:00, time: 2.085, data_time: 0.022, memory: 9050, loss_cls: 0.4477, loss_bbox: 0.6428, loss: 1.0906, grad_norm: 2.8381
2024-01-18 08:27:04,514 - mmdet - INFO - Iter [2550/5580]	lr: 1.000e-02, eta: 1:55:52, time: 2.089, data_time: 0.023, memory: 9050, loss_cls: 0.4837, loss_bbox: 0.6449, loss: 1.1286, grad_norm: 3.4005
2024-01-18 08:28:49,752 - mmdet - INFO - Iter [2600/5580]	lr: 1.000e-02, eta: 1:53:47, time: 2.105, data_time: 0.023, memory: 9050, loss_cls: 0.4550, loss_bbox: 0.6658, loss: 1.1208, grad_norm: 3.0304
2024-01-18 08:30:44,510 - mmdet - INFO - Iter [2650/5580]	lr: 1.000e-02, eta: 1:51:53, time: 2.299, data_time: 0.264, memory: 9050, loss_cls: 0.4598, loss_bbox: 0.6326, loss: 1.0924, grad_norm: 2.6292
2024-01-18 08:32:28,831 - mmdet - INFO - Iter [2700/5580]	lr: 1.000e-02, eta: 1:49:47, time: 2.086, data_time: 0.023, memory: 9050, loss_cls: 0.4642, loss_bbox: 0.6493, loss: 1.1136, grad_norm: 3.1173
2024-01-18 08:34:13,353 - mmdet - INFO - Iter [2750/5580]	lr: 1.000e-02, eta: 1:47:43, time: 2.090, data_time: 0.023, memory: 9050, loss_cls: 0.4581, loss_bbox: 0.6375, loss: 1.0956, grad_norm: 3.0628
2024-01-18 08:36:08,771 - mmdet - INFO - Iter [2800/5580]	lr: 1.000e-02, eta: 1:46:32, time: 3.157, data_time: 1.138, memory: 9050, loss_cls: 0.4354, loss_bbox: 0.5880, loss: 1.0234, grad_norm: 2.8716
2024-01-18 08:37:52,687 - mmdet - INFO - Iter [2850/5580]	lr: 1.000e-02, eta: 1:44:26, time: 2.078, data_time: 0.024, memory: 9050, loss_cls: 0.4642, loss_bbox: 0.6258, loss: 1.0900, grad_norm: 3.0915
2024-01-18 08:39:37,354 - mmdet - INFO - Iter [2900/5580]	lr: 1.000e-02, eta: 1:42:22, time: 2.093, data_time: 0.023, memory: 9050, loss_cls: 0.4246, loss_bbox: 0.6122, loss: 1.0368, grad_norm: 2.6888
2024-01-18 08:41:22,574 - mmdet - INFO - Iter [2950/5580]	lr: 1.000e-02, eta: 1:40:19, time: 2.104, data_time: 0.023, memory: 9050, loss_cls: 0.4407, loss_bbox: 0.6174, loss: 1.0581, grad_norm: 2.9199
2024-01-18 08:43:18,627 - mmdet - INFO - Exp name: retinanet_26e.py
2024-01-18 08:43:18,627 - mmdet - INFO - Iter [3000/5580]	lr: 1.000e-02, eta: 1:38:35, time: 2.530, data_time: 0.497, memory: 9050, loss_cls: 0.4186, loss_bbox: 0.5963, loss: 1.0149, grad_norm: 3.1219
2024-01-18 08:45:02,049 - mmdet - INFO - Iter [3050/5580]	lr: 1.000e-02, eta: 1:36:31, time: 2.068, data_time: 0.022, memory: 9050, loss_cls: 0.4426, loss_bbox: 0.5840, loss: 1.0266, grad_norm: 2.7271
2024-01-18 08:46:46,966 - mmdet - INFO - Iter [3100/5580]	lr: 1.000e-02, eta: 1:34:29, time: 2.098, data_time: 0.023, memory: 9050, loss_cls: 0.4399, loss_bbox: 0.6313, loss: 1.0712, grad_norm: 3.2884
2024-01-18 08:48:30,916 - mmdet - INFO - Iter [3150/5580]	lr: 1.000e-02, eta: 1:32:27, time: 2.079, data_time: 0.023, memory: 9050, loss_cls: 0.4505, loss_bbox: 0.6255, loss: 1.0759, grad_norm: 3.1155
2024-01-18 08:50:27,494 - mmdet - INFO - Iter [3200/5580]	lr: 1.000e-02, eta: 1:30:37, time: 2.389, data_time: 0.310, memory: 9050, loss_cls: 0.4728, loss_bbox: 0.6231, loss: 1.0959, grad_norm: 3.2410
2024-01-18 08:52:11,804 - mmdet - INFO - Iter [3250/5580]	lr: 1.000e-02, eta: 1:28:35, time: 2.086, data_time: 0.023, memory: 9050, loss_cls: 0.4312, loss_bbox: 0.5963, loss: 1.0275, grad_norm: 3.0114
2024-01-18 08:53:56,709 - mmdet - INFO - Iter [3300/5580]	lr: 1.000e-02, eta: 1:26:35, time: 2.098, data_time: 0.023, memory: 9050, loss_cls: 0.4452, loss_bbox: 0.5989, loss: 1.0441, grad_norm: 3.1108
2024-01-18 08:55:53,432 - mmdet - INFO - Iter [3350/5580]	lr: 1.000e-02, eta: 1:27:37, time: 7.561, data_time: 5.539, memory: 9050, loss_cls: 0.4114, loss_bbox: 0.5539, loss: 0.9654, grad_norm: 3.1291
2024-01-18 08:57:37,711 - mmdet - INFO - Iter [3400/5580]	lr: 1.000e-02, eta: 1:25:30, time: 2.086, data_time: 0.022, memory: 9050, loss_cls: 0.4116, loss_bbox: 0.5679, loss: 0.9795, grad_norm: 2.8750
2024-01-18 08:59:22,825 - mmdet - INFO - Iter [3450/5580]	lr: 1.000e-02, eta: 1:23:25, time: 2.102, data_time: 0.022, memory: 9050, loss_cls: 0.4164, loss_bbox: 0.5682, loss: 0.9846, grad_norm: 2.8612
2024-01-18 09:01:06,913 - mmdet - INFO - Iter [3500/5580]	lr: 1.000e-02, eta: 1:21:19, time: 2.082, data_time: 0.023, memory: 9050, loss_cls: 0.4063, loss_bbox: 0.5630, loss: 0.9693, grad_norm: 2.7312
2024-01-18 09:03:03,738 - mmdet - INFO - Iter [3550/5580]	lr: 1.000e-02, eta: 1:19:35, time: 2.799, data_time: 0.718, memory: 9050, loss_cls: 0.4096, loss_bbox: 0.5676, loss: 0.9771, grad_norm: 2.5410
2024-01-18 09:04:48,909 - mmdet - INFO - Iter [3600/5580]	lr: 1.000e-02, eta: 1:17:30, time: 2.103, data_time: 0.022, memory: 9050, loss_cls: 0.4069, loss_bbox: 0.5609, loss: 0.9678, grad_norm: 3.2228
2024-01-18 09:06:33,428 - mmdet - INFO - Iter [3650/5580]	lr: 1.000e-02, eta: 1:15:26, time: 2.090, data_time: 0.022, memory: 9050, loss_cls: 0.4171, loss_bbox: 0.5782, loss: 0.9953, grad_norm: 3.0823
2024-01-18 09:08:17,512 - mmdet - INFO - Iter [3700/5580]	lr: 1.000e-02, eta: 1:13:22, time: 2.082, data_time: 0.023, memory: 9050, loss_cls: 0.4174, loss_bbox: 0.5718, loss: 0.9892, grad_norm: 3.0168
2024-01-18 09:10:15,087 - mmdet - INFO - Iter [3750/5580]	lr: 1.000e-03, eta: 1:11:29, time: 2.496, data_time: 0.394, memory: 9050, loss_cls: 0.3762, loss_bbox: 0.5149, loss: 0.8911, grad_norm: 2.5250
2024-01-18 09:11:59,531 - mmdet - INFO - Iter [3800/5580]	lr: 1.000e-03, eta: 1:09:26, time: 2.089, data_time: 0.023, memory: 9050, loss_cls: 0.3670, loss_bbox: 0.4909, loss: 0.8579, grad_norm: 2.2484
2024-01-18 09:13:44,476 - mmdet - INFO - Iter [3850/5580]	lr: 1.000e-03, eta: 1:07:23, time: 2.099, data_time: 0.022, memory: 9050, loss_cls: 0.3648, loss_bbox: 0.4817, loss: 0.8465, grad_norm: 2.2203
2024-01-18 09:15:29,357 - mmdet - INFO - Iter [3900/5580]	lr: 1.000e-03, eta: 1:05:21, time: 2.098, data_time: 0.023, memory: 9050, loss_cls: 0.3733, loss_bbox: 0.5075, loss: 0.8808, grad_norm: 2.1558
2024-01-18 09:17:25,422 - mmdet - INFO - Iter [3950/5580]	lr: 1.000e-03, eta: 1:03:24, time: 2.336, data_time: 0.269, memory: 9050, loss_cls: 0.3617, loss_bbox: 0.4770, loss: 0.8387, grad_norm: 2.2462
2024-01-18 09:19:10,684 - mmdet - INFO - Exp name: retinanet_26e.py
2024-01-18 09:19:10,684 - mmdet - INFO - Iter [4000/5580]	lr: 1.000e-03, eta: 1:01:23, time: 2.105, data_time: 0.022, memory: 9050, loss_cls: 0.3704, loss_bbox: 0.4854, loss: 0.8558, grad_norm: 2.1752
2024-01-18 09:20:55,582 - mmdet - INFO - Iter [4050/5580]	lr: 1.000e-03, eta: 0:59:22, time: 2.098, data_time: 0.023, memory: 9050, loss_cls: 0.3713, loss_bbox: 0.4815, loss: 0.8528, grad_norm: 2.1952
2024-01-18 09:22:51,413 - mmdet - INFO - Iter [4100/5580]	lr: 1.000e-03, eta: 0:57:46, time: 3.467, data_time: 1.397, memory: 9050, loss_cls: 0.3476, loss_bbox: 0.4555, loss: 0.8031, grad_norm: 2.0627
2024-01-18 09:24:36,898 - mmdet - INFO - Iter [4150/5580]	lr: 1.000e-03, eta: 0:55:45, time: 2.110, data_time: 0.022, memory: 9050, loss_cls: 0.3565, loss_bbox: 0.4551, loss: 0.8116, grad_norm: 2.1522
2024-01-18 09:26:21,690 - mmdet - INFO - Iter [4200/5580]	lr: 1.000e-03, eta: 0:53:44, time: 2.096, data_time: 0.023, memory: 9050, loss_cls: 0.3464, loss_bbox: 0.4589, loss: 0.8053, grad_norm: 2.2840
2024-01-18 09:28:06,093 - mmdet - INFO - Iter [4250/5580]	lr: 1.000e-03, eta: 0:51:44, time: 2.088, data_time: 0.023, memory: 9050, loss_cls: 0.3685, loss_bbox: 0.4889, loss: 0.8574, grad_norm: 2.3286
2024-01-18 09:30:02,925 - mmdet - INFO - Iter [4300/5580]	lr: 1.000e-03, eta: 0:49:51, time: 2.636, data_time: 0.526, memory: 9050, loss_cls: 0.3622, loss_bbox: 0.4414, loss: 0.8036, grad_norm: 2.1570
2024-01-18 09:31:47,379 - mmdet - INFO - Iter [4350/5580]	lr: 1.000e-03, eta: 0:47:51, time: 2.089, data_time: 0.022, memory: 9050, loss_cls: 0.3384, loss_bbox: 0.4665, loss: 0.8049, grad_norm: 2.1154
2024-01-18 09:33:31,897 - mmdet - INFO - Iter [4400/5580]	lr: 1.000e-03, eta: 0:45:51, time: 2.090, data_time: 0.023, memory: 9050, loss_cls: 0.3651, loss_bbox: 0.4576, loss: 0.8227, grad_norm: 2.3839
2024-01-18 09:35:16,657 - mmdet - INFO - Iter [4450/5580]	lr: 1.000e-03, eta: 0:43:51, time: 2.095, data_time: 0.023, memory: 9050, loss_cls: 0.3441, loss_bbox: 0.4646, loss: 0.8087, grad_norm: 2.1422
2024-01-18 09:37:14,040 - mmdet - INFO - Iter [4500/5580]	lr: 1.000e-03, eta: 0:41:56, time: 2.422, data_time: 0.337, memory: 9050, loss_cls: 0.3334, loss_bbox: 0.4548, loss: 0.7882, grad_norm: 2.1101
2024-01-18 09:38:58,684 - mmdet - INFO - Iter [4550/5580]	lr: 1.000e-03, eta: 0:39:57, time: 2.093, data_time: 0.022, memory: 9050, loss_cls: 0.3539, loss_bbox: 0.4428, loss: 0.7966, grad_norm: 2.2592
2024-01-18 09:40:43,925 - mmdet - INFO - Iter [4600/5580]	lr: 1.000e-03, eta: 0:37:58, time: 2.105, data_time: 0.023, memory: 9050, loss_cls: 0.3540, loss_bbox: 0.4575, loss: 0.8115, grad_norm: 2.3546
2024-01-18 09:42:28,680 - mmdet - INFO - Iter [4650/5580]	lr: 1.000e-03, eta: 0:36:00, time: 2.095, data_time: 0.023, memory: 9050, loss_cls: 0.3481, loss_bbox: 0.4534, loss: 0.8015, grad_norm: 2.1770
2024-01-18 09:44:25,280 - mmdet - INFO - Iter [4700/5580]	lr: 1.000e-03, eta: 0:34:03, time: 2.318, data_time: 0.244, memory: 9050, loss_cls: 0.3447, loss_bbox: 0.4454, loss: 0.7901, grad_norm: 2.1850
2024-01-18 09:46:10,083 - mmdet - INFO - Iter [4750/5580]	lr: 1.000e-03, eta: 0:32:05, time: 2.096, data_time: 0.023, memory: 9050, loss_cls: 0.3447, loss_bbox: 0.4440, loss: 0.7887, grad_norm: 2.2960
2024-01-18 09:47:55,196 - mmdet - INFO - Iter [4800/5580]	lr: 1.000e-03, eta: 0:30:07, time: 2.102, data_time: 0.023, memory: 9050, loss_cls: 0.3352, loss_bbox: 0.4393, loss: 0.7745, grad_norm: 2.1522
2024-01-18 09:49:52,230 - mmdet - INFO - Iter [4850/5580]	lr: 1.000e-03, eta: 0:28:16, time: 2.884, data_time: 0.814, memory: 9050, loss_cls: 0.3346, loss_bbox: 0.4392, loss: 0.7738, grad_norm: 2.1332
2024-01-18 09:51:37,225 - mmdet - INFO - Iter [4900/5580]	lr: 1.000e-03, eta: 0:26:18, time: 2.100, data_time: 0.022, memory: 9050, loss_cls: 0.3427, loss_bbox: 0.4292, loss: 0.7719, grad_norm: 2.1438
2024-01-18 09:53:21,490 - mmdet - INFO - Iter [4950/5580]	lr: 1.000e-03, eta: 0:24:21, time: 2.085, data_time: 0.023, memory: 9050, loss_cls: 0.3490, loss_bbox: 0.4286, loss: 0.7776, grad_norm: 2.2778
2024-01-18 09:55:06,703 - mmdet - INFO - Exp name: retinanet_26e.py
2024-01-18 09:55:06,704 - mmdet - INFO - Iter [5000/5580]	lr: 1.000e-03, eta: 0:22:23, time: 2.104, data_time: 0.023, memory: 9050, loss_cls: 0.3377, loss_bbox: 0.4371, loss: 0.7748, grad_norm: 2.2236
2024-01-18 09:57:04,834 - mmdet - INFO - Iter [5050/5580]	lr: 1.000e-03, eta: 0:20:29, time: 2.537, data_time: 0.427, memory: 9050, loss_cls: 0.3303, loss_bbox: 0.4289, loss: 0.7592, grad_norm: 2.1269
2024-01-18 09:58:48,871 - mmdet - INFO - Iter [5100/5580]	lr: 1.000e-03, eta: 0:18:32, time: 2.081, data_time: 0.023, memory: 9050, loss_cls: 0.3279, loss_bbox: 0.4266, loss: 0.7546, grad_norm: 2.2120
2024-01-18 10:00:33,961 - mmdet - INFO - Iter [5150/5580]	lr: 1.000e-03, eta: 0:16:35, time: 2.102, data_time: 0.023, memory: 9050, loss_cls: 0.3379, loss_bbox: 0.4245, loss: 0.7623, grad_norm: 2.3235
2024-01-18 10:02:19,201 - mmdet - INFO - Iter [5200/5580]	lr: 1.000e-03, eta: 0:14:38, time: 2.105, data_time: 0.023, memory: 9050, loss_cls: 0.3460, loss_bbox: 0.4395, loss: 0.7855, grad_norm: 2.2707
2024-01-18 10:04:15,700 - mmdet - INFO - Iter [5250/5580]	lr: 1.000e-03, eta: 0:12:43, time: 2.356, data_time: 0.286, memory: 9050, loss_cls: 0.3281, loss_bbox: 0.4199, loss: 0.7481, grad_norm: 2.2325
2024-01-18 10:06:00,905 - mmdet - INFO - Iter [5300/5580]	lr: 1.000e-03, eta: 0:10:47, time: 2.104, data_time: 0.022, memory: 9050, loss_cls: 0.3276, loss_bbox: 0.4279, loss: 0.7555, grad_norm: 2.1375
2024-01-18 10:07:46,220 - mmdet - INFO - Iter [5350/5580]	lr: 1.000e-03, eta: 0:08:51, time: 2.106, data_time: 0.023, memory: 9050, loss_cls: 0.3440, loss_bbox: 0.4164, loss: 0.7604, grad_norm: 2.3775
2024-01-18 10:09:43,093 - mmdet - INFO - Iter [5400/5580]	lr: 1.000e-03, eta: 0:06:58, time: 3.915, data_time: 1.853, memory: 9050, loss_cls: 0.3544, loss_bbox: 0.4140, loss: 0.7684, grad_norm: 2.0601
2024-01-18 10:11:28,337 - mmdet - INFO - Iter [5450/5580]	lr: 1.000e-03, eta: 0:05:01, time: 2.105, data_time: 0.023, memory: 9050, loss_cls: 0.3222, loss_bbox: 0.4148, loss: 0.7370, grad_norm: 2.2700
2024-01-18 10:13:13,306 - mmdet - INFO - Iter [5500/5580]	lr: 1.000e-03, eta: 0:03:05, time: 2.099, data_time: 0.022, memory: 9050, loss_cls: 0.3221, loss_bbox: 0.4092, loss: 0.7313, grad_norm: 2.4355
2024-01-18 10:14:58,037 - mmdet - INFO - Iter [5550/5580]	lr: 1.000e-03, eta: 0:01:09, time: 2.095, data_time: 0.023, memory: 9050, loss_cls: 0.3314, loss_bbox: 0.4068, loss: 0.7382, grad_norm: 2.3093
2024-01-18 10:16:01,563 - mmdet - INFO - Saving checkpoint at 30 epochs
