2024-01-18 15:50:15,776 - mmdet - INFO - Environment info:
------------------------------------------------------------
sys.platform: linux
Python: 3.10.12 (main, Nov 20 2023, 15:14:05) [GCC 11.4.0]
CUDA available: True
GPU 0: Tesla T4
CUDA_HOME: /usr/local/cuda
NVCC: Cuda compilation tools, release 12.2, V12.2.140
GCC: x86_64-linux-gnu-gcc (Ubuntu 11.4.0-1ubuntu1~22.04) 11.4.0
PyTorch: 1.11.0+cu113
PyTorch compiling details: PyTorch built with:
  - GCC 7.3
  - C++ Version: 201402
  - Intel(R) Math Kernel Library Version 2020.0.0 Product Build 20191122 for Intel(R) 64 architecture applications
  - Intel(R) MKL-DNN v2.5.2 (Git Hash a9302535553c73243c632ad3c4c80beec3d19a1e)
  - OpenMP 201511 (a.k.a. OpenMP 4.5)
  - LAPACK is enabled (usually provided by MKL)
  - NNPACK is enabled
  - CPU capability usage: AVX2
  - CUDA Runtime 11.3
  - NVCC architecture flags: -gencode;arch=compute_37,code=sm_37;-gencode;arch=compute_50,code=sm_50;-gencode;arch=compute_60,code=sm_60;-gencode;arch=compute_70,code=sm_70;-gencode;arch=compute_75,code=sm_75;-gencode;arch=compute_80,code=sm_80;-gencode;arch=compute_86,code=sm_86
  - CuDNN 8.2
  - Magma 2.5.2
  - Build settings: BLAS_INFO=mkl, BUILD_TYPE=Release, CUDA_VERSION=11.3, CUDNN_VERSION=8.2.0, CXX_COMPILER=/opt/rh/devtoolset-7/root/usr/bin/c++, CXX_FLAGS= -Wno-deprecated -fvisibility-inlines-hidden -DUSE_PTHREADPOOL -fopenmp -DNDEBUG -DUSE_KINETO -DUSE_FBGEMM -DUSE_QNNPACK -DUSE_PYTORCH_QNNPACK -DUSE_XNNPACK -DSYMBOLICATE_MOBILE_DEBUG_HANDLE -DEDGE_PROFILER_USE_KINETO -O2 -fPIC -Wno-narrowing -Wall -Wextra -Werror=return-type -Wno-missing-field-initializers -Wno-type-limits -Wno-array-bounds -Wno-unknown-pragmas -Wno-sign-compare -Wno-unused-parameter -Wno-unused-function -Wno-unused-result -Wno-unused-local-typedefs -Wno-strict-overflow -Wno-strict-aliasing -Wno-error=deprecated-declarations -Wno-stringop-overflow -Wno-psabi -Wno-error=pedantic -Wno-error=redundant-decls -Wno-error=old-style-cast -fdiagnostics-color=always -faligned-new -Wno-unused-but-set-variable -Wno-maybe-uninitialized -fno-math-errno -fno-trapping-math -Werror=format -Wno-stringop-overflow, LAPACK_INFO=mkl, PERF_WITH_AVX=1, PERF_WITH_AVX2=1, PERF_WITH_AVX512=1, TORCH_VERSION=1.11.0, USE_CUDA=ON, USE_CUDNN=ON, USE_EXCEPTION_PTR=1, USE_GFLAGS=OFF, USE_GLOG=OFF, USE_MKL=ON, USE_MKLDNN=OFF, USE_MPI=OFF, USE_NCCL=ON, USE_NNPACK=ON, USE_OPENMP=ON, USE_ROCM=OFF, 

TorchVision: 0.12.0+cu113
OpenCV: 4.8.0
MMCV: 1.5.0
MMCV Compiler: GCC 7.3
MMCV CUDA Compiler: 11.3
MMDetection: 2.20.0+f3aac93
------------------------------------------------------------

2024-01-18 15:50:15,983 - mmdet - INFO - Distributed training: True
2024-01-18 15:50:16,322 - mmdet - INFO - Config:
model = dict(
    type='RetinaNet',
    backbone=dict(
        type='ResNet',
        depth=50,
        num_stages=4,
        out_indices=(0, 1, 2, 3),
        frozen_stages=1,
        norm_cfg=dict(type='BN', requires_grad=False),
        norm_eval=True,
        style='pytorch',
        init_cfg=dict(
            type='Pretrained',
            checkpoint='data/pretrain_models/resnet50-19c8e357.pth')),
    neck=dict(
        type='FPN',
        in_channels=[256, 512, 1024, 2048],
        out_channels=256,
        start_level=1,
        add_extra_convs='on_input',
        num_outs=5),
    bbox_head=dict(
        type='RetinaQualityEMAHead',
        num_classes=10,
        in_channels=256,
        stacked_convs=4,
        feat_channels=256,
        anchor_generator=dict(
            type='AnchorGenerator',
            octave_base_scale=4,
            scales_per_octave=3,
            ratios=[0.5, 1.0, 2.0],
            strides=[8, 16, 32, 64, 128]),
        bbox_coder=dict(
            type='DeltaXYWHBBoxCoder',
            target_means=[0.0, 0.0, 0.0, 0.0],
            target_stds=[1.0, 1.0, 1.0, 1.0]),
        loss_cls=dict(
            type='FocalLoss',
            use_sigmoid=True,
            gamma=2.0,
            alpha=0.25,
            loss_weight=1.0),
        loss_bbox=dict(type='L1Loss', loss_weight=1.0),
        base_momentum=0.99),
    train_cfg=dict(
        assigner=dict(
            type='MaxIoUAssigner',
            pos_iou_thr=0.5,
            neg_iou_thr=0.4,
            min_pos_iou=0,
            ignore_iof_thr=-1),
        allowed_border=-1,
        pos_weight=-1,
        debug=False),
    test_cfg=dict(
        nms_pre=5000,
        min_bbox_size=0,
        score_thr=0.05,
        nms=dict(type='nms', iou_threshold=0.5),
        max_per_img=100))
optimizer = dict(type='SGD', lr=0.01, momentum=0.9, weight_decay=0.0001)
optimizer_config = dict(grad_clip=dict(max_norm=35, norm_type=2))
lr_config = dict(
    policy='step',
    warmup='linear',
    warmup_iters=500,
    warmup_ratio=0.001,
    step=[20])
runner = dict(type='EpochBasedRunner', max_epochs=30)
checkpoint_config = dict(interval=30, max_keep_ckpts=1, by_epoch=True)
log_config = dict(
    interval=50, hooks=[dict(type='TextLoggerHook', by_epoch=False)])
custom_hooks = [dict(type='NumClassCheckHook')]
dist_params = dict(backend='nccl')
log_level = 'INFO'
load_from = None
resume_from = None
workflow = [('train', 1)]
mmdet_base = '../../_base_'
dataset_type = 'CocoDataset'
data_root = 'data/coco/'
img_norm_cfg = dict(
    mean=[123.675, 116.28, 103.53], std=[58.395, 57.12, 57.375], to_rgb=True)
train_pipeline = [
    dict(type='LoadImageFromFile'),
    dict(type='LoadAnnotations', with_bbox=True),
    dict(type='Resize', img_scale=(1333, 800), keep_ratio=True),
    dict(type='RandomFlip', flip_ratio=0.5),
    dict(
        type='Normalize',
        mean=[123.675, 116.28, 103.53],
        std=[58.395, 57.12, 57.375],
        to_rgb=True),
    dict(type='Pad', size_divisor=32),
    dict(type='DefaultFormatBundle'),
    dict(type='Collect', keys=['img', 'gt_bboxes', 'gt_labels'])
]
test_pipeline = [
    dict(type='LoadImageFromFile'),
    dict(
        type='MultiScaleFlipAug',
        img_scale=(1333, 800),
        flip=False,
        transforms=[
            dict(type='Resize', keep_ratio=True),
            dict(type='RandomFlip'),
            dict(
                type='Normalize',
                mean=[123.675, 116.28, 103.53],
                std=[58.395, 57.12, 57.375],
                to_rgb=True),
            dict(type='Pad', size_divisor=32),
            dict(type='ImageToTensor', keys=['img']),
            dict(type='Collect', keys=['img'])
        ])
]
data = dict(
    samples_per_gpu=6,
    workers_per_gpu=2,
    train=dict(
        type='CocoDataset',
        ann_file=
        'work_dirs/retinanet_coco_ppal_5rounds_2percent_to_10percent/round4/annotations/labeled.json',
        img_prefix='data/coco/train2017/',
        pipeline=[
            dict(type='LoadImageFromFile'),
            dict(type='LoadAnnotations', with_bbox=True),
            dict(type='Resize', img_scale=(1333, 800), keep_ratio=True),
            dict(type='RandomFlip', flip_ratio=0.5),
            dict(
                type='Normalize',
                mean=[123.675, 116.28, 103.53],
                std=[58.395, 57.12, 57.375],
                to_rgb=True),
            dict(type='Pad', size_divisor=32),
            dict(type='DefaultFormatBundle'),
            dict(type='Collect', keys=['img', 'gt_bboxes', 'gt_labels'])
        ]),
    val=dict(
        type='CocoDataset',
        ann_file='data/coco/annotations/instances_val2017.json',
        img_prefix='data/coco/val2017/',
        pipeline=[
            dict(type='LoadImageFromFile'),
            dict(
                type='MultiScaleFlipAug',
                img_scale=(1333, 800),
                flip=False,
                transforms=[
                    dict(type='Resize', keep_ratio=True),
                    dict(type='RandomFlip'),
                    dict(
                        type='Normalize',
                        mean=[123.675, 116.28, 103.53],
                        std=[58.395, 57.12, 57.375],
                        to_rgb=True),
                    dict(type='Pad', size_divisor=32),
                    dict(type='ImageToTensor', keys=['img']),
                    dict(type='Collect', keys=['img'])
                ])
        ]),
    test=dict(
        type='CocoDataset',
        ann_file='data/coco/annotations/instances_val2017.json',
        img_prefix='data/coco/val2017/',
        pipeline=[
            dict(type='LoadImageFromFile'),
            dict(
                type='MultiScaleFlipAug',
                img_scale=(1333, 800),
                flip=False,
                transforms=[
                    dict(type='Resize', keep_ratio=True),
                    dict(type='RandomFlip'),
                    dict(
                        type='Normalize',
                        mean=[123.675, 116.28, 103.53],
                        std=[58.395, 57.12, 57.375],
                        to_rgb=True),
                    dict(type='Pad', size_divisor=32),
                    dict(type='ImageToTensor', keys=['img']),
                    dict(type='Collect', keys=['img'])
                ])
        ]))
labeled_data = 'work_dirs/retinanet_coco_ppal_5rounds_2percent_to_10percent/round4/annotations/labeled.json'
unlabeled_data = 'work_dirs/retinanet_coco_ppal_5rounds_2percent_to_10percent/round4/annotations/unlabeled.json'
evaluation = dict(interval=999999, metric='bbox')
work_dir = 'work_dirs/retinanet_coco_ppal_5rounds_2percent_to_10percent/round4'
auto_resume = False
gpu_ids = range(0, 1)

2024-01-18 15:50:16,323 - mmdet - INFO - Set random seed to 1979974826, deterministic: False
2024-01-18 15:50:16,779 - mmdet - INFO - initialize ResNet with init_cfg {'type': 'Pretrained', 'checkpoint': 'data/pretrain_models/resnet50-19c8e357.pth'}
2024-01-18 15:50:17,143 - mmdet - INFO - initialize FPN with init_cfg {'type': 'Xavier', 'layer': 'Conv2d', 'distribution': 'uniform'}
2024-01-18 15:50:17,202 - mmdet - INFO - initialize RetinaQualityEMAHead with init_cfg {'type': 'Normal', 'layer': 'Conv2d', 'std': 0.01, 'override': {'type': 'Normal', 'name': 'retina_cls', 'std': 0.01, 'bias_prob': 0.01}}
Name of parameter - Initialization information

backbone.conv1.weight - torch.Size([64, 3, 7, 7]): 
PretrainedInit: load from data/pretrain_models/resnet50-19c8e357.pth 

backbone.bn1.weight - torch.Size([64]): 
PretrainedInit: load from data/pretrain_models/resnet50-19c8e357.pth 

backbone.bn1.bias - torch.Size([64]): 
PretrainedInit: load from data/pretrain_models/resnet50-19c8e357.pth 

backbone.layer1.0.conv1.weight - torch.Size([64, 64, 1, 1]): 
PretrainedInit: load from data/pretrain_models/resnet50-19c8e357.pth 

backbone.layer1.0.bn1.weight - torch.Size([64]): 
PretrainedInit: load from data/pretrain_models/resnet50-19c8e357.pth 

backbone.layer1.0.bn1.bias - torch.Size([64]): 
PretrainedInit: load from data/pretrain_models/resnet50-19c8e357.pth 

backbone.layer1.0.conv2.weight - torch.Size([64, 64, 3, 3]): 
PretrainedInit: load from data/pretrain_models/resnet50-19c8e357.pth 

backbone.layer1.0.bn2.weight - torch.Size([64]): 
PretrainedInit: load from data/pretrain_models/resnet50-19c8e357.pth 

backbone.layer1.0.bn2.bias - torch.Size([64]): 
PretrainedInit: load from data/pretrain_models/resnet50-19c8e357.pth 

backbone.layer1.0.conv3.weight - torch.Size([256, 64, 1, 1]): 
PretrainedInit: load from data/pretrain_models/resnet50-19c8e357.pth 

backbone.layer1.0.bn3.weight - torch.Size([256]): 
PretrainedInit: load from data/pretrain_models/resnet50-19c8e357.pth 

backbone.layer1.0.bn3.bias - torch.Size([256]): 
PretrainedInit: load from data/pretrain_models/resnet50-19c8e357.pth 

backbone.layer1.0.downsample.0.weight - torch.Size([256, 64, 1, 1]): 
PretrainedInit: load from data/pretrain_models/resnet50-19c8e357.pth 

backbone.layer1.0.downsample.1.weight - torch.Size([256]): 
PretrainedInit: load from data/pretrain_models/resnet50-19c8e357.pth 

backbone.layer1.0.downsample.1.bias - torch.Size([256]): 
PretrainedInit: load from data/pretrain_models/resnet50-19c8e357.pth 

backbone.layer1.1.conv1.weight - torch.Size([64, 256, 1, 1]): 
PretrainedInit: load from data/pretrain_models/resnet50-19c8e357.pth 

backbone.layer1.1.bn1.weight - torch.Size([64]): 
PretrainedInit: load from data/pretrain_models/resnet50-19c8e357.pth 

backbone.layer1.1.bn1.bias - torch.Size([64]): 
PretrainedInit: load from data/pretrain_models/resnet50-19c8e357.pth 

backbone.layer1.1.conv2.weight - torch.Size([64, 64, 3, 3]): 
PretrainedInit: load from data/pretrain_models/resnet50-19c8e357.pth 

backbone.layer1.1.bn2.weight - torch.Size([64]): 
PretrainedInit: load from data/pretrain_models/resnet50-19c8e357.pth 

backbone.layer1.1.bn2.bias - torch.Size([64]): 
PretrainedInit: load from data/pretrain_models/resnet50-19c8e357.pth 

backbone.layer1.1.conv3.weight - torch.Size([256, 64, 1, 1]): 
PretrainedInit: load from data/pretrain_models/resnet50-19c8e357.pth 

backbone.layer1.1.bn3.weight - torch.Size([256]): 
PretrainedInit: load from data/pretrain_models/resnet50-19c8e357.pth 

backbone.layer1.1.bn3.bias - torch.Size([256]): 
PretrainedInit: load from data/pretrain_models/resnet50-19c8e357.pth 

backbone.layer1.2.conv1.weight - torch.Size([64, 256, 1, 1]): 
PretrainedInit: load from data/pretrain_models/resnet50-19c8e357.pth 

backbone.layer1.2.bn1.weight - torch.Size([64]): 
PretrainedInit: load from data/pretrain_models/resnet50-19c8e357.pth 

backbone.layer1.2.bn1.bias - torch.Size([64]): 
PretrainedInit: load from data/pretrain_models/resnet50-19c8e357.pth 

backbone.layer1.2.conv2.weight - torch.Size([64, 64, 3, 3]): 
PretrainedInit: load from data/pretrain_models/resnet50-19c8e357.pth 

backbone.layer1.2.bn2.weight - torch.Size([64]): 
PretrainedInit: load from data/pretrain_models/resnet50-19c8e357.pth 

backbone.layer1.2.bn2.bias - torch.Size([64]): 
PretrainedInit: load from data/pretrain_models/resnet50-19c8e357.pth 

backbone.layer1.2.conv3.weight - torch.Size([256, 64, 1, 1]): 
PretrainedInit: load from data/pretrain_models/resnet50-19c8e357.pth 

backbone.layer1.2.bn3.weight - torch.Size([256]): 
PretrainedInit: load from data/pretrain_models/resnet50-19c8e357.pth 

backbone.layer1.2.bn3.bias - torch.Size([256]): 
PretrainedInit: load from data/pretrain_models/resnet50-19c8e357.pth 

backbone.layer2.0.conv1.weight - torch.Size([128, 256, 1, 1]): 
PretrainedInit: load from data/pretrain_models/resnet50-19c8e357.pth 

backbone.layer2.0.bn1.weight - torch.Size([128]): 
PretrainedInit: load from data/pretrain_models/resnet50-19c8e357.pth 

backbone.layer2.0.bn1.bias - torch.Size([128]): 
PretrainedInit: load from data/pretrain_models/resnet50-19c8e357.pth 

backbone.layer2.0.conv2.weight - torch.Size([128, 128, 3, 3]): 
PretrainedInit: load from data/pretrain_models/resnet50-19c8e357.pth 

backbone.layer2.0.bn2.weight - torch.Size([128]): 
PretrainedInit: load from data/pretrain_models/resnet50-19c8e357.pth 

backbone.layer2.0.bn2.bias - torch.Size([128]): 
PretrainedInit: load from data/pretrain_models/resnet50-19c8e357.pth 

backbone.layer2.0.conv3.weight - torch.Size([512, 128, 1, 1]): 
PretrainedInit: load from data/pretrain_models/resnet50-19c8e357.pth 

backbone.layer2.0.bn3.weight - torch.Size([512]): 
PretrainedInit: load from data/pretrain_models/resnet50-19c8e357.pth 

backbone.layer2.0.bn3.bias - torch.Size([512]): 
PretrainedInit: load from data/pretrain_models/resnet50-19c8e357.pth 

backbone.layer2.0.downsample.0.weight - torch.Size([512, 256, 1, 1]): 
PretrainedInit: load from data/pretrain_models/resnet50-19c8e357.pth 

backbone.layer2.0.downsample.1.weight - torch.Size([512]): 
PretrainedInit: load from data/pretrain_models/resnet50-19c8e357.pth 

backbone.layer2.0.downsample.1.bias - torch.Size([512]): 
PretrainedInit: load from data/pretrain_models/resnet50-19c8e357.pth 

backbone.layer2.1.conv1.weight - torch.Size([128, 512, 1, 1]): 
PretrainedInit: load from data/pretrain_models/resnet50-19c8e357.pth 

backbone.layer2.1.bn1.weight - torch.Size([128]): 
PretrainedInit: load from data/pretrain_models/resnet50-19c8e357.pth 

backbone.layer2.1.bn1.bias - torch.Size([128]): 
PretrainedInit: load from data/pretrain_models/resnet50-19c8e357.pth 

backbone.layer2.1.conv2.weight - torch.Size([128, 128, 3, 3]): 
PretrainedInit: load from data/pretrain_models/resnet50-19c8e357.pth 

backbone.layer2.1.bn2.weight - torch.Size([128]): 
PretrainedInit: load from data/pretrain_models/resnet50-19c8e357.pth 

backbone.layer2.1.bn2.bias - torch.Size([128]): 
PretrainedInit: load from data/pretrain_models/resnet50-19c8e357.pth 

backbone.layer2.1.conv3.weight - torch.Size([512, 128, 1, 1]): 
PretrainedInit: load from data/pretrain_models/resnet50-19c8e357.pth 

backbone.layer2.1.bn3.weight - torch.Size([512]): 
PretrainedInit: load from data/pretrain_models/resnet50-19c8e357.pth 

backbone.layer2.1.bn3.bias - torch.Size([512]): 
PretrainedInit: load from data/pretrain_models/resnet50-19c8e357.pth 

backbone.layer2.2.conv1.weight - torch.Size([128, 512, 1, 1]): 
PretrainedInit: load from data/pretrain_models/resnet50-19c8e357.pth 

backbone.layer2.2.bn1.weight - torch.Size([128]): 
PretrainedInit: load from data/pretrain_models/resnet50-19c8e357.pth 

backbone.layer2.2.bn1.bias - torch.Size([128]): 
PretrainedInit: load from data/pretrain_models/resnet50-19c8e357.pth 

backbone.layer2.2.conv2.weight - torch.Size([128, 128, 3, 3]): 
PretrainedInit: load from data/pretrain_models/resnet50-19c8e357.pth 

backbone.layer2.2.bn2.weight - torch.Size([128]): 
PretrainedInit: load from data/pretrain_models/resnet50-19c8e357.pth 

backbone.layer2.2.bn2.bias - torch.Size([128]): 
PretrainedInit: load from data/pretrain_models/resnet50-19c8e357.pth 

backbone.layer2.2.conv3.weight - torch.Size([512, 128, 1, 1]): 
PretrainedInit: load from data/pretrain_models/resnet50-19c8e357.pth 

backbone.layer2.2.bn3.weight - torch.Size([512]): 
PretrainedInit: load from data/pretrain_models/resnet50-19c8e357.pth 

backbone.layer2.2.bn3.bias - torch.Size([512]): 
PretrainedInit: load from data/pretrain_models/resnet50-19c8e357.pth 

backbone.layer2.3.conv1.weight - torch.Size([128, 512, 1, 1]): 
PretrainedInit: load from data/pretrain_models/resnet50-19c8e357.pth 

backbone.layer2.3.bn1.weight - torch.Size([128]): 
PretrainedInit: load from data/pretrain_models/resnet50-19c8e357.pth 

backbone.layer2.3.bn1.bias - torch.Size([128]): 
PretrainedInit: load from data/pretrain_models/resnet50-19c8e357.pth 

backbone.layer2.3.conv2.weight - torch.Size([128, 128, 3, 3]): 
PretrainedInit: load from data/pretrain_models/resnet50-19c8e357.pth 

backbone.layer2.3.bn2.weight - torch.Size([128]): 
PretrainedInit: load from data/pretrain_models/resnet50-19c8e357.pth 

backbone.layer2.3.bn2.bias - torch.Size([128]): 
PretrainedInit: load from data/pretrain_models/resnet50-19c8e357.pth 

backbone.layer2.3.conv3.weight - torch.Size([512, 128, 1, 1]): 
PretrainedInit: load from data/pretrain_models/resnet50-19c8e357.pth 

backbone.layer2.3.bn3.weight - torch.Size([512]): 
PretrainedInit: load from data/pretrain_models/resnet50-19c8e357.pth 

backbone.layer2.3.bn3.bias - torch.Size([512]): 
PretrainedInit: load from data/pretrain_models/resnet50-19c8e357.pth 

backbone.layer3.0.conv1.weight - torch.Size([256, 512, 1, 1]): 
PretrainedInit: load from data/pretrain_models/resnet50-19c8e357.pth 

backbone.layer3.0.bn1.weight - torch.Size([256]): 
PretrainedInit: load from data/pretrain_models/resnet50-19c8e357.pth 

backbone.layer3.0.bn1.bias - torch.Size([256]): 
PretrainedInit: load from data/pretrain_models/resnet50-19c8e357.pth 

backbone.layer3.0.conv2.weight - torch.Size([256, 256, 3, 3]): 
PretrainedInit: load from data/pretrain_models/resnet50-19c8e357.pth 

backbone.layer3.0.bn2.weight - torch.Size([256]): 
PretrainedInit: load from data/pretrain_models/resnet50-19c8e357.pth 

backbone.layer3.0.bn2.bias - torch.Size([256]): 
PretrainedInit: load from data/pretrain_models/resnet50-19c8e357.pth 

backbone.layer3.0.conv3.weight - torch.Size([1024, 256, 1, 1]): 
PretrainedInit: load from data/pretrain_models/resnet50-19c8e357.pth 

backbone.layer3.0.bn3.weight - torch.Size([1024]): 
PretrainedInit: load from data/pretrain_models/resnet50-19c8e357.pth 

backbone.layer3.0.bn3.bias - torch.Size([1024]): 
PretrainedInit: load from data/pretrain_models/resnet50-19c8e357.pth 

backbone.layer3.0.downsample.0.weight - torch.Size([1024, 512, 1, 1]): 
PretrainedInit: load from data/pretrain_models/resnet50-19c8e357.pth 

backbone.layer3.0.downsample.1.weight - torch.Size([1024]): 
PretrainedInit: load from data/pretrain_models/resnet50-19c8e357.pth 

backbone.layer3.0.downsample.1.bias - torch.Size([1024]): 
PretrainedInit: load from data/pretrain_models/resnet50-19c8e357.pth 

backbone.layer3.1.conv1.weight - torch.Size([256, 1024, 1, 1]): 
PretrainedInit: load from data/pretrain_models/resnet50-19c8e357.pth 

backbone.layer3.1.bn1.weight - torch.Size([256]): 
PretrainedInit: load from data/pretrain_models/resnet50-19c8e357.pth 

backbone.layer3.1.bn1.bias - torch.Size([256]): 
PretrainedInit: load from data/pretrain_models/resnet50-19c8e357.pth 

backbone.layer3.1.conv2.weight - torch.Size([256, 256, 3, 3]): 
PretrainedInit: load from data/pretrain_models/resnet50-19c8e357.pth 

backbone.layer3.1.bn2.weight - torch.Size([256]): 
PretrainedInit: load from data/pretrain_models/resnet50-19c8e357.pth 

backbone.layer3.1.bn2.bias - torch.Size([256]): 
PretrainedInit: load from data/pretrain_models/resnet50-19c8e357.pth 

backbone.layer3.1.conv3.weight - torch.Size([1024, 256, 1, 1]): 
PretrainedInit: load from data/pretrain_models/resnet50-19c8e357.pth 

backbone.layer3.1.bn3.weight - torch.Size([1024]): 
PretrainedInit: load from data/pretrain_models/resnet50-19c8e357.pth 

backbone.layer3.1.bn3.bias - torch.Size([1024]): 
PretrainedInit: load from data/pretrain_models/resnet50-19c8e357.pth 

backbone.layer3.2.conv1.weight - torch.Size([256, 1024, 1, 1]): 
PretrainedInit: load from data/pretrain_models/resnet50-19c8e357.pth 

backbone.layer3.2.bn1.weight - torch.Size([256]): 
PretrainedInit: load from data/pretrain_models/resnet50-19c8e357.pth 

backbone.layer3.2.bn1.bias - torch.Size([256]): 
PretrainedInit: load from data/pretrain_models/resnet50-19c8e357.pth 

backbone.layer3.2.conv2.weight - torch.Size([256, 256, 3, 3]): 
PretrainedInit: load from data/pretrain_models/resnet50-19c8e357.pth 

backbone.layer3.2.bn2.weight - torch.Size([256]): 
PretrainedInit: load from data/pretrain_models/resnet50-19c8e357.pth 

backbone.layer3.2.bn2.bias - torch.Size([256]): 
PretrainedInit: load from data/pretrain_models/resnet50-19c8e357.pth 

backbone.layer3.2.conv3.weight - torch.Size([1024, 256, 1, 1]): 
PretrainedInit: load from data/pretrain_models/resnet50-19c8e357.pth 

backbone.layer3.2.bn3.weight - torch.Size([1024]): 
PretrainedInit: load from data/pretrain_models/resnet50-19c8e357.pth 

backbone.layer3.2.bn3.bias - torch.Size([1024]): 
PretrainedInit: load from data/pretrain_models/resnet50-19c8e357.pth 

backbone.layer3.3.conv1.weight - torch.Size([256, 1024, 1, 1]): 
PretrainedInit: load from data/pretrain_models/resnet50-19c8e357.pth 

backbone.layer3.3.bn1.weight - torch.Size([256]): 
PretrainedInit: load from data/pretrain_models/resnet50-19c8e357.pth 

backbone.layer3.3.bn1.bias - torch.Size([256]): 
PretrainedInit: load from data/pretrain_models/resnet50-19c8e357.pth 

backbone.layer3.3.conv2.weight - torch.Size([256, 256, 3, 3]): 
PretrainedInit: load from data/pretrain_models/resnet50-19c8e357.pth 

backbone.layer3.3.bn2.weight - torch.Size([256]): 
PretrainedInit: load from data/pretrain_models/resnet50-19c8e357.pth 

backbone.layer3.3.bn2.bias - torch.Size([256]): 
PretrainedInit: load from data/pretrain_models/resnet50-19c8e357.pth 

backbone.layer3.3.conv3.weight - torch.Size([1024, 256, 1, 1]): 
PretrainedInit: load from data/pretrain_models/resnet50-19c8e357.pth 

backbone.layer3.3.bn3.weight - torch.Size([1024]): 
PretrainedInit: load from data/pretrain_models/resnet50-19c8e357.pth 

backbone.layer3.3.bn3.bias - torch.Size([1024]): 
PretrainedInit: load from data/pretrain_models/resnet50-19c8e357.pth 

backbone.layer3.4.conv1.weight - torch.Size([256, 1024, 1, 1]): 
PretrainedInit: load from data/pretrain_models/resnet50-19c8e357.pth 

backbone.layer3.4.bn1.weight - torch.Size([256]): 
PretrainedInit: load from data/pretrain_models/resnet50-19c8e357.pth 

backbone.layer3.4.bn1.bias - torch.Size([256]): 
PretrainedInit: load from data/pretrain_models/resnet50-19c8e357.pth 

backbone.layer3.4.conv2.weight - torch.Size([256, 256, 3, 3]): 
PretrainedInit: load from data/pretrain_models/resnet50-19c8e357.pth 

backbone.layer3.4.bn2.weight - torch.Size([256]): 
PretrainedInit: load from data/pretrain_models/resnet50-19c8e357.pth 

backbone.layer3.4.bn2.bias - torch.Size([256]): 
PretrainedInit: load from data/pretrain_models/resnet50-19c8e357.pth 

backbone.layer3.4.conv3.weight - torch.Size([1024, 256, 1, 1]): 
PretrainedInit: load from data/pretrain_models/resnet50-19c8e357.pth 

backbone.layer3.4.bn3.weight - torch.Size([1024]): 
PretrainedInit: load from data/pretrain_models/resnet50-19c8e357.pth 

backbone.layer3.4.bn3.bias - torch.Size([1024]): 
PretrainedInit: load from data/pretrain_models/resnet50-19c8e357.pth 

backbone.layer3.5.conv1.weight - torch.Size([256, 1024, 1, 1]): 
PretrainedInit: load from data/pretrain_models/resnet50-19c8e357.pth 

backbone.layer3.5.bn1.weight - torch.Size([256]): 
PretrainedInit: load from data/pretrain_models/resnet50-19c8e357.pth 

backbone.layer3.5.bn1.bias - torch.Size([256]): 
PretrainedInit: load from data/pretrain_models/resnet50-19c8e357.pth 

backbone.layer3.5.conv2.weight - torch.Size([256, 256, 3, 3]): 
PretrainedInit: load from data/pretrain_models/resnet50-19c8e357.pth 

backbone.layer3.5.bn2.weight - torch.Size([256]): 
PretrainedInit: load from data/pretrain_models/resnet50-19c8e357.pth 

backbone.layer3.5.bn2.bias - torch.Size([256]): 
PretrainedInit: load from data/pretrain_models/resnet50-19c8e357.pth 

backbone.layer3.5.conv3.weight - torch.Size([1024, 256, 1, 1]): 
PretrainedInit: load from data/pretrain_models/resnet50-19c8e357.pth 

backbone.layer3.5.bn3.weight - torch.Size([1024]): 
PretrainedInit: load from data/pretrain_models/resnet50-19c8e357.pth 

backbone.layer3.5.bn3.bias - torch.Size([1024]): 
PretrainedInit: load from data/pretrain_models/resnet50-19c8e357.pth 

backbone.layer4.0.conv1.weight - torch.Size([512, 1024, 1, 1]): 
PretrainedInit: load from data/pretrain_models/resnet50-19c8e357.pth 

backbone.layer4.0.bn1.weight - torch.Size([512]): 
PretrainedInit: load from data/pretrain_models/resnet50-19c8e357.pth 

backbone.layer4.0.bn1.bias - torch.Size([512]): 
PretrainedInit: load from data/pretrain_models/resnet50-19c8e357.pth 

backbone.layer4.0.conv2.weight - torch.Size([512, 512, 3, 3]): 
PretrainedInit: load from data/pretrain_models/resnet50-19c8e357.pth 

backbone.layer4.0.bn2.weight - torch.Size([512]): 
PretrainedInit: load from data/pretrain_models/resnet50-19c8e357.pth 

backbone.layer4.0.bn2.bias - torch.Size([512]): 
PretrainedInit: load from data/pretrain_models/resnet50-19c8e357.pth 

backbone.layer4.0.conv3.weight - torch.Size([2048, 512, 1, 1]): 
PretrainedInit: load from data/pretrain_models/resnet50-19c8e357.pth 

backbone.layer4.0.bn3.weight - torch.Size([2048]): 
PretrainedInit: load from data/pretrain_models/resnet50-19c8e357.pth 

backbone.layer4.0.bn3.bias - torch.Size([2048]): 
PretrainedInit: load from data/pretrain_models/resnet50-19c8e357.pth 

backbone.layer4.0.downsample.0.weight - torch.Size([2048, 1024, 1, 1]): 
PretrainedInit: load from data/pretrain_models/resnet50-19c8e357.pth 

backbone.layer4.0.downsample.1.weight - torch.Size([2048]): 
PretrainedInit: load from data/pretrain_models/resnet50-19c8e357.pth 

backbone.layer4.0.downsample.1.bias - torch.Size([2048]): 
PretrainedInit: load from data/pretrain_models/resnet50-19c8e357.pth 

backbone.layer4.1.conv1.weight - torch.Size([512, 2048, 1, 1]): 
PretrainedInit: load from data/pretrain_models/resnet50-19c8e357.pth 

backbone.layer4.1.bn1.weight - torch.Size([512]): 
PretrainedInit: load from data/pretrain_models/resnet50-19c8e357.pth 

backbone.layer4.1.bn1.bias - torch.Size([512]): 
PretrainedInit: load from data/pretrain_models/resnet50-19c8e357.pth 

backbone.layer4.1.conv2.weight - torch.Size([512, 512, 3, 3]): 
PretrainedInit: load from data/pretrain_models/resnet50-19c8e357.pth 

backbone.layer4.1.bn2.weight - torch.Size([512]): 
PretrainedInit: load from data/pretrain_models/resnet50-19c8e357.pth 

backbone.layer4.1.bn2.bias - torch.Size([512]): 
PretrainedInit: load from data/pretrain_models/resnet50-19c8e357.pth 

backbone.layer4.1.conv3.weight - torch.Size([2048, 512, 1, 1]): 
PretrainedInit: load from data/pretrain_models/resnet50-19c8e357.pth 

backbone.layer4.1.bn3.weight - torch.Size([2048]): 
PretrainedInit: load from data/pretrain_models/resnet50-19c8e357.pth 

backbone.layer4.1.bn3.bias - torch.Size([2048]): 
PretrainedInit: load from data/pretrain_models/resnet50-19c8e357.pth 

backbone.layer4.2.conv1.weight - torch.Size([512, 2048, 1, 1]): 
PretrainedInit: load from data/pretrain_models/resnet50-19c8e357.pth 

backbone.layer4.2.bn1.weight - torch.Size([512]): 
PretrainedInit: load from data/pretrain_models/resnet50-19c8e357.pth 

backbone.layer4.2.bn1.bias - torch.Size([512]): 
PretrainedInit: load from data/pretrain_models/resnet50-19c8e357.pth 

backbone.layer4.2.conv2.weight - torch.Size([512, 512, 3, 3]): 
PretrainedInit: load from data/pretrain_models/resnet50-19c8e357.pth 

backbone.layer4.2.bn2.weight - torch.Size([512]): 
PretrainedInit: load from data/pretrain_models/resnet50-19c8e357.pth 

backbone.layer4.2.bn2.bias - torch.Size([512]): 
PretrainedInit: load from data/pretrain_models/resnet50-19c8e357.pth 

backbone.layer4.2.conv3.weight - torch.Size([2048, 512, 1, 1]): 
PretrainedInit: load from data/pretrain_models/resnet50-19c8e357.pth 

backbone.layer4.2.bn3.weight - torch.Size([2048]): 
PretrainedInit: load from data/pretrain_models/resnet50-19c8e357.pth 

backbone.layer4.2.bn3.bias - torch.Size([2048]): 
PretrainedInit: load from data/pretrain_models/resnet50-19c8e357.pth 

neck.lateral_convs.0.conv.weight - torch.Size([256, 512, 1, 1]): 
XavierInit: gain=1, distribution=uniform, bias=0 

neck.lateral_convs.0.conv.bias - torch.Size([256]): 
The value is the same before and after calling `init_weights` of RetinaNet  

neck.lateral_convs.1.conv.weight - torch.Size([256, 1024, 1, 1]): 
XavierInit: gain=1, distribution=uniform, bias=0 

neck.lateral_convs.1.conv.bias - torch.Size([256]): 
The value is the same before and after calling `init_weights` of RetinaNet  

neck.lateral_convs.2.conv.weight - torch.Size([256, 2048, 1, 1]): 
XavierInit: gain=1, distribution=uniform, bias=0 

neck.lateral_convs.2.conv.bias - torch.Size([256]): 
The value is the same before and after calling `init_weights` of RetinaNet  

neck.fpn_convs.0.conv.weight - torch.Size([256, 256, 3, 3]): 
XavierInit: gain=1, distribution=uniform, bias=0 

neck.fpn_convs.0.conv.bias - torch.Size([256]): 
The value is the same before and after calling `init_weights` of RetinaNet  

neck.fpn_convs.1.conv.weight - torch.Size([256, 256, 3, 3]): 
XavierInit: gain=1, distribution=uniform, bias=0 

neck.fpn_convs.1.conv.bias - torch.Size([256]): 
The value is the same before and after calling `init_weights` of RetinaNet  

neck.fpn_convs.2.conv.weight - torch.Size([256, 256, 3, 3]): 
XavierInit: gain=1, distribution=uniform, bias=0 

neck.fpn_convs.2.conv.bias - torch.Size([256]): 
The value is the same before and after calling `init_weights` of RetinaNet  

neck.fpn_convs.3.conv.weight - torch.Size([256, 2048, 3, 3]): 
XavierInit: gain=1, distribution=uniform, bias=0 

neck.fpn_convs.3.conv.bias - torch.Size([256]): 
The value is the same before and after calling `init_weights` of RetinaNet  

neck.fpn_convs.4.conv.weight - torch.Size([256, 256, 3, 3]): 
XavierInit: gain=1, distribution=uniform, bias=0 

neck.fpn_convs.4.conv.bias - torch.Size([256]): 
The value is the same before and after calling `init_weights` of RetinaNet  

bbox_head.cls_convs.0.conv.weight - torch.Size([256, 256, 3, 3]): 
NormalInit: mean=0, std=0.01, bias=0 

bbox_head.cls_convs.0.conv.bias - torch.Size([256]): 
The value is the same before and after calling `init_weights` of RetinaNet  

bbox_head.cls_convs.1.conv.weight - torch.Size([256, 256, 3, 3]): 
NormalInit: mean=0, std=0.01, bias=0 

bbox_head.cls_convs.1.conv.bias - torch.Size([256]): 
The value is the same before and after calling `init_weights` of RetinaNet  

bbox_head.cls_convs.2.conv.weight - torch.Size([256, 256, 3, 3]): 
NormalInit: mean=0, std=0.01, bias=0 

bbox_head.cls_convs.2.conv.bias - torch.Size([256]): 
The value is the same before and after calling `init_weights` of RetinaNet  

bbox_head.cls_convs.3.conv.weight - torch.Size([256, 256, 3, 3]): 
NormalInit: mean=0, std=0.01, bias=0 

bbox_head.cls_convs.3.conv.bias - torch.Size([256]): 
The value is the same before and after calling `init_weights` of RetinaNet  

bbox_head.reg_convs.0.conv.weight - torch.Size([256, 256, 3, 3]): 
NormalInit: mean=0, std=0.01, bias=0 

bbox_head.reg_convs.0.conv.bias - torch.Size([256]): 
The value is the same before and after calling `init_weights` of RetinaNet  

bbox_head.reg_convs.1.conv.weight - torch.Size([256, 256, 3, 3]): 
NormalInit: mean=0, std=0.01, bias=0 

bbox_head.reg_convs.1.conv.bias - torch.Size([256]): 
The value is the same before and after calling `init_weights` of RetinaNet  

bbox_head.reg_convs.2.conv.weight - torch.Size([256, 256, 3, 3]): 
NormalInit: mean=0, std=0.01, bias=0 

bbox_head.reg_convs.2.conv.bias - torch.Size([256]): 
The value is the same before and after calling `init_weights` of RetinaNet  

bbox_head.reg_convs.3.conv.weight - torch.Size([256, 256, 3, 3]): 
NormalInit: mean=0, std=0.01, bias=0 

bbox_head.reg_convs.3.conv.bias - torch.Size([256]): 
The value is the same before and after calling `init_weights` of RetinaNet  

bbox_head.retina_cls.weight - torch.Size([90, 256, 3, 3]): 
NormalInit: mean=0, std=0.01, bias=-4.59511985013459 

bbox_head.retina_cls.bias - torch.Size([90]): 
NormalInit: mean=0, std=0.01, bias=-4.59511985013459 

bbox_head.retina_reg.weight - torch.Size([36, 256, 3, 3]): 
NormalInit: mean=0, std=0.01, bias=0 

bbox_head.retina_reg.bias - torch.Size([36]): 
NormalInit: mean=0, std=0.01, bias=0 
2024-01-18 15:50:23,365 - mmdet - INFO - Start running, host: root@a91b3ceedbf8, work_dir: /content/drive/MyDrive/PPALVuongTan/PPAL/work_dirs/retinanet_coco_ppal_5rounds_2percent_to_10percent/round4
2024-01-18 15:50:23,366 - mmdet - INFO - Hooks will be executed in the following order:
before_run:
(VERY_HIGH   ) StepLrUpdaterHook                  
(NORMAL      ) CheckpointHook                     
(LOW         ) DistEvalHook                       
(VERY_LOW    ) TextLoggerHook                     
 -------------------- 
before_train_epoch:
(VERY_HIGH   ) StepLrUpdaterHook                  
(NORMAL      ) NumClassCheckHook                  
(NORMAL      ) DistSamplerSeedHook                
(LOW         ) IterTimerHook                      
(LOW         ) DistEvalHook                       
(VERY_LOW    ) TextLoggerHook                     
 -------------------- 
before_train_iter:
(VERY_HIGH   ) StepLrUpdaterHook                  
(LOW         ) IterTimerHook                      
(LOW         ) DistEvalHook                       
 -------------------- 
after_train_iter:
(ABOVE_NORMAL) OptimizerHook                      
(NORMAL      ) CheckpointHook                     
(LOW         ) IterTimerHook                      
(LOW         ) DistEvalHook                       
(VERY_LOW    ) TextLoggerHook                     
 -------------------- 
after_train_epoch:
(NORMAL      ) CheckpointHook                     
(LOW         ) DistEvalHook                       
(VERY_LOW    ) TextLoggerHook                     
 -------------------- 
before_val_epoch:
(NORMAL      ) NumClassCheckHook                  
(NORMAL      ) DistSamplerSeedHook                
(LOW         ) IterTimerHook                      
(VERY_LOW    ) TextLoggerHook                     
 -------------------- 
before_val_iter:
(LOW         ) IterTimerHook                      
 -------------------- 
after_val_iter:
(LOW         ) IterTimerHook                      
 -------------------- 
after_val_epoch:
(VERY_LOW    ) TextLoggerHook                     
 -------------------- 
after_run:
(VERY_LOW    ) TextLoggerHook                     
 -------------------- 
2024-01-18 15:50:23,366 - mmdet - INFO - workflow: [('train', 1)], max: 30 epochs
2024-01-18 15:50:23,366 - mmdet - INFO - Checkpoints will be saved to /content/drive/MyDrive/PPALVuongTan/PPAL/work_dirs/retinanet_coco_ppal_5rounds_2percent_to_10percent/round4 by HardDiskBackend.
2024-01-18 15:52:21,491 - mmdet - INFO - Iter [50/11160]	lr: 9.890e-04, eta: 7:17:24, time: 2.362, data_time: 0.266, memory: 8954, loss_cls: 1.1439, loss_bbox: 2.0899, loss: 3.2338, grad_norm: 4.5835
2024-01-18 15:54:07,782 - mmdet - INFO - Iter [100/11160]	lr: 1.988e-03, eta: 6:53:38, time: 2.126, data_time: 0.023, memory: 9047, loss_cls: 1.0888, loss_bbox: 1.1481, loss: 2.2369, grad_norm: 12.4224
2024-01-18 15:55:53,902 - mmdet - INFO - Iter [150/11160]	lr: 2.987e-03, eta: 6:44:20, time: 2.122, data_time: 0.024, memory: 9333, loss_cls: 0.9777, loss_bbox: 1.2369, loss: 2.2146, grad_norm: 10.7865
2024-01-18 15:57:39,947 - mmdet - INFO - Iter [200/11160]	lr: 3.986e-03, eta: 6:38:43, time: 2.121, data_time: 0.025, memory: 9333, loss_cls: 1.0002, loss_bbox: 1.2058, loss: 2.2060, grad_norm: 9.6434
2024-01-18 15:59:25,148 - mmdet - INFO - Iter [250/11160]	lr: 4.985e-03, eta: 6:34:02, time: 2.104, data_time: 0.026, memory: 9333, loss_cls: 1.0677, loss_bbox: 1.1393, loss: 2.2071, grad_norm: 2.4086
2024-01-18 16:01:10,813 - mmdet - INFO - Iter [300/11160]	lr: 5.984e-03, eta: 6:30:37, time: 2.113, data_time: 0.025, memory: 9333, loss_cls: 1.0546, loss_bbox: 1.1198, loss: 2.1744, grad_norm: 2.1042
2024-01-18 16:02:56,170 - mmdet - INFO - Iter [350/11160]	lr: 6.983e-03, eta: 6:27:30, time: 2.107, data_time: 0.025, memory: 9333, loss_cls: 0.9710, loss_bbox: 1.0960, loss: 2.0670, grad_norm: 2.5388
2024-01-18 16:04:55,559 - mmdet - INFO - Iter [400/11160]	lr: 7.982e-03, eta: 6:35:09, time: 2.572, data_time: 0.457, memory: 9333, loss_cls: 0.8595, loss_bbox: 1.1146, loss: 1.9740, grad_norm: 2.3774
2024-01-18 16:06:40,656 - mmdet - INFO - Iter [450/11160]	lr: 8.981e-03, eta: 6:31:18, time: 2.102, data_time: 0.024, memory: 9333, loss_cls: 0.9111, loss_bbox: 1.1020, loss: 2.0131, grad_norm: 2.4001
2024-01-18 16:08:25,240 - mmdet - INFO - Iter [500/11160]	lr: 9.980e-03, eta: 6:27:42, time: 2.092, data_time: 0.025, memory: 9333, loss_cls: 0.8656, loss_bbox: 1.0331, loss: 1.8988, grad_norm: 2.3296
2024-01-18 16:10:10,980 - mmdet - INFO - Iter [550/11160]	lr: 1.000e-02, eta: 6:24:47, time: 2.115, data_time: 0.025, memory: 9333, loss_cls: 0.8548, loss_bbox: 1.0002, loss: 1.8549, grad_norm: 3.5693
2024-01-18 16:11:56,276 - mmdet - INFO - Iter [600/11160]	lr: 1.000e-02, eta: 6:21:57, time: 2.106, data_time: 0.025, memory: 9333, loss_cls: 0.7801, loss_bbox: 0.9757, loss: 1.7558, grad_norm: 2.8708
2024-01-18 16:13:41,182 - mmdet - INFO - Iter [650/11160]	lr: 1.000e-02, eta: 6:19:10, time: 2.098, data_time: 0.025, memory: 9333, loss_cls: 0.7294, loss_bbox: 0.9334, loss: 1.6628, grad_norm: 2.7163
2024-01-18 16:15:26,171 - mmdet - INFO - Iter [700/11160]	lr: 1.000e-02, eta: 6:16:33, time: 2.100, data_time: 0.025, memory: 9333, loss_cls: 0.7310, loss_bbox: 0.9531, loss: 1.6841, grad_norm: 2.4981
2024-01-18 16:17:24,839 - mmdet - INFO - Iter [750/11160]	lr: 1.000e-02, eta: 6:37:45, time: 4.148, data_time: 2.092, memory: 9333, loss_cls: 0.6889, loss_bbox: 0.8874, loss: 1.5763, grad_norm: 2.1208
2024-01-18 16:19:10,743 - mmdet - INFO - Iter [800/11160]	lr: 1.000e-02, eta: 6:33:58, time: 2.118, data_time: 0.025, memory: 9333, loss_cls: 0.6363, loss_bbox: 0.9095, loss: 1.5458, grad_norm: 2.4671
2024-01-18 16:20:56,058 - mmdet - INFO - Iter [850/11160]	lr: 1.000e-02, eta: 6:30:17, time: 2.106, data_time: 0.024, memory: 9333, loss_cls: 0.6454, loss_bbox: 0.8834, loss: 1.5288, grad_norm: 2.6245
2024-01-18 16:22:40,279 - mmdet - INFO - Iter [900/11160]	lr: 1.000e-02, eta: 6:26:37, time: 2.084, data_time: 0.024, memory: 9333, loss_cls: 0.6354, loss_bbox: 0.8850, loss: 1.5204, grad_norm: 2.2856
2024-01-18 16:24:25,290 - mmdet - INFO - Iter [950/11160]	lr: 1.000e-02, eta: 6:23:18, time: 2.100, data_time: 0.025, memory: 9333, loss_cls: 0.6226, loss_bbox: 0.9053, loss: 1.5279, grad_norm: 2.3805
2024-01-18 16:26:09,909 - mmdet - INFO - Exp name: retinanet_26e.py
2024-01-18 16:26:09,910 - mmdet - INFO - Iter [1000/11160]	lr: 1.000e-02, eta: 6:20:04, time: 2.092, data_time: 0.025, memory: 9333, loss_cls: 0.6466, loss_bbox: 0.8755, loss: 1.5221, grad_norm: 2.4847
2024-01-18 16:27:55,687 - mmdet - INFO - Iter [1050/11160]	lr: 1.000e-02, eta: 6:17:09, time: 2.116, data_time: 0.026, memory: 9333, loss_cls: 0.7424, loss_bbox: 0.9045, loss: 1.6469, grad_norm: 2.4287
2024-01-18 16:29:40,557 - mmdet - INFO - Iter [1100/11160]	lr: 1.000e-02, eta: 6:14:13, time: 2.097, data_time: 0.025, memory: 9333, loss_cls: 0.6214, loss_bbox: 0.9003, loss: 1.5217, grad_norm: 2.2618
2024-01-18 16:31:39,691 - mmdet - INFO - Iter [1150/11160]	lr: 1.000e-02, eta: 6:14:12, time: 2.486, data_time: 0.385, memory: 9333, loss_cls: 0.5880, loss_bbox: 0.8503, loss: 1.4383, grad_norm: 2.1346
2024-01-18 16:33:24,207 - mmdet - INFO - Iter [1200/11160]	lr: 1.000e-02, eta: 6:11:17, time: 2.090, data_time: 0.024, memory: 9333, loss_cls: 0.5608, loss_bbox: 0.8281, loss: 1.3889, grad_norm: 2.0695
2024-01-18 16:35:08,704 - mmdet - INFO - Iter [1250/11160]	lr: 1.000e-02, eta: 6:08:27, time: 2.090, data_time: 0.024, memory: 9333, loss_cls: 0.5864, loss_bbox: 0.8480, loss: 1.4344, grad_norm: 2.5719
2024-01-18 16:36:53,927 - mmdet - INFO - Iter [1300/11160]	lr: 1.000e-02, eta: 6:05:47, time: 2.104, data_time: 0.025, memory: 9333, loss_cls: 0.5681, loss_bbox: 0.8271, loss: 1.3952, grad_norm: 2.2843
2024-01-18 16:38:38,338 - mmdet - INFO - Iter [1350/11160]	lr: 1.000e-02, eta: 6:03:06, time: 2.088, data_time: 0.025, memory: 9333, loss_cls: 0.6365, loss_bbox: 0.8949, loss: 1.5314, grad_norm: 2.8966
2024-01-18 16:40:23,648 - mmdet - INFO - Iter [1400/11160]	lr: 1.000e-02, eta: 6:00:35, time: 2.106, data_time: 0.025, memory: 9333, loss_cls: 0.5588, loss_bbox: 0.8145, loss: 1.3734, grad_norm: 2.0633
2024-01-18 16:42:09,285 - mmdet - INFO - Iter [1450/11160]	lr: 1.000e-02, eta: 5:58:09, time: 2.113, data_time: 0.025, memory: 9333, loss_cls: 0.5856, loss_bbox: 0.8594, loss: 1.4450, grad_norm: 2.5924
2024-01-18 16:44:07,982 - mmdet - INFO - Iter [1500/11160]	lr: 1.000e-02, eta: 6:01:14, time: 3.132, data_time: 1.074, memory: 9333, loss_cls: 0.6534, loss_bbox: 0.9653, loss: 1.6187, grad_norm: 3.0901
2024-01-18 16:45:52,975 - mmdet - INFO - Iter [1550/11160]	lr: 1.000e-02, eta: 5:58:37, time: 2.100, data_time: 0.025, memory: 9333, loss_cls: 0.5996, loss_bbox: 0.8432, loss: 1.4428, grad_norm: 2.5072
2024-01-18 16:47:38,325 - mmdet - INFO - Iter [1600/11160]	lr: 1.000e-02, eta: 5:56:06, time: 2.107, data_time: 0.026, memory: 9333, loss_cls: 0.5616, loss_bbox: 0.7641, loss: 1.3257, grad_norm: 2.2937
2024-01-18 16:49:23,280 - mmdet - INFO - Iter [1650/11160]	lr: 1.000e-02, eta: 5:53:35, time: 2.099, data_time: 0.025, memory: 9333, loss_cls: 0.5404, loss_bbox: 0.7562, loss: 1.2966, grad_norm: 2.3177
2024-01-18 16:51:08,854 - mmdet - INFO - Iter [1700/11160]	lr: 1.000e-02, eta: 5:51:10, time: 2.111, data_time: 0.026, memory: 9333, loss_cls: 0.6001, loss_bbox: 0.8244, loss: 1.4245, grad_norm: 2.8835
2024-01-18 16:52:54,276 - mmdet - INFO - Iter [1750/11160]	lr: 1.000e-02, eta: 5:48:47, time: 2.108, data_time: 0.025, memory: 9359, loss_cls: 0.5366, loss_bbox: 0.7706, loss: 1.3071, grad_norm: 2.3500
2024-01-18 16:54:39,210 - mmdet - INFO - Iter [1800/11160]	lr: 1.000e-02, eta: 5:46:23, time: 2.099, data_time: 0.025, memory: 9359, loss_cls: 0.5538, loss_bbox: 0.8013, loss: 1.3551, grad_norm: 2.7660
2024-01-18 16:56:24,653 - mmdet - INFO - Iter [1850/11160]	lr: 1.000e-02, eta: 5:44:04, time: 2.109, data_time: 0.027, memory: 9359, loss_cls: 0.5365, loss_bbox: 0.7635, loss: 1.3000, grad_norm: 2.4310
2024-01-18 16:58:23,870 - mmdet - INFO - Iter [1900/11160]	lr: 1.000e-02, eta: 5:43:05, time: 2.431, data_time: 0.338, memory: 9359, loss_cls: 0.5359, loss_bbox: 0.7581, loss: 1.2940, grad_norm: 2.4735
2024-01-18 17:00:09,193 - mmdet - INFO - Iter [1950/11160]	lr: 1.000e-02, eta: 5:40:47, time: 2.106, data_time: 0.026, memory: 9359, loss_cls: 0.4985, loss_bbox: 0.7174, loss: 1.2159, grad_norm: 2.1123
2024-01-18 17:01:54,639 - mmdet - INFO - Exp name: retinanet_26e.py
2024-01-18 17:01:54,640 - mmdet - INFO - Iter [2000/11160]	lr: 1.000e-02, eta: 5:38:30, time: 2.109, data_time: 0.025, memory: 9359, loss_cls: 0.5215, loss_bbox: 0.7479, loss: 1.2693, grad_norm: 2.7992
2024-01-18 17:03:40,095 - mmdet - INFO - Iter [2050/11160]	lr: 1.000e-02, eta: 5:36:15, time: 2.109, data_time: 0.025, memory: 9359, loss_cls: 0.5000, loss_bbox: 0.7266, loss: 1.2266, grad_norm: 2.3780
2024-01-18 17:05:24,584 - mmdet - INFO - Iter [2100/11160]	lr: 1.000e-02, eta: 5:33:58, time: 2.090, data_time: 0.026, memory: 9359, loss_cls: 0.5268, loss_bbox: 0.7367, loss: 1.2635, grad_norm: 2.7169
2024-01-18 17:07:09,489 - mmdet - INFO - Iter [2150/11160]	lr: 1.000e-02, eta: 5:31:43, time: 2.098, data_time: 0.025, memory: 9359, loss_cls: 0.5264, loss_bbox: 0.7578, loss: 1.2842, grad_norm: 2.6861
2024-01-18 17:08:54,923 - mmdet - INFO - Iter [2200/11160]	lr: 1.000e-02, eta: 5:29:32, time: 2.109, data_time: 0.026, memory: 9359, loss_cls: 0.5450, loss_bbox: 0.7385, loss: 1.2835, grad_norm: 2.6397
2024-01-18 17:10:54,526 - mmdet - INFO - Iter [2250/11160]	lr: 1.000e-02, eta: 5:29:47, time: 2.840, data_time: 0.722, memory: 9359, loss_cls: 0.4866, loss_bbox: 0.7624, loss: 1.2491, grad_norm: 2.8050
2024-01-18 17:12:38,942 - mmdet - INFO - Iter [2300/11160]	lr: 1.000e-02, eta: 5:27:31, time: 2.088, data_time: 0.025, memory: 9359, loss_cls: 0.5051, loss_bbox: 0.7519, loss: 1.2570, grad_norm: 2.5339
2024-01-18 17:14:23,490 - mmdet - INFO - Iter [2350/11160]	lr: 1.000e-02, eta: 5:25:16, time: 2.091, data_time: 0.025, memory: 9359, loss_cls: 0.5065, loss_bbox: 0.7231, loss: 1.2296, grad_norm: 2.4600
2024-01-18 17:16:08,886 - mmdet - INFO - Iter [2400/11160]	lr: 1.000e-02, eta: 5:23:06, time: 2.108, data_time: 0.026, memory: 9359, loss_cls: 0.4710, loss_bbox: 0.6953, loss: 1.1663, grad_norm: 2.3745
2024-01-18 17:17:54,591 - mmdet - INFO - Iter [2450/11160]	lr: 1.000e-02, eta: 5:20:58, time: 2.114, data_time: 0.026, memory: 9359, loss_cls: 0.4991, loss_bbox: 0.7078, loss: 1.2069, grad_norm: 2.4744
2024-01-18 17:19:39,493 - mmdet - INFO - Iter [2500/11160]	lr: 1.000e-02, eta: 5:18:47, time: 2.098, data_time: 0.026, memory: 9359, loss_cls: 0.5268, loss_bbox: 0.6970, loss: 1.2239, grad_norm: 2.7533
2024-01-18 17:21:25,085 - mmdet - INFO - Iter [2550/11160]	lr: 1.000e-02, eta: 5:16:41, time: 2.112, data_time: 0.025, memory: 9359, loss_cls: 0.4911, loss_bbox: 0.6926, loss: 1.1837, grad_norm: 2.5662
2024-01-18 17:23:10,493 - mmdet - INFO - Iter [2600/11160]	lr: 1.000e-02, eta: 5:14:34, time: 2.108, data_time: 0.026, memory: 9359, loss_cls: 0.5032, loss_bbox: 0.6833, loss: 1.1864, grad_norm: 2.7075
2024-01-18 17:25:09,043 - mmdet - INFO - Iter [2650/11160]	lr: 1.000e-02, eta: 5:13:11, time: 2.376, data_time: 0.298, memory: 9359, loss_cls: 0.5162, loss_bbox: 0.7062, loss: 1.2224, grad_norm: 2.6586
2024-01-18 17:26:54,551 - mmdet - INFO - Iter [2700/11160]	lr: 1.000e-02, eta: 5:11:05, time: 2.110, data_time: 0.025, memory: 9359, loss_cls: 0.4985, loss_bbox: 0.6744, loss: 1.1729, grad_norm: 2.3211
2024-01-18 17:28:39,781 - mmdet - INFO - Iter [2750/11160]	lr: 1.000e-02, eta: 5:09:00, time: 2.105, data_time: 0.025, memory: 9359, loss_cls: 0.5171, loss_bbox: 0.7080, loss: 1.2251, grad_norm: 2.8041
2024-01-18 17:30:25,026 - mmdet - INFO - Iter [2800/11160]	lr: 1.000e-02, eta: 5:06:54, time: 2.105, data_time: 0.025, memory: 9359, loss_cls: 0.4851, loss_bbox: 0.6926, loss: 1.1777, grad_norm: 2.4118
2024-01-18 17:32:10,526 - mmdet - INFO - Iter [2850/11160]	lr: 1.000e-02, eta: 5:04:51, time: 2.110, data_time: 0.027, memory: 9359, loss_cls: 0.4792, loss_bbox: 0.6467, loss: 1.1259, grad_norm: 2.5600
2024-01-18 17:33:55,630 - mmdet - INFO - Iter [2900/11160]	lr: 1.000e-02, eta: 5:02:47, time: 2.102, data_time: 0.025, memory: 9359, loss_cls: 0.4768, loss_bbox: 0.7111, loss: 1.1879, grad_norm: 2.6834
2024-01-18 17:35:41,141 - mmdet - INFO - Iter [2950/11160]	lr: 1.000e-02, eta: 5:00:44, time: 2.110, data_time: 0.025, memory: 9359, loss_cls: 0.4877, loss_bbox: 0.7120, loss: 1.1998, grad_norm: 2.5766
2024-01-18 17:37:40,252 - mmdet - INFO - Exp name: retinanet_26e.py
2024-01-18 17:37:40,253 - mmdet - INFO - Iter [3000/11160]	lr: 1.000e-02, eta: 4:59:56, time: 2.649, data_time: 0.531, memory: 9359, loss_cls: 0.4555, loss_bbox: 0.6603, loss: 1.1157, grad_norm: 2.4252
2024-01-18 17:39:24,848 - mmdet - INFO - Iter [3050/11160]	lr: 1.000e-02, eta: 4:57:50, time: 2.092, data_time: 0.026, memory: 9359, loss_cls: 0.4919, loss_bbox: 0.7054, loss: 1.1973, grad_norm: 3.0005
2024-01-18 17:41:09,727 - mmdet - INFO - Iter [3100/11160]	lr: 1.000e-02, eta: 4:55:46, time: 2.098, data_time: 0.026, memory: 9359, loss_cls: 0.5220, loss_bbox: 0.6760, loss: 1.1980, grad_norm: 2.7824
2024-01-18 17:42:54,572 - mmdet - INFO - Iter [3150/11160]	lr: 1.000e-02, eta: 4:53:43, time: 2.097, data_time: 0.026, memory: 9359, loss_cls: 0.5040, loss_bbox: 0.6906, loss: 1.1946, grad_norm: 2.6307
2024-01-18 17:44:39,966 - mmdet - INFO - Iter [3200/11160]	lr: 1.000e-02, eta: 4:51:41, time: 2.108, data_time: 0.026, memory: 9359, loss_cls: 0.4876, loss_bbox: 0.6714, loss: 1.1590, grad_norm: 2.5115
2024-01-18 17:46:25,529 - mmdet - INFO - Iter [3250/11160]	lr: 1.000e-02, eta: 4:49:41, time: 2.111, data_time: 0.026, memory: 9359, loss_cls: 0.4828, loss_bbox: 0.6857, loss: 1.1685, grad_norm: 2.7187
2024-01-18 17:48:10,553 - mmdet - INFO - Iter [3300/11160]	lr: 1.000e-02, eta: 4:47:39, time: 2.100, data_time: 0.025, memory: 9359, loss_cls: 0.4820, loss_bbox: 0.7086, loss: 1.1905, grad_norm: 2.7440
2024-01-18 17:50:07,732 - mmdet - INFO - Iter [3350/11160]	lr: 1.000e-02, eta: 4:57:36, time: 8.254, data_time: 6.190, memory: 9359, loss_cls: 0.4573, loss_bbox: 0.7398, loss: 1.1972, grad_norm: 1.5732
2024-01-18 17:51:53,343 - mmdet - INFO - Iter [3400/11160]	lr: 1.000e-02, eta: 4:55:22, time: 2.112, data_time: 0.025, memory: 9359, loss_cls: 0.4715, loss_bbox: 0.6639, loss: 1.1354, grad_norm: 2.4111
2024-01-18 17:53:38,183 - mmdet - INFO - Iter [3450/11160]	lr: 1.000e-02, eta: 4:53:07, time: 2.097, data_time: 0.024, memory: 9359, loss_cls: 0.4758, loss_bbox: 0.6385, loss: 1.1144, grad_norm: 2.4663
2024-01-18 17:55:23,436 - mmdet - INFO - Iter [3500/11160]	lr: 1.000e-02, eta: 4:50:53, time: 2.105, data_time: 0.025, memory: 9359, loss_cls: 0.4569, loss_bbox: 0.6625, loss: 1.1194, grad_norm: 2.7246
2024-01-18 17:57:09,031 - mmdet - INFO - Iter [3550/11160]	lr: 1.000e-02, eta: 4:48:42, time: 2.112, data_time: 0.025, memory: 9359, loss_cls: 0.4843, loss_bbox: 0.6647, loss: 1.1491, grad_norm: 2.6786
2024-01-18 17:58:54,008 - mmdet - INFO - Iter [3600/11160]	lr: 1.000e-02, eta: 4:46:29, time: 2.100, data_time: 0.025, memory: 9359, loss_cls: 0.4598, loss_bbox: 0.6807, loss: 1.1405, grad_norm: 2.7343
2024-01-18 18:00:38,537 - mmdet - INFO - Iter [3650/11160]	lr: 1.000e-02, eta: 4:44:17, time: 2.091, data_time: 0.026, memory: 9359, loss_cls: 0.4566, loss_bbox: 0.6501, loss: 1.1067, grad_norm: 2.5251
2024-01-18 18:02:24,045 - mmdet - INFO - Iter [3700/11160]	lr: 1.000e-02, eta: 4:42:07, time: 2.110, data_time: 0.026, memory: 9359, loss_cls: 0.4580, loss_bbox: 0.6711, loss: 1.1290, grad_norm: 2.5251
2024-01-18 18:04:22,905 - mmdet - INFO - Iter [3750/11160]	lr: 1.000e-02, eta: 4:40:40, time: 2.541, data_time: 0.443, memory: 9359, loss_cls: 0.4420, loss_bbox: 0.6211, loss: 1.0632, grad_norm: 2.5100
2024-01-18 18:06:07,599 - mmdet - INFO - Iter [3800/11160]	lr: 1.000e-02, eta: 4:38:29, time: 2.094, data_time: 0.025, memory: 9359, loss_cls: 0.4797, loss_bbox: 0.6388, loss: 1.1185, grad_norm: 2.7942
2024-01-18 18:07:53,098 - mmdet - INFO - Iter [3850/11160]	lr: 1.000e-02, eta: 4:36:21, time: 2.110, data_time: 0.026, memory: 9359, loss_cls: 0.4417, loss_bbox: 0.6284, loss: 1.0701, grad_norm: 2.3124
2024-01-18 18:09:38,647 - mmdet - INFO - Iter [3900/11160]	lr: 1.000e-02, eta: 4:34:13, time: 2.111, data_time: 0.026, memory: 9359, loss_cls: 0.4407, loss_bbox: 0.6214, loss: 1.0621, grad_norm: 2.5467
2024-01-18 18:11:24,053 - mmdet - INFO - Iter [3950/11160]	lr: 1.000e-02, eta: 4:32:05, time: 2.108, data_time: 0.025, memory: 9359, loss_cls: 0.4817, loss_bbox: 0.6386, loss: 1.1203, grad_norm: 2.8721
2024-01-18 18:13:09,098 - mmdet - INFO - Exp name: retinanet_26e.py
2024-01-18 18:13:09,099 - mmdet - INFO - Iter [4000/11160]	lr: 1.000e-02, eta: 4:29:57, time: 2.101, data_time: 0.025, memory: 9359, loss_cls: 0.4677, loss_bbox: 0.6660, loss: 1.1337, grad_norm: 2.7605
2024-01-18 18:14:54,620 - mmdet - INFO - Iter [4050/11160]	lr: 1.000e-02, eta: 4:27:50, time: 2.110, data_time: 0.025, memory: 9359, loss_cls: 0.4652, loss_bbox: 0.6625, loss: 1.1277, grad_norm: 2.7559
2024-01-18 18:16:53,056 - mmdet - INFO - Iter [4100/11160]	lr: 1.000e-02, eta: 4:28:01, time: 3.693, data_time: 1.630, memory: 9359, loss_cls: 0.4481, loss_bbox: 0.5595, loss: 1.0076, grad_norm: 2.5517
2024-01-18 18:18:38,976 - mmdet - INFO - Iter [4150/11160]	lr: 1.000e-02, eta: 4:25:53, time: 2.118, data_time: 0.025, memory: 9359, loss_cls: 0.4252, loss_bbox: 0.6292, loss: 1.0544, grad_norm: 2.3755
2024-01-18 18:20:24,068 - mmdet - INFO - Iter [4200/11160]	lr: 1.000e-02, eta: 4:23:45, time: 2.102, data_time: 0.026, memory: 9359, loss_cls: 0.4497, loss_bbox: 0.6350, loss: 1.0848, grad_norm: 2.9309
2024-01-18 18:22:09,477 - mmdet - INFO - Iter [4250/11160]	lr: 1.000e-02, eta: 4:21:38, time: 2.108, data_time: 0.025, memory: 9359, loss_cls: 0.4355, loss_bbox: 0.6161, loss: 1.0517, grad_norm: 2.4573
2024-01-18 18:23:54,125 - mmdet - INFO - Iter [4300/11160]	lr: 1.000e-02, eta: 4:19:30, time: 2.093, data_time: 0.025, memory: 9359, loss_cls: 0.4346, loss_bbox: 0.6271, loss: 1.0617, grad_norm: 2.5011
2024-01-18 18:25:39,543 - mmdet - INFO - Iter [4350/11160]	lr: 1.000e-02, eta: 4:17:24, time: 2.108, data_time: 0.025, memory: 9359, loss_cls: 0.4357, loss_bbox: 0.6418, loss: 1.0774, grad_norm: 2.5792
2024-01-18 18:27:24,653 - mmdet - INFO - Iter [4400/11160]	lr: 1.000e-02, eta: 4:15:18, time: 2.102, data_time: 0.026, memory: 9359, loss_cls: 0.4402, loss_bbox: 0.6188, loss: 1.0590, grad_norm: 2.7472
2024-01-18 18:29:10,038 - mmdet - INFO - Iter [4450/11160]	lr: 1.000e-02, eta: 4:13:13, time: 2.108, data_time: 0.025, memory: 9359, loss_cls: 0.4345, loss_bbox: 0.6406, loss: 1.0751, grad_norm: 2.8093
2024-01-18 18:31:09,163 - mmdet - INFO - Iter [4500/11160]	lr: 1.000e-02, eta: 4:11:34, time: 2.461, data_time: 0.370, memory: 9359, loss_cls: 0.4369, loss_bbox: 0.6400, loss: 1.0769, grad_norm: 2.6563
2024-01-18 18:32:53,360 - mmdet - INFO - Iter [4550/11160]	lr: 1.000e-02, eta: 4:09:27, time: 2.084, data_time: 0.026, memory: 9359, loss_cls: 0.4418, loss_bbox: 0.6134, loss: 1.0551, grad_norm: 2.4774
2024-01-18 18:34:38,517 - mmdet - INFO - Iter [4600/11160]	lr: 1.000e-02, eta: 4:07:23, time: 2.103, data_time: 0.026, memory: 9359, loss_cls: 0.4367, loss_bbox: 0.5958, loss: 1.0325, grad_norm: 2.5790
2024-01-18 18:36:23,767 - mmdet - INFO - Iter [4650/11160]	lr: 1.000e-02, eta: 4:05:19, time: 2.105, data_time: 0.025, memory: 9359, loss_cls: 0.4443, loss_bbox: 0.6163, loss: 1.0606, grad_norm: 2.7619
2024-01-18 18:38:09,339 - mmdet - INFO - Iter [4700/11160]	lr: 1.000e-02, eta: 4:03:15, time: 2.111, data_time: 0.027, memory: 9359, loss_cls: 0.4435, loss_bbox: 0.5926, loss: 1.0361, grad_norm: 2.6241
2024-01-18 18:39:53,700 - mmdet - INFO - Iter [4750/11160]	lr: 1.000e-02, eta: 4:01:11, time: 2.087, data_time: 0.025, memory: 9359, loss_cls: 0.4172, loss_bbox: 0.6172, loss: 1.0345, grad_norm: 2.5168
2024-01-18 18:41:38,809 - mmdet - INFO - Iter [4800/11160]	lr: 1.000e-02, eta: 3:59:07, time: 2.102, data_time: 0.027, memory: 9359, loss_cls: 0.4342, loss_bbox: 0.5987, loss: 1.0329, grad_norm: 2.7873
2024-01-18 18:43:37,185 - mmdet - INFO - Iter [4850/11160]	lr: 1.000e-02, eta: 3:58:03, time: 3.002, data_time: 0.917, memory: 9359, loss_cls: 0.3948, loss_bbox: 0.5992, loss: 0.9940, grad_norm: 2.1642
2024-01-18 18:45:22,323 - mmdet - INFO - Iter [4900/11160]	lr: 1.000e-02, eta: 3:56:00, time: 2.103, data_time: 0.024, memory: 9359, loss_cls: 0.4256, loss_bbox: 0.5796, loss: 1.0053, grad_norm: 2.6153
2024-01-18 18:47:07,362 - mmdet - INFO - Iter [4950/11160]	lr: 1.000e-02, eta: 3:53:57, time: 2.101, data_time: 0.025, memory: 9359, loss_cls: 0.4299, loss_bbox: 0.6122, loss: 1.0420, grad_norm: 2.6704
2024-01-18 18:48:52,209 - mmdet - INFO - Exp name: retinanet_26e.py
2024-01-18 18:48:52,210 - mmdet - INFO - Iter [5000/11160]	lr: 1.000e-02, eta: 3:51:53, time: 2.097, data_time: 0.025, memory: 9359, loss_cls: 0.4034, loss_bbox: 0.5712, loss: 0.9746, grad_norm: 2.4046
2024-01-18 18:50:37,316 - mmdet - INFO - Iter [5050/11160]	lr: 1.000e-02, eta: 3:49:51, time: 2.102, data_time: 0.026, memory: 9359, loss_cls: 0.4078, loss_bbox: 0.5712, loss: 0.9790, grad_norm: 2.5571
2024-01-18 18:52:22,445 - mmdet - INFO - Iter [5100/11160]	lr: 1.000e-02, eta: 3:47:49, time: 2.103, data_time: 0.025, memory: 9359, loss_cls: 0.4144, loss_bbox: 0.5815, loss: 0.9959, grad_norm: 2.6808
2024-01-18 18:54:07,739 - mmdet - INFO - Iter [5150/11160]	lr: 1.000e-02, eta: 3:45:47, time: 2.106, data_time: 0.026, memory: 9359, loss_cls: 0.4283, loss_bbox: 0.6015, loss: 1.0298, grad_norm: 2.9852
2024-01-18 18:55:52,763 - mmdet - INFO - Iter [5200/11160]	lr: 1.000e-02, eta: 3:43:46, time: 2.100, data_time: 0.026, memory: 9359, loss_cls: 0.4323, loss_bbox: 0.6133, loss: 1.0456, grad_norm: 2.7480
2024-01-18 18:57:51,860 - mmdet - INFO - Iter [5250/11160]	lr: 1.000e-02, eta: 3:42:02, time: 2.413, data_time: 0.325, memory: 9359, loss_cls: 0.4015, loss_bbox: 0.5910, loss: 0.9925, grad_norm: 2.5472
2024-01-18 18:59:36,853 - mmdet - INFO - Iter [5300/11160]	lr: 1.000e-02, eta: 3:40:01, time: 2.100, data_time: 0.025, memory: 9359, loss_cls: 0.4157, loss_bbox: 0.5743, loss: 0.9901, grad_norm: 2.5827
2024-01-18 19:01:22,264 - mmdet - INFO - Iter [5350/11160]	lr: 1.000e-02, eta: 3:38:01, time: 2.108, data_time: 0.026, memory: 9359, loss_cls: 0.4151, loss_bbox: 0.5546, loss: 0.9698, grad_norm: 2.6760
2024-01-18 19:03:07,341 - mmdet - INFO - Iter [5400/11160]	lr: 1.000e-02, eta: 3:36:00, time: 2.102, data_time: 0.025, memory: 9359, loss_cls: 0.4155, loss_bbox: 0.5802, loss: 0.9957, grad_norm: 2.6818
2024-01-18 19:04:52,672 - mmdet - INFO - Iter [5450/11160]	lr: 1.000e-02, eta: 3:34:00, time: 2.107, data_time: 0.024, memory: 9359, loss_cls: 0.4287, loss_bbox: 0.5723, loss: 1.0010, grad_norm: 2.8259
2024-01-18 19:06:37,957 - mmdet - INFO - Iter [5500/11160]	lr: 1.000e-02, eta: 3:32:00, time: 2.106, data_time: 0.025, memory: 9359, loss_cls: 0.4143, loss_bbox: 0.5856, loss: 0.9999, grad_norm: 2.7200
2024-01-18 19:08:23,175 - mmdet - INFO - Iter [5550/11160]	lr: 1.000e-02, eta: 3:30:01, time: 2.104, data_time: 0.025, memory: 9359, loss_cls: 0.4002, loss_bbox: 0.5861, loss: 0.9863, grad_norm: 2.6134
2024-01-18 19:10:22,915 - mmdet - INFO - Iter [5600/11160]	lr: 1.000e-02, eta: 3:28:35, time: 2.776, data_time: 0.656, memory: 9359, loss_cls: 0.4346, loss_bbox: 0.6036, loss: 1.0382, grad_norm: 2.6139
2024-01-18 19:12:07,278 - mmdet - INFO - Iter [5650/11160]	lr: 1.000e-02, eta: 3:26:34, time: 2.087, data_time: 0.024, memory: 9359, loss_cls: 0.4083, loss_bbox: 0.5453, loss: 0.9536, grad_norm: 2.9271
2024-01-18 19:13:52,051 - mmdet - INFO - Iter [5700/11160]	lr: 1.000e-02, eta: 3:24:34, time: 2.095, data_time: 0.025, memory: 9359, loss_cls: 0.4316, loss_bbox: 0.5522, loss: 0.9838, grad_norm: 2.9041
2024-01-18 19:15:36,373 - mmdet - INFO - Iter [5750/11160]	lr: 1.000e-02, eta: 3:22:34, time: 2.086, data_time: 0.025, memory: 9359, loss_cls: 0.4555, loss_bbox: 0.6103, loss: 1.0658, grad_norm: 3.1304
2024-01-18 19:17:21,083 - mmdet - INFO - Iter [5800/11160]	lr: 1.000e-02, eta: 3:20:35, time: 2.094, data_time: 0.025, memory: 9359, loss_cls: 0.4493, loss_bbox: 0.5952, loss: 1.0444, grad_norm: 2.9125
2024-01-18 19:19:06,348 - mmdet - INFO - Iter [5850/11160]	lr: 1.000e-02, eta: 3:18:36, time: 2.105, data_time: 0.025, memory: 9359, loss_cls: 0.4010, loss_bbox: 0.5835, loss: 0.9845, grad_norm: 2.4369
2024-01-18 19:20:51,354 - mmdet - INFO - Iter [5900/11160]	lr: 1.000e-02, eta: 3:16:38, time: 2.100, data_time: 0.025, memory: 9359, loss_cls: 0.4152, loss_bbox: 0.5663, loss: 0.9816, grad_norm: 2.5483
2024-01-18 19:22:36,326 - mmdet - INFO - Iter [5950/11160]	lr: 1.000e-02, eta: 3:14:39, time: 2.099, data_time: 0.026, memory: 9359, loss_cls: 0.3948, loss_bbox: 0.5587, loss: 0.9535, grad_norm: 2.5134
2024-01-18 19:24:34,920 - mmdet - INFO - Exp name: retinanet_26e.py
2024-01-18 19:24:34,921 - mmdet - INFO - Iter [6000/11160]	lr: 1.000e-02, eta: 3:12:52, time: 2.364, data_time: 0.287, memory: 9359, loss_cls: 0.4095, loss_bbox: 0.5398, loss: 0.9492, grad_norm: 2.7306
2024-01-18 19:26:20,302 - mmdet - INFO - Iter [6050/11160]	lr: 1.000e-02, eta: 3:10:54, time: 2.108, data_time: 0.025, memory: 9359, loss_cls: 0.4047, loss_bbox: 0.5501, loss: 0.9547, grad_norm: 2.5800
2024-01-18 19:28:05,765 - mmdet - INFO - Iter [6100/11160]	lr: 1.000e-02, eta: 3:08:57, time: 2.109, data_time: 0.025, memory: 9359, loss_cls: 0.3981, loss_bbox: 0.5437, loss: 0.9418, grad_norm: 2.7602
2024-01-18 19:29:51,417 - mmdet - INFO - Iter [6150/11160]	lr: 1.000e-02, eta: 3:07:00, time: 2.113, data_time: 0.026, memory: 9359, loss_cls: 0.4024, loss_bbox: 0.6019, loss: 1.0043, grad_norm: 3.0056
2024-01-18 19:31:36,146 - mmdet - INFO - Iter [6200/11160]	lr: 1.000e-02, eta: 3:05:02, time: 2.095, data_time: 0.026, memory: 9359, loss_cls: 0.4140, loss_bbox: 0.5462, loss: 0.9602, grad_norm: 2.6539
2024-01-18 19:33:21,665 - mmdet - INFO - Iter [6250/11160]	lr: 1.000e-02, eta: 3:03:05, time: 2.110, data_time: 0.025, memory: 9359, loss_cls: 0.4064, loss_bbox: 0.5381, loss: 0.9445, grad_norm: 2.5111
2024-01-18 19:35:06,494 - mmdet - INFO - Iter [6300/11160]	lr: 1.000e-02, eta: 3:01:08, time: 2.097, data_time: 0.025, memory: 9359, loss_cls: 0.3998, loss_bbox: 0.5509, loss: 0.9506, grad_norm: 2.6153
2024-01-18 19:37:04,673 - mmdet - INFO - Iter [6350/11160]	lr: 1.000e-02, eta: 2:59:28, time: 2.559, data_time: 0.500, memory: 9359, loss_cls: 0.3879, loss_bbox: 0.5384, loss: 0.9264, grad_norm: 2.3270
2024-01-18 19:38:50,000 - mmdet - INFO - Iter [6400/11160]	lr: 1.000e-02, eta: 2:57:31, time: 2.107, data_time: 0.025, memory: 9359, loss_cls: 0.3752, loss_bbox: 0.5047, loss: 0.8799, grad_norm: 2.5846
2024-01-18 19:40:35,676 - mmdet - INFO - Iter [6450/11160]	lr: 1.000e-02, eta: 2:55:35, time: 2.114, data_time: 0.025, memory: 9359, loss_cls: 0.3872, loss_bbox: 0.5278, loss: 0.9150, grad_norm: 2.7156
2024-01-18 19:42:19,919 - mmdet - INFO - Iter [6500/11160]	lr: 1.000e-02, eta: 2:53:37, time: 2.085, data_time: 0.025, memory: 9359, loss_cls: 0.3913, loss_bbox: 0.5242, loss: 0.9155, grad_norm: 2.6164
2024-01-18 19:44:04,828 - mmdet - INFO - Iter [6550/11160]	lr: 1.000e-02, eta: 2:51:41, time: 2.098, data_time: 0.025, memory: 9359, loss_cls: 0.3912, loss_bbox: 0.5392, loss: 0.9305, grad_norm: 2.6903
2024-01-18 19:45:49,822 - mmdet - INFO - Iter [6600/11160]	lr: 1.000e-02, eta: 2:49:44, time: 2.100, data_time: 0.026, memory: 9359, loss_cls: 0.3972, loss_bbox: 0.5689, loss: 0.9661, grad_norm: 2.7875
2024-01-18 19:47:34,738 - mmdet - INFO - Iter [6650/11160]	lr: 1.000e-02, eta: 2:47:48, time: 2.098, data_time: 0.025, memory: 9359, loss_cls: 0.4025, loss_bbox: 0.5756, loss: 0.9781, grad_norm: 2.7128
2024-01-18 19:49:33,042 - mmdet - INFO - Iter [6700/11160]	lr: 1.000e-02, eta: 2:47:35, time: 5.188, data_time: 3.137, memory: 9359, loss_cls: 0.3423, loss_bbox: 0.5073, loss: 0.8496, grad_norm: 2.3141
2024-01-18 19:51:17,766 - mmdet - INFO - Iter [6750/11160]	lr: 1.000e-02, eta: 2:45:37, time: 2.094, data_time: 0.025, memory: 9359, loss_cls: 0.3698, loss_bbox: 0.5344, loss: 0.9042, grad_norm: 2.5459
2024-01-18 19:53:03,226 - mmdet - INFO - Iter [6800/11160]	lr: 1.000e-02, eta: 2:43:40, time: 2.109, data_time: 0.026, memory: 9359, loss_cls: 0.3881, loss_bbox: 0.5265, loss: 0.9146, grad_norm: 2.7448
2024-01-18 19:54:48,391 - mmdet - INFO - Iter [6850/11160]	lr: 1.000e-02, eta: 2:41:42, time: 2.103, data_time: 0.026, memory: 9359, loss_cls: 0.3762, loss_bbox: 0.5192, loss: 0.8954, grad_norm: 2.5495
2024-01-18 19:56:33,802 - mmdet - INFO - Iter [6900/11160]	lr: 1.000e-02, eta: 2:39:45, time: 2.108, data_time: 0.026, memory: 9359, loss_cls: 0.4061, loss_bbox: 0.5326, loss: 0.9388, grad_norm: 3.0999
2024-01-18 19:58:18,892 - mmdet - INFO - Iter [6950/11160]	lr: 1.000e-02, eta: 2:37:48, time: 2.102, data_time: 0.026, memory: 9359, loss_cls: 0.3928, loss_bbox: 0.5304, loss: 0.9232, grad_norm: 2.7332
2024-01-18 20:00:04,357 - mmdet - INFO - Exp name: retinanet_26e.py
2024-01-18 20:00:04,357 - mmdet - INFO - Iter [7000/11160]	lr: 1.000e-02, eta: 2:35:52, time: 2.109, data_time: 0.026, memory: 9359, loss_cls: 0.3794, loss_bbox: 0.5191, loss: 0.8985, grad_norm: 2.5529
2024-01-18 20:01:49,703 - mmdet - INFO - Iter [7050/11160]	lr: 1.000e-02, eta: 2:33:55, time: 2.107, data_time: 0.026, memory: 9359, loss_cls: 0.3791, loss_bbox: 0.5102, loss: 0.8892, grad_norm: 2.5287
2024-01-18 20:03:47,839 - mmdet - INFO - Iter [7100/11160]	lr: 1.000e-02, eta: 2:32:09, time: 2.475, data_time: 0.419, memory: 9359, loss_cls: 0.3795, loss_bbox: 0.5112, loss: 0.8907, grad_norm: 2.7866
2024-01-18 20:05:32,658 - mmdet - INFO - Iter [7150/11160]	lr: 1.000e-02, eta: 2:30:13, time: 2.096, data_time: 0.026, memory: 9359, loss_cls: 0.3560, loss_bbox: 0.5045, loss: 0.8604, grad_norm: 2.5990
2024-01-18 20:07:18,166 - mmdet - INFO - Iter [7200/11160]	lr: 1.000e-02, eta: 2:28:16, time: 2.110, data_time: 0.025, memory: 9359, loss_cls: 0.3709, loss_bbox: 0.4892, loss: 0.8600, grad_norm: 2.5905
2024-01-18 20:09:03,312 - mmdet - INFO - Iter [7250/11160]	lr: 1.000e-02, eta: 2:26:20, time: 2.103, data_time: 0.025, memory: 9359, loss_cls: 0.3609, loss_bbox: 0.5120, loss: 0.8729, grad_norm: 2.8941
2024-01-18 20:10:48,531 - mmdet - INFO - Iter [7300/11160]	lr: 1.000e-02, eta: 2:24:24, time: 2.104, data_time: 0.025, memory: 9359, loss_cls: 0.3741, loss_bbox: 0.5206, loss: 0.8947, grad_norm: 2.6955
2024-01-18 20:12:34,191 - mmdet - INFO - Iter [7350/11160]	lr: 1.000e-02, eta: 2:22:29, time: 2.113, data_time: 0.026, memory: 9359, loss_cls: 0.3695, loss_bbox: 0.5188, loss: 0.8883, grad_norm: 2.8650
2024-01-18 20:14:19,778 - mmdet - INFO - Iter [7400/11160]	lr: 1.000e-02, eta: 2:20:33, time: 2.112, data_time: 0.026, memory: 9359, loss_cls: 0.3904, loss_bbox: 0.5325, loss: 0.9229, grad_norm: 3.0294
2024-01-18 20:16:17,745 - mmdet - INFO - Iter [7450/11160]	lr: 1.000e-03, eta: 2:19:07, time: 3.306, data_time: 1.280, memory: 9359, loss_cls: 0.3756, loss_bbox: 0.4805, loss: 0.8561, grad_norm: 3.0301
2024-01-18 20:18:01,383 - mmdet - INFO - Iter [7500/11160]	lr: 1.000e-03, eta: 2:17:11, time: 2.073, data_time: 0.025, memory: 9359, loss_cls: 0.3515, loss_bbox: 0.4839, loss: 0.8353, grad_norm: 2.3000
2024-01-18 20:19:46,901 - mmdet - INFO - Iter [7550/11160]	lr: 1.000e-03, eta: 2:15:15, time: 2.110, data_time: 0.025, memory: 9359, loss_cls: 0.3391, loss_bbox: 0.4572, loss: 0.7963, grad_norm: 2.1708
2024-01-18 20:21:32,119 - mmdet - INFO - Iter [7600/11160]	lr: 1.000e-03, eta: 2:13:19, time: 2.104, data_time: 0.025, memory: 9359, loss_cls: 0.3366, loss_bbox: 0.4486, loss: 0.7852, grad_norm: 2.1368
2024-01-18 20:23:17,416 - mmdet - INFO - Iter [7650/11160]	lr: 1.000e-03, eta: 2:11:23, time: 2.106, data_time: 0.026, memory: 9359, loss_cls: 0.3268, loss_bbox: 0.4628, loss: 0.7896, grad_norm: 2.0848
2024-01-18 20:25:03,016 - mmdet - INFO - Iter [7700/11160]	lr: 1.000e-03, eta: 2:09:28, time: 2.112, data_time: 0.025, memory: 9359, loss_cls: 0.3404, loss_bbox: 0.4473, loss: 0.7876, grad_norm: 2.1861
2024-01-18 20:26:48,257 - mmdet - INFO - Iter [7750/11160]	lr: 1.000e-03, eta: 2:07:33, time: 2.105, data_time: 0.026, memory: 9359, loss_cls: 0.3384, loss_bbox: 0.4437, loss: 0.7821, grad_norm: 2.1654
2024-01-18 20:28:34,012 - mmdet - INFO - Iter [7800/11160]	lr: 1.000e-03, eta: 2:05:38, time: 2.115, data_time: 0.026, memory: 9359, loss_cls: 0.3284, loss_bbox: 0.4696, loss: 0.7980, grad_norm: 2.1925
2024-01-18 20:30:31,618 - mmdet - INFO - Iter [7850/11160]	lr: 1.000e-03, eta: 2:03:49, time: 2.404, data_time: 0.363, memory: 9359, loss_cls: 0.3439, loss_bbox: 0.4542, loss: 0.7980, grad_norm: 2.1046
2024-01-18 20:32:16,759 - mmdet - INFO - Iter [7900/11160]	lr: 1.000e-03, eta: 2:01:54, time: 2.103, data_time: 0.025, memory: 9359, loss_cls: 0.3295, loss_bbox: 0.4452, loss: 0.7747, grad_norm: 2.1396
2024-01-18 20:34:02,005 - mmdet - INFO - Iter [7950/11160]	lr: 1.000e-03, eta: 1:59:59, time: 2.105, data_time: 0.026, memory: 9359, loss_cls: 0.3230, loss_bbox: 0.4408, loss: 0.7637, grad_norm: 2.1696
2024-01-18 20:35:47,627 - mmdet - INFO - Exp name: retinanet_26e.py
2024-01-18 20:35:47,628 - mmdet - INFO - Iter [8000/11160]	lr: 1.000e-03, eta: 1:58:04, time: 2.112, data_time: 0.027, memory: 9359, loss_cls: 0.3193, loss_bbox: 0.4505, loss: 0.7698, grad_norm: 2.0792
2024-01-18 20:37:33,289 - mmdet - INFO - Iter [8050/11160]	lr: 1.000e-03, eta: 1:56:10, time: 2.113, data_time: 0.026, memory: 9359, loss_cls: 0.3245, loss_bbox: 0.4449, loss: 0.7694, grad_norm: 2.0118
2024-01-18 20:39:18,253 - mmdet - INFO - Iter [8100/11160]	lr: 1.000e-03, eta: 1:54:15, time: 2.099, data_time: 0.026, memory: 9359, loss_cls: 0.3400, loss_bbox: 0.4388, loss: 0.7789, grad_norm: 2.2823
2024-01-18 20:41:03,693 - mmdet - INFO - Iter [8150/11160]	lr: 1.000e-03, eta: 1:52:20, time: 2.109, data_time: 0.026, memory: 9359, loss_cls: 0.3259, loss_bbox: 0.4385, loss: 0.7645, grad_norm: 2.0571
2024-01-18 20:43:01,866 - mmdet - INFO - Iter [8200/11160]	lr: 1.000e-03, eta: 1:50:39, time: 2.852, data_time: 0.828, memory: 9359, loss_cls: 0.3223, loss_bbox: 0.4347, loss: 0.7570, grad_norm: 2.0450
2024-01-18 20:44:46,219 - mmdet - INFO - Iter [8250/11160]	lr: 1.000e-03, eta: 1:48:45, time: 2.087, data_time: 0.026, memory: 9359, loss_cls: 0.3250, loss_bbox: 0.4218, loss: 0.7468, grad_norm: 2.1606
2024-01-18 20:46:31,286 - mmdet - INFO - Iter [8300/11160]	lr: 1.000e-03, eta: 1:46:50, time: 2.101, data_time: 0.026, memory: 9359, loss_cls: 0.3248, loss_bbox: 0.4293, loss: 0.7541, grad_norm: 2.2429
2024-01-18 20:48:16,777 - mmdet - INFO - Iter [8350/11160]	lr: 1.000e-03, eta: 1:44:56, time: 2.110, data_time: 0.026, memory: 9359, loss_cls: 0.3257, loss_bbox: 0.4305, loss: 0.7562, grad_norm: 2.1717
2024-01-18 20:50:01,505 - mmdet - INFO - Iter [8400/11160]	lr: 1.000e-03, eta: 1:43:01, time: 2.095, data_time: 0.025, memory: 9359, loss_cls: 0.3169, loss_bbox: 0.4396, loss: 0.7565, grad_norm: 2.0235
2024-01-18 20:51:46,696 - mmdet - INFO - Iter [8450/11160]	lr: 1.000e-03, eta: 1:41:07, time: 2.104, data_time: 0.026, memory: 9359, loss_cls: 0.3218, loss_bbox: 0.4252, loss: 0.7470, grad_norm: 2.1856
2024-01-18 20:53:32,464 - mmdet - INFO - Iter [8500/11160]	lr: 1.000e-03, eta: 1:39:13, time: 2.115, data_time: 0.026, memory: 9359, loss_cls: 0.3184, loss_bbox: 0.4223, loss: 0.7407, grad_norm: 1.9970
2024-01-18 20:55:18,106 - mmdet - INFO - Iter [8550/11160]	lr: 1.000e-03, eta: 1:37:19, time: 2.113, data_time: 0.026, memory: 9359, loss_cls: 0.3209, loss_bbox: 0.4358, loss: 0.7566, grad_norm: 2.1346
2024-01-18 20:57:17,848 - mmdet - INFO - Iter [8600/11160]	lr: 1.000e-03, eta: 1:35:30, time: 2.413, data_time: 0.319, memory: 9359, loss_cls: 0.3187, loss_bbox: 0.4241, loss: 0.7428, grad_norm: 2.0610
2024-01-18 20:59:03,389 - mmdet - INFO - Iter [8650/11160]	lr: 1.000e-03, eta: 1:33:36, time: 2.111, data_time: 0.026, memory: 9359, loss_cls: 0.3098, loss_bbox: 0.4359, loss: 0.7457, grad_norm: 2.0619
2024-01-18 21:00:48,730 - mmdet - INFO - Iter [8700/11160]	lr: 1.000e-03, eta: 1:31:43, time: 2.107, data_time: 0.026, memory: 9359, loss_cls: 0.3258, loss_bbox: 0.4037, loss: 0.7295, grad_norm: 2.3712
2024-01-18 21:02:34,201 - mmdet - INFO - Iter [8750/11160]	lr: 1.000e-03, eta: 1:29:49, time: 2.109, data_time: 0.026, memory: 9359, loss_cls: 0.3204, loss_bbox: 0.4277, loss: 0.7481, grad_norm: 2.0248
2024-01-18 21:04:19,614 - mmdet - INFO - Iter [8800/11160]	lr: 1.000e-03, eta: 1:27:55, time: 2.108, data_time: 0.026, memory: 9359, loss_cls: 0.3156, loss_bbox: 0.4241, loss: 0.7397, grad_norm: 2.1727
2024-01-18 21:06:05,252 - mmdet - INFO - Iter [8850/11160]	lr: 1.000e-03, eta: 1:26:02, time: 2.113, data_time: 0.026, memory: 9359, loss_cls: 0.3184, loss_bbox: 0.4219, loss: 0.7403, grad_norm: 2.1174
2024-01-18 21:07:50,285 - mmdet - INFO - Iter [8900/11160]	lr: 1.000e-03, eta: 1:24:09, time: 2.101, data_time: 0.025, memory: 9359, loss_cls: 0.3121, loss_bbox: 0.4394, loss: 0.7515, grad_norm: 2.2746
2024-01-18 21:09:50,062 - mmdet - INFO - Iter [8950/11160]	lr: 1.000e-03, eta: 1:22:23, time: 2.709, data_time: 0.590, memory: 9359, loss_cls: 0.3109, loss_bbox: 0.4133, loss: 0.7242, grad_norm: 2.0981
2024-01-18 21:11:35,280 - mmdet - INFO - Exp name: retinanet_26e.py
2024-01-18 21:11:35,280 - mmdet - INFO - Iter [9000/11160]	lr: 1.000e-03, eta: 1:20:29, time: 2.104, data_time: 0.025, memory: 9359, loss_cls: 0.3202, loss_bbox: 0.4171, loss: 0.7373, grad_norm: 2.0613
2024-01-18 21:13:19,719 - mmdet - INFO - Iter [9050/11160]	lr: 1.000e-03, eta: 1:18:36, time: 2.089, data_time: 0.025, memory: 9359, loss_cls: 0.3046, loss_bbox: 0.4211, loss: 0.7256, grad_norm: 2.0015
2024-01-18 21:15:04,675 - mmdet - INFO - Iter [9100/11160]	lr: 1.000e-03, eta: 1:16:43, time: 2.099, data_time: 0.025, memory: 9359, loss_cls: 0.3110, loss_bbox: 0.4117, loss: 0.7227, grad_norm: 2.3091
2024-01-18 21:16:49,813 - mmdet - INFO - Iter [9150/11160]	lr: 1.000e-03, eta: 1:14:49, time: 2.103, data_time: 0.025, memory: 9359, loss_cls: 0.3199, loss_bbox: 0.4125, loss: 0.7325, grad_norm: 2.1132
2024-01-18 21:18:35,112 - mmdet - INFO - Iter [9200/11160]	lr: 1.000e-03, eta: 1:12:56, time: 2.106, data_time: 0.025, memory: 9359, loss_cls: 0.2995, loss_bbox: 0.4399, loss: 0.7394, grad_norm: 2.0452
2024-01-18 21:20:19,570 - mmdet - INFO - Iter [9250/11160]	lr: 1.000e-03, eta: 1:11:03, time: 2.089, data_time: 0.025, memory: 9359, loss_cls: 0.3185, loss_bbox: 0.4066, loss: 0.7251, grad_norm: 2.0678
2024-01-18 21:22:05,088 - mmdet - INFO - Iter [9300/11160]	lr: 1.000e-03, eta: 1:09:10, time: 2.110, data_time: 0.025, memory: 9359, loss_cls: 0.3154, loss_bbox: 0.4233, loss: 0.7387, grad_norm: 2.2575
2024-01-18 21:24:03,718 - mmdet - INFO - Iter [9350/11160]	lr: 1.000e-03, eta: 1:07:20, time: 2.354, data_time: 0.274, memory: 9359, loss_cls: 0.3052, loss_bbox: 0.4071, loss: 0.7122, grad_norm: 2.0796
2024-01-18 21:25:49,353 - mmdet - INFO - Iter [9400/11160]	lr: 1.000e-03, eta: 1:05:27, time: 2.113, data_time: 0.025, memory: 9359, loss_cls: 0.3119, loss_bbox: 0.4175, loss: 0.7294, grad_norm: 2.2482
2024-01-18 21:27:34,751 - mmdet - INFO - Iter [9450/11160]	lr: 1.000e-03, eta: 1:03:35, time: 2.108, data_time: 0.026, memory: 9359, loss_cls: 0.3214, loss_bbox: 0.4196, loss: 0.7409, grad_norm: 2.1722
2024-01-18 21:29:19,905 - mmdet - INFO - Iter [9500/11160]	lr: 1.000e-03, eta: 1:01:42, time: 2.103, data_time: 0.026, memory: 9359, loss_cls: 0.3175, loss_bbox: 0.4132, loss: 0.7307, grad_norm: 2.1207
2024-01-18 21:31:05,510 - mmdet - INFO - Iter [9550/11160]	lr: 1.000e-03, eta: 0:59:49, time: 2.112, data_time: 0.026, memory: 9359, loss_cls: 0.3157, loss_bbox: 0.4019, loss: 0.7177, grad_norm: 2.2685
2024-01-18 21:32:50,596 - mmdet - INFO - Iter [9600/11160]	lr: 1.000e-03, eta: 0:57:57, time: 2.102, data_time: 0.026, memory: 9359, loss_cls: 0.2983, loss_bbox: 0.4127, loss: 0.7110, grad_norm: 2.0997
2024-01-18 21:34:36,386 - mmdet - INFO - Iter [9650/11160]	lr: 1.000e-03, eta: 0:56:04, time: 2.116, data_time: 0.026, memory: 9359, loss_cls: 0.3138, loss_bbox: 0.4127, loss: 0.7265, grad_norm: 2.1183
2024-01-18 21:36:36,364 - mmdet - INFO - Iter [9700/11160]	lr: 1.000e-03, eta: 0:54:16, time: 2.595, data_time: 0.483, memory: 9359, loss_cls: 0.2922, loss_bbox: 0.4047, loss: 0.6969, grad_norm: 2.1108
2024-01-18 21:38:21,186 - mmdet - INFO - Iter [9750/11160]	lr: 1.000e-03, eta: 0:52:23, time: 2.096, data_time: 0.025, memory: 9359, loss_cls: 0.3117, loss_bbox: 0.4065, loss: 0.7182, grad_norm: 2.3015
2024-01-18 21:40:06,382 - mmdet - INFO - Iter [9800/11160]	lr: 1.000e-03, eta: 0:50:31, time: 2.104, data_time: 0.025, memory: 9359, loss_cls: 0.3111, loss_bbox: 0.4041, loss: 0.7151, grad_norm: 2.2457
2024-01-18 21:41:51,866 - mmdet - INFO - Iter [9850/11160]	lr: 1.000e-03, eta: 0:48:39, time: 2.110, data_time: 0.026, memory: 9359, loss_cls: 0.3082, loss_bbox: 0.4227, loss: 0.7309, grad_norm: 2.0286
2024-01-18 21:43:36,578 - mmdet - INFO - Iter [9900/11160]	lr: 1.000e-03, eta: 0:46:46, time: 2.094, data_time: 0.027, memory: 9359, loss_cls: 0.2983, loss_bbox: 0.4040, loss: 0.7022, grad_norm: 2.1976
2024-01-18 21:45:21,815 - mmdet - INFO - Iter [9950/11160]	lr: 1.000e-03, eta: 0:44:54, time: 2.105, data_time: 0.026, memory: 9359, loss_cls: 0.3032, loss_bbox: 0.4036, loss: 0.7067, grad_norm: 2.1473
2024-01-18 21:47:07,462 - mmdet - INFO - Exp name: retinanet_26e.py
2024-01-18 21:47:07,463 - mmdet - INFO - Iter [10000/11160]	lr: 1.000e-03, eta: 0:43:02, time: 2.113, data_time: 0.026, memory: 9359, loss_cls: 0.3000, loss_bbox: 0.3938, loss: 0.6938, grad_norm: 2.1307
2024-01-18 21:49:06,602 - mmdet - INFO - Iter [10050/11160]	lr: 1.000e-03, eta: 0:41:22, time: 4.188, data_time: 2.142, memory: 9359, loss_cls: 0.2862, loss_bbox: 0.4090, loss: 0.6952, grad_norm: 2.0773
2024-01-18 21:50:52,069 - mmdet - INFO - Iter [10100/11160]	lr: 1.000e-03, eta: 0:39:29, time: 2.109, data_time: 0.025, memory: 9359, loss_cls: 0.2970, loss_bbox: 0.3918, loss: 0.6888, grad_norm: 2.1494
2024-01-18 21:52:37,590 - mmdet - INFO - Iter [10150/11160]	lr: 1.000e-03, eta: 0:37:37, time: 2.110, data_time: 0.025, memory: 9359, loss_cls: 0.3125, loss_bbox: 0.3804, loss: 0.6929, grad_norm: 2.2464
2024-01-18 21:54:22,584 - mmdet - INFO - Iter [10200/11160]	lr: 1.000e-03, eta: 0:35:45, time: 2.100, data_time: 0.025, memory: 9359, loss_cls: 0.2990, loss_bbox: 0.4078, loss: 0.7068, grad_norm: 2.1312
2024-01-18 21:56:07,935 - mmdet - INFO - Iter [10250/11160]	lr: 1.000e-03, eta: 0:33:52, time: 2.107, data_time: 0.026, memory: 9359, loss_cls: 0.3028, loss_bbox: 0.4052, loss: 0.7080, grad_norm: 2.1762
2024-01-18 21:57:52,179 - mmdet - INFO - Iter [10300/11160]	lr: 1.000e-03, eta: 0:32:00, time: 2.085, data_time: 0.025, memory: 9359, loss_cls: 0.3090, loss_bbox: 0.4024, loss: 0.7114, grad_norm: 2.2104
2024-01-18 21:59:37,131 - mmdet - INFO - Iter [10350/11160]	lr: 1.000e-03, eta: 0:30:08, time: 2.099, data_time: 0.025, memory: 9359, loss_cls: 0.3127, loss_bbox: 0.3987, loss: 0.7114, grad_norm: 2.2844
2024-01-18 22:01:22,727 - mmdet - INFO - Iter [10400/11160]	lr: 1.000e-03, eta: 0:28:16, time: 2.112, data_time: 0.026, memory: 9359, loss_cls: 0.3089, loss_bbox: 0.3979, loss: 0.7068, grad_norm: 2.2161
2024-01-18 22:03:21,675 - mmdet - INFO - Iter [10450/11160]	lr: 1.000e-03, eta: 0:26:25, time: 2.474, data_time: 0.392, memory: 9359, loss_cls: 0.2985, loss_bbox: 0.3788, loss: 0.6773, grad_norm: 2.2023
2024-01-18 22:05:06,739 - mmdet - INFO - Iter [10500/11160]	lr: 1.000e-03, eta: 0:24:33, time: 2.101, data_time: 0.025, memory: 9359, loss_cls: 0.3016, loss_bbox: 0.3944, loss: 0.6960, grad_norm: 2.2328
2024-01-18 22:06:52,599 - mmdet - INFO - Iter [10550/11160]	lr: 1.000e-03, eta: 0:22:41, time: 2.117, data_time: 0.025, memory: 9359, loss_cls: 0.3035, loss_bbox: 0.3795, loss: 0.6830, grad_norm: 2.1714
2024-01-18 22:08:37,453 - mmdet - INFO - Iter [10600/11160]	lr: 1.000e-03, eta: 0:20:49, time: 2.097, data_time: 0.025, memory: 9359, loss_cls: 0.2953, loss_bbox: 0.4083, loss: 0.7036, grad_norm: 2.1719
2024-01-18 22:10:23,160 - mmdet - INFO - Iter [10650/11160]	lr: 1.000e-03, eta: 0:18:57, time: 2.114, data_time: 0.026, memory: 9359, loss_cls: 0.3086, loss_bbox: 0.4006, loss: 0.7091, grad_norm: 2.1720
2024-01-18 22:12:08,462 - mmdet - INFO - Iter [10700/11160]	lr: 1.000e-03, eta: 0:17:05, time: 2.106, data_time: 0.025, memory: 9359, loss_cls: 0.2858, loss_bbox: 0.3909, loss: 0.6767, grad_norm: 2.1776
2024-01-18 22:13:53,724 - mmdet - INFO - Iter [10750/11160]	lr: 1.000e-03, eta: 0:15:14, time: 2.105, data_time: 0.025, memory: 9359, loss_cls: 0.3085, loss_bbox: 0.3945, loss: 0.7030, grad_norm: 2.3757
2024-01-18 22:15:52,911 - mmdet - INFO - Iter [10800/11160]	lr: 1.000e-03, eta: 0:13:24, time: 3.168, data_time: 1.074, memory: 9359, loss_cls: 0.3175, loss_bbox: 0.3655, loss: 0.6830, grad_norm: 2.4742
2024-01-18 22:17:38,155 - mmdet - INFO - Iter [10850/11160]	lr: 1.000e-03, eta: 0:11:32, time: 2.105, data_time: 0.025, memory: 9359, loss_cls: 0.2981, loss_bbox: 0.3881, loss: 0.6862, grad_norm: 2.2270
2024-01-18 22:19:22,934 - mmdet - INFO - Iter [10900/11160]	lr: 1.000e-03, eta: 0:09:40, time: 2.096, data_time: 0.025, memory: 9359, loss_cls: 0.2897, loss_bbox: 0.3851, loss: 0.6748, grad_norm: 2.1073
2024-01-18 22:21:08,480 - mmdet - INFO - Iter [10950/11160]	lr: 1.000e-03, eta: 0:07:48, time: 2.111, data_time: 0.025, memory: 9359, loss_cls: 0.3011, loss_bbox: 0.3953, loss: 0.6965, grad_norm: 2.2779
2024-01-18 22:22:53,843 - mmdet - INFO - Exp name: retinanet_26e.py
2024-01-18 22:22:53,844 - mmdet - INFO - Iter [11000/11160]	lr: 1.000e-03, eta: 0:05:57, time: 2.107, data_time: 0.026, memory: 9359, loss_cls: 0.2906, loss_bbox: 0.3754, loss: 0.6659, grad_norm: 2.1470
2024-01-18 22:24:39,128 - mmdet - INFO - Iter [11050/11160]	lr: 1.000e-03, eta: 0:04:05, time: 2.106, data_time: 0.026, memory: 9359, loss_cls: 0.2976, loss_bbox: 0.3916, loss: 0.6891, grad_norm: 2.2510
2024-01-18 22:26:24,177 - mmdet - INFO - Iter [11100/11160]	lr: 1.000e-03, eta: 0:02:13, time: 2.101, data_time: 0.026, memory: 9359, loss_cls: 0.2999, loss_bbox: 0.3889, loss: 0.6889, grad_norm: 2.2954
2024-01-18 22:28:10,147 - mmdet - INFO - Iter [11150/11160]	lr: 1.000e-03, eta: 0:00:22, time: 2.119, data_time: 0.026, memory: 9359, loss_cls: 0.2922, loss_bbox: 0.4091, loss: 0.7013, grad_norm: 2.2356
2024-01-18 22:28:32,172 - mmdet - INFO - Saving checkpoint at 30 epochs
